2024-05-07 13:35:20,064 [INFO] Activator:176 - 


2024-05-07 13:35:20,073 [INFO] Activator:177 - !SESSION log4j initialized
2024-05-07 13:35:23,378 [INFO] LogOutputStream:77 - [STDOUT_REDIRECT] 
2024-05-07 13:35:26,511 [INFO] ApplicationProperties:184 - Using Application install path: C:\ST\STM32CubeIDE_1.14.1\STM32CubeIDE\plugins\com.st.stm32cube.common.mx_6.11.1.202404110753
2024-05-07 13:35:26,527 [INFO] DbMcusXml:78 - Set database path to: C:\ST\STM32CubeIDE_1.14.1\STM32CubeIDE\plugins\com.st.stm32cube.common.mx_6.11.1.202404110753\\db\/mcu/
2024-05-07 13:35:26,527 [INFO] ApiDb:274 - Set plugin database path to: C:\ST\STM32CubeIDE_1.14.1\STM32CubeIDE\plugins\com.st.stm32cube.common.mx_6.11.1.202404110753\\db\/plugins/boardmanager/
2024-05-07 13:35:26,528 [WARN] ApiDb:259 - Overriding images path with different value:  => C:\ST\STM32CubeIDE_1.14.1\STM32CubeIDE\plugins\com.st.stm32cube.common.mx_6.11.1.202404110753\\db\/plugins/mcufinder/images/
2024-05-07 13:35:26,535 [INFO] ApiDb:250 - Set database path to: C:\Users\sunil\.stmcufinder\plugins\mcufinder//mcu/
2024-05-07 13:35:26,537 [INFO] DbMcusAds:125 - Set database path to: C:\Users\sunil\.stmcufinder\plugins\mcufinder//mcu/
2024-05-07 13:35:26,539 [INFO] CrossReferenceDbSqlite:203 - Set database path to: C:\Users\sunil\.stmcufinder\plugins\mcufinder//mcu/cs/
2024-05-07 13:35:26,672 [INFO] RulesReader:64 - Compatibility file has been processed (297 Rules)
2024-05-07 13:35:26,770 [INFO] DbMcusXml:78 - Set database path to: C:\ST\STM32CubeIDE_1.14.1\STM32CubeIDE\plugins\com.st.stm32cube.common.mx_6.11.1.202404110753\\db\/mcu/
2024-05-07 13:35:26,770 [INFO] ApiDb:274 - Set plugin database path to: C:\ST\STM32CubeIDE_1.14.1\STM32CubeIDE\plugins\com.st.stm32cube.common.mx_6.11.1.202404110753\\db\/plugins/boardmanager/
2024-05-07 13:35:26,771 [INFO] ApiDb:261 - Set plugin images path to: C:\ST\STM32CubeIDE_1.14.1\STM32CubeIDE\plugins\com.st.stm32cube.common.mx_6.11.1.202404110753\\db\/plugins/mcufinder/images/
2024-05-07 13:35:26,771 [WARN] DbFile:41 - Overriding database path with different value: C:\Users\sunil\.stmcufinder\plugins\mcufinder/ => C:\Users\sunil\.stmcufinder\plugins\mcufinder
2024-05-07 13:35:26,771 [INFO] ApiDb:250 - Set database path to: C:\Users\sunil\.stmcufinder\plugins\mcufinder//mcu/
2024-05-07 13:35:26,771 [WARN] DbFile:41 - Overriding database path with different value: C:\Users\sunil\.stmcufinder\plugins\mcufinder/ => C:\Users\sunil\.stmcufinder\plugins\mcufinder
2024-05-07 13:35:26,771 [INFO] DbMcusAds:125 - Set database path to: C:\Users\sunil\.stmcufinder\plugins\mcufinder//mcu/
2024-05-07 13:35:26,772 [WARN] DbFile:41 - Overriding database path with different value: C:\Users\sunil\.stmcufinder\plugins\mcufinder/ => C:\Users\sunil\.stmcufinder\plugins\mcufinder
2024-05-07 13:35:26,772 [WARN] DbFile:41 - Overriding database path with different value: C:\Users\sunil\.stmcufinder\plugins\mcufinder/ => C:\Users\sunil\.stmcufinder\plugins\mcufinder
2024-05-07 13:35:26,772 [INFO] CrossReferenceDbSqlite:203 - Set database path to: C:\Users\sunil\.stmcufinder\plugins\mcufinder//mcu/cs/
2024-05-07 13:35:26,869 [INFO] MainPanel:264 - HeapMemory: 268435456
2024-05-07 13:35:26,958 [INFO] DbMcusXml:78 - Set database path to: C:\ST\STM32CubeIDE_1.14.1\STM32CubeIDE\plugins\com.st.stm32cube.common.mx_6.11.1.202404110753\\db\/mcu/
2024-05-07 13:35:26,959 [INFO] ApiDb:274 - Set plugin database path to: C:\ST\STM32CubeIDE_1.14.1\STM32CubeIDE\plugins\com.st.stm32cube.common.mx_6.11.1.202404110753\\db\/plugins/boardmanager/
2024-05-07 13:35:26,959 [INFO] ApiDb:261 - Set plugin images path to: C:\ST\STM32CubeIDE_1.14.1\STM32CubeIDE\plugins\com.st.stm32cube.common.mx_6.11.1.202404110753\\db\/plugins/mcufinder/images/
2024-05-07 13:35:26,959 [WARN] DbFile:41 - Overriding database path with different value: C:\Users\sunil\.stmcufinder\plugins\mcufinder/ => C:\Users\sunil\.stmcufinder\plugins\mcufinder
2024-05-07 13:35:26,959 [INFO] ApiDb:250 - Set database path to: C:\Users\sunil\.stmcufinder\plugins\mcufinder//mcu/
2024-05-07 13:35:26,959 [WARN] DbFile:41 - Overriding database path with different value: C:\Users\sunil\.stmcufinder\plugins\mcufinder/ => C:\Users\sunil\.stmcufinder\plugins\mcufinder
2024-05-07 13:35:26,959 [INFO] DbMcusAds:125 - Set database path to: C:\Users\sunil\.stmcufinder\plugins\mcufinder//mcu/
2024-05-07 13:35:26,960 [WARN] DbFile:41 - Overriding database path with different value: C:\Users\sunil\.stmcufinder\plugins\mcufinder/ => C:\Users\sunil\.stmcufinder\plugins\mcufinder
2024-05-07 13:35:26,960 [WARN] DbFile:41 - Overriding database path with different value: C:\Users\sunil\.stmcufinder\plugins\mcufinder/ => C:\Users\sunil\.stmcufinder\plugins\mcufinder
2024-05-07 13:35:26,960 [INFO] CrossReferenceDbSqlite:203 - Set database path to: C:\Users\sunil\.stmcufinder\plugins\mcufinder//mcu/cs/
2024-05-07 13:35:26,980 [INFO] ApplicationProperties:184 - Using Application install path: C:\ST\STM32CubeIDE_1.14.1\STM32CubeIDE\plugins\com.st.stm32cube.common.mx_6.11.1.202404110753
2024-05-07 13:35:26,982 [INFO] PluginManage:196 - Search for loadable plugins [exclusion list=, ]
2024-05-07 13:35:26,983 [INFO] PluginManage:310 - Check plugin analytics
2024-05-07 13:35:27,237 [INFO] AnalyticsPlugin:253 - Accepted Software Licenses: 
2024-05-07 13:35:27,237 [INFO] AnalyticsPlugin:255 - Accepted CMSIS Pack Licenses: 
2024-05-07 13:35:27,238 [INFO] AnalyticsPlugin:257 - Accepted Firmware Licenses: FW.F4.1.28.0,FW.F4.1.27.0
2024-05-07 13:35:27,243 [INFO] PluginManage:359 - Loaded plugin analytics (category:tool,tabindex:-1)
2024-05-07 13:35:27,243 [INFO] PluginManage:310 - Check plugin cadmodel
2024-05-07 13:35:27,279 [INFO] CADModel:105 - Init CAD model plugin
2024-05-07 13:35:27,279 [INFO] PluginManage:359 - Loaded plugin cadmodel (category:power,tabindex:5)
2024-05-07 13:35:27,280 [INFO] PluginManage:310 - Check plugin clock
2024-05-07 13:35:27,294 [INFO] PluginManage:359 - Loaded plugin clock (category:base,tabindex:2)
2024-05-07 13:35:27,295 [INFO] PluginManage:310 - Check plugin ddr
2024-05-07 13:35:27,298 [INFO] PluginManage:359 - Loaded plugin ddr (category:tool,tabindex:6)
2024-05-07 13:35:27,298 [INFO] PluginManage:310 - Check plugin filemanager
2024-05-07 13:35:27,469 [INFO] PluginManage:359 - Loaded plugin filemanager (category:base,tabindex:10)
2024-05-07 13:35:27,469 [INFO] PluginManage:310 - Check plugin ipmanager
2024-05-07 13:35:27,478 [INFO] PluginManage:359 - Loaded plugin ipmanager (category:base,tabindex:5)
2024-05-07 13:35:27,478 [INFO] PluginManage:310 - Check plugin lpbam
2024-05-07 13:35:27,489 [INFO] PluginManage:359 - Loaded plugin lpbam (category:base,tabindex:0)
2024-05-07 13:35:27,489 [INFO] PluginManage:310 - Check plugin memorymap
2024-05-07 13:35:27,525 [INFO] PluginManage:359 - Loaded plugin memorymap (category:base,tabindex:4)
2024-05-07 13:35:27,525 [INFO] PluginManage:310 - Check plugin pinoutandconfiguration
2024-05-07 13:35:27,534 [INFO] PluginManage:359 - Loaded plugin pinoutandconfiguration (category:base,tabindex:1)
2024-05-07 13:35:27,534 [INFO] PluginManage:310 - Check plugin pinoutconfig
2024-05-07 13:35:27,641 [WARN] SupportedApi:132 - Cannot load RTOS API schema: s4s-elt-must-match.1: The content of 'definitions' must match (annotation?, (simpleType | complexType)?, (unique | key | keyref)*)). A problem was found starting at: attribute.
2024-05-07 13:35:27,806 [INFO] PluginManage:359 - Loaded plugin pinoutconfig (category:base,tabindex:0)
2024-05-07 13:35:27,806 [INFO] PluginManage:310 - Check plugin power
2024-05-07 13:35:27,820 [INFO] PluginManage:359 - Loaded plugin power (category:power,tabindex:4)
2024-05-07 13:35:27,820 [INFO] PluginManage:310 - Check plugin projectmanager
2024-05-07 13:35:27,848 [INFO] PluginManage:359 - Loaded plugin projectmanager (category:projectmanager,tabindex:3)
2024-05-07 13:35:27,849 [INFO] PluginManage:310 - Check plugin thirdparty
2024-05-07 13:35:28,055 [INFO] PluginManage:359 - Loaded plugin thirdparty (category:base,tabindex:-1)
2024-05-07 13:35:28,055 [WARN] IntegrityCheckThread:84 - waiting for thirdparty lock release [integrity check]
2024-05-07 13:35:28,056 [INFO] PluginManage:310 - Check plugin tools
2024-05-07 13:35:28,056 [INFO] IntegrityCheckThread:86 - entering critical section [integrity check]
2024-05-07 13:35:28,057 [INFO] ThirdPartyUpdaterWithRetryManager:70 - Updater plugin not ready yet. [1/15]
2024-05-07 13:35:28,060 [INFO] PluginManage:359 - Loaded plugin tools (category:base,tabindex:7)
2024-05-07 13:35:28,060 [INFO] PluginManage:310 - Check plugin tutovideos
2024-05-07 13:35:28,232 [INFO] PluginManage:359 - Loaded plugin tutovideos (category:base,tabindex:-1)
2024-05-07 13:35:28,232 [INFO] PluginManage:310 - Check plugin updater
2024-05-07 13:35:28,244 [INFO] PluginManage:359 - Loaded plugin updater (category:base,tabindex:12)
2024-05-07 13:35:28,244 [INFO] PluginManage:310 - Check plugin userauth
2024-05-07 13:35:28,251 [INFO] UserAuth:114 - Init User Auth plugin
2024-05-07 13:35:28,251 [INFO] PluginManage:359 - Loaded plugin userauth (category:base,tabindex:14)
2024-05-07 13:35:28,252 [INFO] PluginManage:283 - PluginManage : Loaded plugins [17]
2024-05-07 13:35:28,506 [INFO] PinOutPanel:1561 - setPackage(No Configuration,No Configuration)
2024-05-07 13:35:28,609 [INFO] CADModel:165 - CPN selected for project level
2024-05-07 13:35:28,610 [INFO] CADModel:114 - Register for checkConnection events
2024-05-07 13:35:28,631 [INFO] IPUIPlugin:80 - create IPUIPlugin
2024-05-07 13:35:28,631 [INFO] PluginManager:220 - loadIPPluginJar : add adc
2024-05-07 13:35:28,634 [INFO] IPUIPlugin:80 - create IPUIPlugin
2024-05-07 13:35:28,634 [INFO] PluginManager:220 - loadIPPluginJar : add aes
2024-05-07 13:35:28,638 [INFO] IPUIPlugin:80 - create IPUIPlugin
2024-05-07 13:35:28,638 [INFO] PluginManager:220 - loadIPPluginJar : add can
2024-05-07 13:35:28,640 [INFO] IPUIPlugin:80 - create IPUIPlugin
2024-05-07 13:35:28,640 [INFO] PluginManager:220 - loadIPPluginJar : add comp
2024-05-07 13:35:28,643 [INFO] IPUIPlugin:80 - create IPUIPlugin
2024-05-07 13:35:28,643 [INFO] PluginManager:220 - loadIPPluginJar : add cryp
2024-05-07 13:35:28,646 [INFO] IPUIPlugin:80 - create IPUIPlugin
2024-05-07 13:35:28,647 [INFO] PluginManager:220 - loadIPPluginJar : add dfsdm
2024-05-07 13:35:28,654 [INFO] IPUIPlugin:80 - create IPUIPlugin
2024-05-07 13:35:28,654 [INFO] PluginManager:220 - loadIPPluginJar : add dma
2024-05-07 13:35:28,658 [INFO] IPUIPlugin:80 - create IPUIPlugin
2024-05-07 13:35:28,658 [INFO] PluginManager:220 - loadIPPluginJar : add dma3
2024-05-07 13:35:28,662 [INFO] IPUIPlugin:80 - create IPUIPlugin
2024-05-07 13:35:28,663 [INFO] PluginManager:220 - loadIPPluginJar : add extmemmanager
2024-05-07 13:35:28,665 [INFO] IPUIPlugin:80 - create IPUIPlugin
2024-05-07 13:35:28,665 [INFO] PluginManager:220 - loadIPPluginJar : add fatfs
2024-05-07 13:35:28,671 [INFO] IPUIPlugin:80 - create IPUIPlugin
2024-05-07 13:35:28,671 [INFO] PluginManager:220 - loadIPPluginJar : add fmc
2024-05-07 13:35:28,677 [INFO] IPUIPlugin:80 - create IPUIPlugin
2024-05-07 13:35:28,677 [INFO] PluginManager:220 - loadIPPluginJar : add freertos
2024-05-07 13:35:28,679 [INFO] IPUIPlugin:80 - create IPUIPlugin
2024-05-07 13:35:28,679 [INFO] PluginManager:220 - loadIPPluginJar : add genericplugin
2024-05-07 13:35:28,682 [INFO] IPUIPlugin:80 - create IPUIPlugin
2024-05-07 13:35:28,682 [INFO] PluginManager:220 - loadIPPluginJar : add gfxmmu
2024-05-07 13:35:28,688 [INFO] IPUIPlugin:80 - create IPUIPlugin
2024-05-07 13:35:28,688 [INFO] PluginManager:220 - loadIPPluginJar : add gic
2024-05-07 13:35:28,693 [INFO] IPUIPlugin:80 - create IPUIPlugin
2024-05-07 13:35:28,693 [INFO] PluginManager:220 - loadIPPluginJar : add gpio
2024-05-07 13:35:28,697 [INFO] IPUIPlugin:80 - create IPUIPlugin
2024-05-07 13:35:28,697 [INFO] PluginManager:220 - loadIPPluginJar : add gtzc
2024-05-07 13:35:28,700 [INFO] IPUIPlugin:80 - create IPUIPlugin
2024-05-07 13:35:28,700 [INFO] PluginManager:220 - loadIPPluginJar : add hash
2024-05-07 13:35:28,703 [INFO] IPUIPlugin:80 - create IPUIPlugin
2024-05-07 13:35:28,703 [INFO] PluginManager:220 - loadIPPluginJar : add i2c
2024-05-07 13:35:28,706 [INFO] IPUIPlugin:80 - create IPUIPlugin
2024-05-07 13:35:28,707 [INFO] PluginManager:220 - loadIPPluginJar : add i2s
2024-05-07 13:35:28,710 [INFO] IPUIPlugin:80 - create IPUIPlugin
2024-05-07 13:35:28,710 [INFO] PluginManager:220 - loadIPPluginJar : add i3c
2024-05-07 13:35:28,714 [INFO] IPUIPlugin:80 - create IPUIPlugin
2024-05-07 13:35:28,714 [INFO] PluginManager:220 - loadIPPluginJar : add ipddr
2024-05-07 13:35:28,722 [INFO] IPUIPlugin:80 - create IPUIPlugin
2024-05-07 13:35:28,723 [INFO] PluginManager:220 - loadIPPluginJar : add linkedlist
2024-05-07 13:35:28,726 [INFO] IPUIPlugin:80 - create IPUIPlugin
2024-05-07 13:35:28,727 [INFO] PluginManager:220 - loadIPPluginJar : add lorawan
2024-05-07 13:35:28,729 [INFO] IPUIPlugin:80 - create IPUIPlugin
2024-05-07 13:35:28,729 [INFO] PluginManager:220 - loadIPPluginJar : add ltdc
2024-05-07 13:35:28,737 [INFO] IPUIPlugin:80 - create IPUIPlugin
2024-05-07 13:35:28,738 [INFO] PluginManager:220 - loadIPPluginJar : add mdma
2024-05-07 13:35:28,742 [INFO] IPUIPlugin:80 - create IPUIPlugin
2024-05-07 13:35:28,742 [INFO] PluginManager:220 - loadIPPluginJar : add nvic
2024-05-07 13:35:28,746 [INFO] IPUIPlugin:80 - create IPUIPlugin
2024-05-07 13:35:28,746 [INFO] PluginManager:220 - loadIPPluginJar : add opamp
2024-05-07 13:35:28,750 [INFO] IPUIPlugin:80 - create IPUIPlugin
2024-05-07 13:35:28,751 [INFO] PluginManager:220 - loadIPPluginJar : add openamp
2024-05-07 13:35:28,755 [INFO] IPUIPlugin:80 - create IPUIPlugin
2024-05-07 13:35:28,755 [INFO] PluginManager:220 - loadIPPluginJar : add pdm2pcm
2024-05-07 13:35:28,763 [INFO] IPUIPlugin:80 - create IPUIPlugin
2024-05-07 13:35:28,767 [INFO] PluginManager:220 - loadIPPluginJar : add plateformsettings
2024-05-07 13:35:28,769 [INFO] IPUIPlugin:80 - create IPUIPlugin
2024-05-07 13:35:28,769 [INFO] PluginManager:220 - loadIPPluginJar : add quadspi
2024-05-07 13:35:28,774 [INFO] IPUIPlugin:80 - create IPUIPlugin
2024-05-07 13:35:28,774 [INFO] PluginManager:220 - loadIPPluginJar : add resmgrutility
2024-05-07 13:35:28,778 [INFO] IPUIPlugin:80 - create IPUIPlugin
2024-05-07 13:35:28,779 [INFO] PluginManager:220 - loadIPPluginJar : add sai
2024-05-07 13:35:28,782 [INFO] IPUIPlugin:80 - create IPUIPlugin
2024-05-07 13:35:28,782 [INFO] PluginManager:220 - loadIPPluginJar : add spi
2024-05-07 13:35:28,790 [INFO] IPUIPlugin:80 - create IPUIPlugin
2024-05-07 13:35:28,790 [INFO] PluginManager:220 - loadIPPluginJar : add stm32_wpan
2024-05-07 13:35:28,792 [INFO] IPUIPlugin:80 - create IPUIPlugin
2024-05-07 13:35:28,793 [INFO] PluginManager:220 - loadIPPluginJar : add tim
2024-05-07 13:35:28,796 [INFO] IPUIPlugin:80 - create IPUIPlugin
2024-05-07 13:35:28,797 [INFO] PluginManager:220 - loadIPPluginJar : add touchsensing
2024-05-07 13:35:28,799 [INFO] IPUIPlugin:80 - create IPUIPlugin
2024-05-07 13:35:28,799 [INFO] PluginManager:220 - loadIPPluginJar : add tracer_emb
2024-05-07 13:35:28,801 [INFO] IPUIPlugin:80 - create IPUIPlugin
2024-05-07 13:35:28,802 [INFO] PluginManager:220 - loadIPPluginJar : add ts
2024-05-07 13:35:28,804 [INFO] IPUIPlugin:80 - create IPUIPlugin
2024-05-07 13:35:28,804 [INFO] PluginManager:220 - loadIPPluginJar : add tsc
2024-05-07 13:35:28,806 [INFO] IPUIPlugin:80 - create IPUIPlugin
2024-05-07 13:35:28,807 [INFO] PluginManager:220 - loadIPPluginJar : add ucpd
2024-05-07 13:35:28,810 [INFO] IPUIPlugin:80 - create IPUIPlugin
2024-05-07 13:35:28,810 [INFO] PluginManager:220 - loadIPPluginJar : add usart
2024-05-07 13:35:28,813 [INFO] IPUIPlugin:80 - create IPUIPlugin
2024-05-07 13:35:28,813 [INFO] PluginManager:220 - loadIPPluginJar : add usbx
2024-05-07 13:35:28,964 [INFO] CADModel:165 - CPN selected for project level
2024-05-07 13:35:28,965 [INFO] CADModel:114 - Register for checkConnection events
2024-05-07 13:35:28,965 [FATAL] Updater:308 - Updater called before beeing initialized
2024-05-07 13:35:28,965 [ERROR] CADModel:125 - Updater not yet initialized, retry later 
2024-05-07 13:35:29,130 [INFO] CADModel:165 - CPN selected for project level
2024-05-07 13:35:29,130 [INFO] CADModel:114 - Register for checkConnection events
2024-05-07 13:35:29,130 [FATAL] Updater:308 - Updater called before beeing initialized
2024-05-07 13:35:29,130 [ERROR] CADModel:125 - Updater not yet initialized, retry later 
2024-05-07 13:35:29,134 [FATAL] Updater:308 - Updater called before beeing initialized
2024-05-07 13:35:29,305 [FATAL] Updater:308 - Updater called before beeing initialized
2024-05-07 13:35:29,312 [INFO] DbMcusAds:53 - JSON generation date=Thu May 02 12:37:29 GST 2024 (1714639049318)
2024-05-07 13:35:29,312 [FATAL] Updater:308 - Updater called before beeing initialized
2024-05-07 13:35:29,364 [WARN] DetailPanel:346 - Failed to get advertising image, set to default
2024-05-07 13:35:29,490 [FATAL] Updater:308 - Updater called before beeing initialized
2024-05-07 13:35:29,492 [FATAL] Updater:308 - Updater called before beeing initialized
2024-05-07 13:35:29,492 [FATAL] Updater:308 - Updater called before beeing initialized
2024-05-07 13:35:29,492 [WARN] DetailPanel:346 - Failed to get advertising image, set to default
2024-05-07 13:35:29,493 [FATAL] Updater:308 - Updater called before beeing initialized
2024-05-07 13:35:29,567 [ERROR] Updater:1120 - MainUpdater not yet initialized. External WinMGr cannot be set.
2024-05-07 13:35:29,569 [INFO] Updater:1056 - Updater Version found : 6.11.1
2024-05-07 13:35:29,588 [INFO] ApplicationProperties:184 - Using Application install path: C:\ST\STM32CubeIDE_1.14.1\STM32CubeIDE\plugins\com.st.stm32cube.common.mx_6.11.1.202404110753
2024-05-07 13:35:31,058 [INFO] ThirdPartyUpdaterWithRetryManager:70 - Updater plugin not ready yet. [2/15]
2024-05-07 13:35:31,166 [ERROR] LogOutputStream:75 - [STDERR_REDIRECT] May 07, 2024 1:35:31 PM java.util.prefs.WindowsPreferences <init>
2024-05-07 13:35:31,168 [ERROR] LogOutputStream:75 - [STDERR_REDIRECT] WARNING: Could not open/create prefs root node Software\JavaSoft\Prefs at root 0xffffffff80000002. Windows RegCreateKeyEx(...) returned error code 5.
2024-05-07 13:35:31,168 [ERROR] LogOutputStream:75 - [STDERR_REDIRECT] 
2024-05-07 13:35:32,293 [INFO] MainUpdater:2873 - connection check result : 10
2024-05-07 13:35:32,294 [INFO] MainUpdater:290 - Updater Check For Update Now.
2024-05-07 13:35:32,294 [INFO] MicroXplorer:498 - Change Database Version : DB.6.0.111
2024-05-07 13:35:32,302 [INFO] McuFinderGlobals:63 - Set McuFinder mode to 2 (CubeIDE integrated)
2024-05-07 13:35:32,312 [INFO] UserAuth:415 - Internet connection configuration mode: 1
2024-05-07 13:35:32,336 [INFO] JxBrowserEngine:152 - Initiate JxBrowser Engine with user profile folder
2024-05-07 13:35:32,518 [INFO] CheckServerUpdateThread:120 - End of CheckServer Thread
2024-05-07 13:35:33,225 [INFO] WebApp:161 - Instantiating new browser for Auth
2024-05-07 13:35:33,948 [INFO] WebApp:779 - Register for checkConnection events
2024-05-07 13:35:33,949 [INFO] WebApp:414 - Apply proxy settings
2024-05-07 13:35:33,949 [INFO] WebApp:499 - Chromium requires no authentication
2024-05-07 13:35:33,958 [INFO] WebApp:442 - Direct internet connection detected
2024-05-07 13:35:34,195 [INFO] WebApp:192 - Starting web application
2024-05-07 13:35:34,195 [INFO] WebApp:544 - Web application path used C:\ST\STM32CubeIDE_1.14.1\STM32CubeIDE\plugins\com.st.stm32cube.common.mx_6.11.1.202404110753\db\plugins\mcufinder\reactClient1\index.html
2024-05-07 13:35:34,401 [WARN] PackLoader:240 - Cannot read IP mode file for STMicroelectronics.FP-SNS-MOTENVWB1.1.4.0
2024-05-07 13:35:34,427 [WARN] PackLoader:240 - Cannot read IP mode file for STMicroelectronics.X-CUBE-SMBUS.2.1.0
2024-05-07 13:35:34,436 [WARN] PackLoader:240 - Cannot read IP mode file for STMicroelectronics.X-CUBE-TOUCHGFX.4.23.1
2024-05-07 13:35:34,441 [WARN] PackLoader:240 - Cannot read IP mode file for STMicroelectronics.X-CUBE-TOUCHGFX.4.23.0
2024-05-07 13:35:34,447 [WARN] PackLoader:240 - Cannot read IP mode file for STMicroelectronics.X-CUBE-TOUCHGFX.4.23.2
2024-05-07 13:35:34,511 [WARN] PackLoader:240 - Cannot read IP mode file for STMicroelectronics.X-CUBE-AZRTOS-F7.1.1.0
2024-05-07 13:35:34,528 [WARN] PackLoader:240 - Cannot read IP mode file for STMicroelectronics.FP-SNS-MOTENV1.4.3.2
2024-05-07 13:35:34,540 [WARN] PackLoader:240 - Cannot read IP mode file for STMicroelectronics.FP-SNS-FLIGHT1.5.0.2
2024-05-07 13:35:34,555 [WARN] PackLoader:240 - Cannot read IP mode file for STMicroelectronics.X-CUBE-DISPLAY.3.0.0
2024-05-07 13:35:34,574 [WARN] PackLoader:240 - Cannot read IP mode file for STMicroelectronics.X-CUBE-BLE1.7.0.0
2024-05-07 13:35:34,586 [WARN] PackLoader:240 - Cannot read IP mode file for emotas.I-CUBE-CANOPEN.1.3.0
2024-05-07 13:35:34,616 [WARN] PackLoader:240 - Cannot read IP mode file for STMicroelectronics.X-CUBE-BLEMGR.3.1.0
2024-05-07 13:35:34,632 [WARN] PackLoader:240 - Cannot read IP mode file for STMicroelectronics.FP-SNS-SMARTAG2.1.2.0
2024-05-07 13:35:34,653 [INFO] LogOutputStream:77 - [STDOUT_REDIRECT] 1 : Invalid condition id : UX_CORESTACK_Condition cause : null
2024-05-07 13:35:34,654 [INFO] LogOutputStream:77 - [STDOUT_REDIRECT] 1 : Invalid condition id : UX_CORESTACK_Condition cause : null
2024-05-07 13:35:34,656 [INFO] LogOutputStream:77 - [STDOUT_REDIRECT] 1 : Invalid condition id : UX_CORESTACK_Condition cause : null
2024-05-07 13:35:34,657 [INFO] LogOutputStream:77 - [STDOUT_REDIRECT] 1 : Invalid condition id : UX_CORESTACK_Condition cause : null
2024-05-07 13:35:34,659 [INFO] LogOutputStream:77 - [STDOUT_REDIRECT] 1 : Invalid condition id : UX_CORESTACK_Condition cause : null
2024-05-07 13:35:34,670 [WARN] PackLoader:240 - Cannot read IP mode file for STMicroelectronics.X-CUBE-AZRTOS-WL.2.0.0
2024-05-07 13:35:34,679 [WARN] PackLoader:240 - Cannot read IP mode file for STMicroelectronics.FP-SNS-MOTENV1.5.0.0
2024-05-07 13:35:34,698 [WARN] PackLoader:240 - Cannot read IP mode file for WES.I-CUBE-Cesium.1.3.0
2024-05-07 13:35:34,708 [WARN] PackLoader:240 - Cannot read IP mode file for STMicroelectronics.X-CUBE-BLE2.3.3.0
2024-05-07 13:35:34,719 [WARN] PackLoader:240 - Cannot read IP mode file for STMicroelectronics.X-CUBE-TCPP.4.1.0
2024-05-07 13:35:34,735 [WARN] PackLoader:240 - Cannot read IP mode file for STMicroelectronics.X-CUBE-ALGOBUILD.1.3.0
2024-05-07 13:35:34,763 [WARN] PackLoader:240 - Cannot read IP mode file for STMicroelectronics.X-CUBE-AZRTOS-G0.1.1.0
2024-05-07 13:35:34,776 [WARN] PackLoader:240 - Cannot read IP mode file for STMicroelectronics.X-CUBE-SAFEA1.1.2.2
2024-05-07 13:35:34,785 [WARN] PackLoader:240 - Cannot read IP mode file for STMicroelectronics.X-CUBE-NFC4.3.0.0
2024-05-07 13:35:34,796 [WARN] PackLoader:240 - Cannot read IP mode file for STMicroelectronics.X-CUBE-BLEMGR.3.0.0
2024-05-07 13:35:34,808 [WARN] PackLoader:240 - Cannot read IP mode file for STMicroelectronics.FP-ATR-SIGFOX1.3.2.0
2024-05-07 13:35:34,819 [WARN] PackLoader:240 - Cannot read IP mode file for STMicroelectronics.X-CUBE-EEPRMA1.5.1.0
2024-05-07 13:35:34,880 [WARN] PackLoader:240 - Cannot read IP mode file for SEGGER.I-CUBE-embOS.1.3.1
2024-05-07 13:35:35,006 [WARN] PackLoader:240 - Cannot read IP mode file for STMicroelectronics.X-CUBE-GNSS1.6.0.0
2024-05-07 13:35:35,042 [WARN] PackLoader:240 - Cannot read IP mode file for STMicroelectronics.X-CUBE-AZRTOS-F4.1.1.0
2024-05-07 13:35:35,059 [WARN] PackLoader:240 - Cannot read IP mode file for STMicroelectronics.X-CUBE-FREERTOS.1.2.0
2024-05-07 13:35:35,092 [WARN] PackLoader:240 - Cannot read IP mode file for wolfSSL.I-CUBE-wolfSSL.5.6.6
2024-05-07 13:35:35,124 [WARN] PackLoader:240 - Cannot read IP mode file for STMicroelectronics.X-CUBE-AZRTOS-L5.2.0.0
2024-05-07 13:35:35,138 [WARN] PackLoader:240 - Cannot read IP mode file for STMicroelectronics.X-CUBE-NFC6.3.1.0
2024-05-07 13:35:35,152 [WARN] PackLoader:240 - Cannot read IP mode file for ITTIA_DB.I-CUBE-ITTIADB.8.8.0
2024-05-07 13:35:35,158 [WARN] PackLoader:240 - Cannot read IP mode file for STMicroelectronics.X-CUBE-AI.9.0.0
2024-05-07 13:35:35,166 [WARN] PackLoader:240 - Cannot read IP mode file for STMicroelectronics.X-CUBE-NFC7.1.0.1
2024-05-07 13:35:35,178 [WARN] PackLoader:240 - Cannot read IP mode file for STMicroelectronics.X-CUBE-NFC6.3.0.0
2024-05-07 13:35:35,186 [WARN] PackLoader:240 - Cannot read IP mode file for STMicroelectronics.X-CUBE-AI.8.1.0
2024-05-07 13:35:35,208 [WARN] ConditionMgr:438 - getConditionDescription Invalid condition id : LAN8742 Phy interface Condition cause : null
2024-05-07 13:35:35,210 [WARN] PackLoader:240 - Cannot read IP mode file for STMicroelectronics.X-CUBE-AZRTOS-L4.2.0.0
2024-05-07 13:35:35,212 [WARN] ConditionMgr:1039 - genDependencies : Invalid condition id : LAN8742 Phy interface Condition cause : null
2024-05-07 13:35:35,213 [WARN] ConditionMgr:1039 - genDependencies : Invalid condition id : LAN8742 Phy interface Condition cause : null
2024-05-07 13:35:35,215 [WARN] ConditionMgr:1039 - genDependencies : Invalid condition id : LAN8742 Phy interface Condition cause : null
2024-05-07 13:35:35,226 [WARN] PackLoader:240 - Cannot read IP mode file for STMicroelectronics.X-CUBE-SFXS2LP1.4.0.0
2024-05-07 13:35:35,249 [WARN] ConditionMgr:438 - getConditionDescription Invalid condition id : UX DEVICE CLASS RTOS Condition cause : null
2024-05-07 13:35:35,249 [WARN] ConditionMgr:438 - getConditionDescription Invalid condition id : UX DEVICE CLASS RTOS Condition cause : null
2024-05-07 13:35:35,253 [WARN] PackLoader:240 - Cannot read IP mode file for STMicroelectronics.X-CUBE-AZRTOS-WB.2.0.0
2024-05-07 13:35:35,254 [WARN] ConditionMgr:1039 - genDependencies : Invalid condition id : UX DEVICE CLASS RTOS Condition cause : null
2024-05-07 13:35:35,255 [WARN] ConditionMgr:1039 - genDependencies : Invalid condition id : UX DEVICE CLASS RTOS Condition cause : null
2024-05-07 13:35:35,255 [WARN] ConditionMgr:1039 - genDependencies : Invalid condition id : UX DEVICE CLASS RTOS Condition cause : null
2024-05-07 13:35:35,256 [WARN] ConditionMgr:1039 - genDependencies : Invalid condition id : UX DEVICE CLASS RTOS Condition cause : null
2024-05-07 13:35:35,256 [WARN] ConditionMgr:1039 - genDependencies : Invalid condition id : UX DEVICE CLASS RTOS Condition cause : null
2024-05-07 13:35:35,272 [WARN] PackLoader:240 - Cannot read IP mode file for STMicroelectronics.X-CUBE-SUBG2.5.0.0
2024-05-07 13:35:35,304 [WARN] PackLoader:240 - Cannot read IP mode file for STMicroelectronics.X-CUBE-AZRTOS-G4.2.0.0
2024-05-07 13:35:35,333 [WARN] PackLoader:240 - Cannot read IP mode file for Infineon.AIROC-Wi-Fi-Bluetooth-STM32.1.5.1
2024-05-07 13:35:35,344 [WARN] PackLoader:240 - Cannot read IP mode file for STMicroelectronics.FP-SNS-MOTENVWB1.1.3.1
2024-05-07 13:35:35,350 [WARN] PackLoader:240 - Cannot read IP mode file for STMicroelectronics.X-CUBE-ISPU.2.0.0
2024-05-07 13:35:35,401 [WARN] PackLoader:240 - Cannot read IP mode file for STMicroelectronics.X-CUBE-MEMS1.10.0.0
2024-05-07 13:35:35,626 [WARN] PackLoader:240 - Cannot read IP mode file for STMicroelectronics.X-CUBE-FREERTOS.1.1.0
2024-05-07 13:35:35,636 [WARN] PackLoader:240 - Cannot read IP mode file for portGmbH.I-Cube-SoM-uGOAL.1.1.0
2024-05-07 13:35:35,644 [WARN] PackLoader:240 - Cannot read IP mode file for STMicroelectronics.X-CUBE-ALS.1.0.1
2024-05-07 13:35:35,671 [WARN] PackLoader:240 - Cannot read IP mode file for STMicroelectronics.X-CUBE-AZRTOS-H7RS.1.0.0
2024-05-07 13:35:35,680 [WARN] PackLoader:240 - Cannot read IP mode file for STMicroelectronics.FP-ATR-ASTRA1.2.0.0
2024-05-07 13:35:35,702 [WARN] PackLoader:240 - Cannot read IP mode file for STMicroelectronics.X-CUBE-TOF1.3.4.0
2024-05-07 13:35:35,732 [WARN] PackLoader:240 - Cannot read IP mode file for STMicroelectronics.X-CUBE-TOF1.3.4.1
2024-05-07 13:35:35,770 [WARN] PackLoader:240 - Cannot read IP mode file for STMicroelectronics.X-CUBE-AZRTOS-H7.3.2.0
2024-05-07 13:35:35,774 [INFO] ThirdParty:978 - Integrity check success = true
2024-05-07 13:35:35,774 [INFO] IntegrityCheckThread:100 - exiting critical section [integrity check]
2024-05-07 13:35:35,774 [INFO] IntegrityCheckThread:103 - End integrity checks thread
2024-05-07 17:02:44,910 [INFO] Activator:176 - 


2024-05-07 17:02:44,913 [INFO] Activator:177 - !SESSION log4j initialized
2024-05-07 17:02:51,546 [INFO] LogOutputStream:77 - [STDOUT_REDIRECT] 
