2024-05-06 12:22:37,734 [INFO] Activator:176 - 


2024-05-06 12:22:37,745 [INFO] Activator:177 - !SESSION log4j initialized
2024-05-06 12:22:40,854 [INFO] LogOutputStream:77 - [STDOUT_REDIRECT] 
2024-05-06 12:22:44,028 [INFO] ApplicationProperties:184 - Using Application install path: C:\ST\STM32CubeIDE_1.14.1\STM32CubeIDE\plugins\com.st.stm32cube.common.mx_6.11.1.202404110753
2024-05-06 12:22:44,055 [INFO] DbMcusXml:78 - Set database path to: C:\ST\STM32CubeIDE_1.14.1\STM32CubeIDE\plugins\com.st.stm32cube.common.mx_6.11.1.202404110753\\db\/mcu/
2024-05-06 12:22:44,055 [INFO] ApiDb:274 - Set plugin database path to: C:\ST\STM32CubeIDE_1.14.1\STM32CubeIDE\plugins\com.st.stm32cube.common.mx_6.11.1.202404110753\\db\/plugins/boardmanager/
2024-05-06 12:22:44,056 [WARN] ApiDb:259 - Overriding images path with different value:  => C:\ST\STM32CubeIDE_1.14.1\STM32CubeIDE\plugins\com.st.stm32cube.common.mx_6.11.1.202404110753\\db\/plugins/mcufinder/images/
2024-05-06 12:22:44,064 [INFO] ApiDb:250 - Set database path to: C:\Users\sunil\.stmcufinder\plugins\mcufinder//mcu/
2024-05-06 12:22:44,065 [INFO] DbMcusAds:125 - Set database path to: C:\Users\sunil\.stmcufinder\plugins\mcufinder//mcu/
2024-05-06 12:22:44,069 [INFO] CrossReferenceDbSqlite:203 - Set database path to: C:\Users\sunil\.stmcufinder\plugins\mcufinder//mcu/cs/
2024-05-06 12:22:44,219 [INFO] RulesReader:64 - Compatibility file has been processed (297 Rules)
2024-05-06 12:22:44,344 [INFO] DbMcusXml:78 - Set database path to: C:\ST\STM32CubeIDE_1.14.1\STM32CubeIDE\plugins\com.st.stm32cube.common.mx_6.11.1.202404110753\\db\/mcu/
2024-05-06 12:22:44,345 [INFO] ApiDb:274 - Set plugin database path to: C:\ST\STM32CubeIDE_1.14.1\STM32CubeIDE\plugins\com.st.stm32cube.common.mx_6.11.1.202404110753\\db\/plugins/boardmanager/
2024-05-06 12:22:44,345 [INFO] ApiDb:261 - Set plugin images path to: C:\ST\STM32CubeIDE_1.14.1\STM32CubeIDE\plugins\com.st.stm32cube.common.mx_6.11.1.202404110753\\db\/plugins/mcufinder/images/
2024-05-06 12:22:44,345 [WARN] DbFile:41 - Overriding database path with different value: C:\Users\sunil\.stmcufinder\plugins\mcufinder/ => C:\Users\sunil\.stmcufinder\plugins\mcufinder
2024-05-06 12:22:44,346 [INFO] ApiDb:250 - Set database path to: C:\Users\sunil\.stmcufinder\plugins\mcufinder//mcu/
2024-05-06 12:22:44,346 [WARN] DbFile:41 - Overriding database path with different value: C:\Users\sunil\.stmcufinder\plugins\mcufinder/ => C:\Users\sunil\.stmcufinder\plugins\mcufinder
2024-05-06 12:22:44,346 [INFO] DbMcusAds:125 - Set database path to: C:\Users\sunil\.stmcufinder\plugins\mcufinder//mcu/
2024-05-06 12:22:44,346 [WARN] DbFile:41 - Overriding database path with different value: C:\Users\sunil\.stmcufinder\plugins\mcufinder/ => C:\Users\sunil\.stmcufinder\plugins\mcufinder
2024-05-06 12:22:44,347 [WARN] DbFile:41 - Overriding database path with different value: C:\Users\sunil\.stmcufinder\plugins\mcufinder/ => C:\Users\sunil\.stmcufinder\plugins\mcufinder
2024-05-06 12:22:44,347 [INFO] CrossReferenceDbSqlite:203 - Set database path to: C:\Users\sunil\.stmcufinder\plugins\mcufinder//mcu/cs/
2024-05-06 12:22:44,456 [INFO] MainPanel:264 - HeapMemory: 268435456
2024-05-06 12:22:44,550 [INFO] DbMcusXml:78 - Set database path to: C:\ST\STM32CubeIDE_1.14.1\STM32CubeIDE\plugins\com.st.stm32cube.common.mx_6.11.1.202404110753\\db\/mcu/
2024-05-06 12:22:44,550 [INFO] ApiDb:274 - Set plugin database path to: C:\ST\STM32CubeIDE_1.14.1\STM32CubeIDE\plugins\com.st.stm32cube.common.mx_6.11.1.202404110753\\db\/plugins/boardmanager/
2024-05-06 12:22:44,551 [INFO] ApiDb:261 - Set plugin images path to: C:\ST\STM32CubeIDE_1.14.1\STM32CubeIDE\plugins\com.st.stm32cube.common.mx_6.11.1.202404110753\\db\/plugins/mcufinder/images/
2024-05-06 12:22:44,551 [WARN] DbFile:41 - Overriding database path with different value: C:\Users\sunil\.stmcufinder\plugins\mcufinder/ => C:\Users\sunil\.stmcufinder\plugins\mcufinder
2024-05-06 12:22:44,551 [INFO] ApiDb:250 - Set database path to: C:\Users\sunil\.stmcufinder\plugins\mcufinder//mcu/
2024-05-06 12:22:44,551 [WARN] DbFile:41 - Overriding database path with different value: C:\Users\sunil\.stmcufinder\plugins\mcufinder/ => C:\Users\sunil\.stmcufinder\plugins\mcufinder
2024-05-06 12:22:44,551 [INFO] DbMcusAds:125 - Set database path to: C:\Users\sunil\.stmcufinder\plugins\mcufinder//mcu/
2024-05-06 12:22:44,551 [WARN] DbFile:41 - Overriding database path with different value: C:\Users\sunil\.stmcufinder\plugins\mcufinder/ => C:\Users\sunil\.stmcufinder\plugins\mcufinder
2024-05-06 12:22:44,551 [WARN] DbFile:41 - Overriding database path with different value: C:\Users\sunil\.stmcufinder\plugins\mcufinder/ => C:\Users\sunil\.stmcufinder\plugins\mcufinder
2024-05-06 12:22:44,552 [INFO] CrossReferenceDbSqlite:203 - Set database path to: C:\Users\sunil\.stmcufinder\plugins\mcufinder//mcu/cs/
2024-05-06 12:22:44,572 [INFO] ApplicationProperties:184 - Using Application install path: C:\ST\STM32CubeIDE_1.14.1\STM32CubeIDE\plugins\com.st.stm32cube.common.mx_6.11.1.202404110753
2024-05-06 12:22:44,574 [INFO] PluginManage:196 - Search for loadable plugins [exclusion list=, ]
2024-05-06 12:22:44,576 [INFO] PluginManage:310 - Check plugin analytics
2024-05-06 12:22:44,809 [INFO] AnalyticsPlugin:253 - Accepted Software Licenses: 
2024-05-06 12:22:44,810 [INFO] AnalyticsPlugin:255 - Accepted CMSIS Pack Licenses: 
2024-05-06 12:22:44,810 [INFO] AnalyticsPlugin:257 - Accepted Firmware Licenses: FW.F4.1.28.0,FW.F4.1.27.0
2024-05-06 12:22:44,814 [INFO] PluginManage:359 - Loaded plugin analytics (category:tool,tabindex:-1)
2024-05-06 12:22:44,815 [INFO] PluginManage:310 - Check plugin cadmodel
2024-05-06 12:22:44,849 [INFO] CADModel:105 - Init CAD model plugin
2024-05-06 12:22:44,849 [INFO] PluginManage:359 - Loaded plugin cadmodel (category:power,tabindex:5)
2024-05-06 12:22:44,850 [INFO] PluginManage:310 - Check plugin clock
2024-05-06 12:22:44,860 [INFO] PluginManage:359 - Loaded plugin clock (category:base,tabindex:2)
2024-05-06 12:22:44,860 [INFO] PluginManage:310 - Check plugin ddr
2024-05-06 12:22:44,863 [INFO] PluginManage:359 - Loaded plugin ddr (category:tool,tabindex:6)
2024-05-06 12:22:44,863 [INFO] PluginManage:310 - Check plugin filemanager
2024-05-06 12:22:45,025 [INFO] PluginManage:359 - Loaded plugin filemanager (category:base,tabindex:10)
2024-05-06 12:22:45,025 [INFO] PluginManage:310 - Check plugin ipmanager
2024-05-06 12:22:45,034 [INFO] PluginManage:359 - Loaded plugin ipmanager (category:base,tabindex:5)
2024-05-06 12:22:45,034 [INFO] PluginManage:310 - Check plugin lpbam
2024-05-06 12:22:45,046 [INFO] PluginManage:359 - Loaded plugin lpbam (category:base,tabindex:0)
2024-05-06 12:22:45,047 [INFO] PluginManage:310 - Check plugin memorymap
2024-05-06 12:22:45,069 [INFO] PluginManage:359 - Loaded plugin memorymap (category:base,tabindex:4)
2024-05-06 12:22:45,069 [INFO] PluginManage:310 - Check plugin pinoutandconfiguration
2024-05-06 12:22:45,083 [INFO] PluginManage:359 - Loaded plugin pinoutandconfiguration (category:base,tabindex:1)
2024-05-06 12:22:45,084 [INFO] PluginManage:310 - Check plugin pinoutconfig
2024-05-06 12:22:45,221 [WARN] SupportedApi:132 - Cannot load RTOS API schema: s4s-elt-must-match.1: The content of 'definitions' must match (annotation?, (simpleType | complexType)?, (unique | key | keyref)*)). A problem was found starting at: attribute.
2024-05-06 12:22:45,437 [INFO] PluginManage:359 - Loaded plugin pinoutconfig (category:base,tabindex:0)
2024-05-06 12:22:45,437 [INFO] PluginManage:310 - Check plugin power
2024-05-06 12:22:45,450 [INFO] PluginManage:359 - Loaded plugin power (category:power,tabindex:4)
2024-05-06 12:22:45,450 [INFO] PluginManage:310 - Check plugin projectmanager
2024-05-06 12:22:45,476 [INFO] PluginManage:359 - Loaded plugin projectmanager (category:projectmanager,tabindex:3)
2024-05-06 12:22:45,476 [INFO] PluginManage:310 - Check plugin thirdparty
2024-05-06 12:22:45,644 [INFO] PluginManage:359 - Loaded plugin thirdparty (category:base,tabindex:-1)
2024-05-06 12:22:45,644 [WARN] IntegrityCheckThread:84 - waiting for thirdparty lock release [integrity check]
2024-05-06 12:22:45,645 [INFO] IntegrityCheckThread:86 - entering critical section [integrity check]
2024-05-06 12:22:45,645 [INFO] PluginManage:310 - Check plugin tools
2024-05-06 12:22:45,646 [INFO] ThirdPartyUpdaterWithRetryManager:70 - Updater plugin not ready yet. [1/15]
2024-05-06 12:22:45,650 [INFO] PluginManage:359 - Loaded plugin tools (category:base,tabindex:7)
2024-05-06 12:22:45,650 [INFO] PluginManage:310 - Check plugin tutovideos
2024-05-06 12:22:45,852 [INFO] PluginManage:359 - Loaded plugin tutovideos (category:base,tabindex:-1)
2024-05-06 12:22:45,852 [INFO] PluginManage:310 - Check plugin updater
2024-05-06 12:22:45,864 [INFO] PluginManage:359 - Loaded plugin updater (category:base,tabindex:12)
2024-05-06 12:22:45,864 [INFO] PluginManage:310 - Check plugin userauth
2024-05-06 12:22:45,869 [INFO] UserAuth:114 - Init User Auth plugin
2024-05-06 12:22:45,870 [INFO] PluginManage:359 - Loaded plugin userauth (category:base,tabindex:14)
2024-05-06 12:22:45,870 [INFO] PluginManage:283 - PluginManage : Loaded plugins [17]
2024-05-06 12:22:46,172 [INFO] PinOutPanel:1561 - setPackage(No Configuration,No Configuration)
2024-05-06 12:22:46,292 [INFO] CADModel:165 - CPN selected for project level
2024-05-06 12:22:46,292 [INFO] CADModel:114 - Register for checkConnection events
2024-05-06 12:22:46,317 [INFO] IPUIPlugin:80 - create IPUIPlugin
2024-05-06 12:22:46,317 [INFO] PluginManager:220 - loadIPPluginJar : add adc
2024-05-06 12:22:46,321 [INFO] IPUIPlugin:80 - create IPUIPlugin
2024-05-06 12:22:46,322 [INFO] PluginManager:220 - loadIPPluginJar : add aes
2024-05-06 12:22:46,326 [INFO] IPUIPlugin:80 - create IPUIPlugin
2024-05-06 12:22:46,327 [INFO] PluginManager:220 - loadIPPluginJar : add can
2024-05-06 12:22:46,329 [INFO] IPUIPlugin:80 - create IPUIPlugin
2024-05-06 12:22:46,329 [INFO] PluginManager:220 - loadIPPluginJar : add comp
2024-05-06 12:22:46,333 [INFO] IPUIPlugin:80 - create IPUIPlugin
2024-05-06 12:22:46,334 [INFO] PluginManager:220 - loadIPPluginJar : add cryp
2024-05-06 12:22:46,337 [INFO] IPUIPlugin:80 - create IPUIPlugin
2024-05-06 12:22:46,337 [INFO] PluginManager:220 - loadIPPluginJar : add dfsdm
2024-05-06 12:22:46,345 [INFO] IPUIPlugin:80 - create IPUIPlugin
2024-05-06 12:22:46,345 [INFO] PluginManager:220 - loadIPPluginJar : add dma
2024-05-06 12:22:46,349 [INFO] IPUIPlugin:80 - create IPUIPlugin
2024-05-06 12:22:46,349 [INFO] PluginManager:220 - loadIPPluginJar : add dma3
2024-05-06 12:22:46,353 [INFO] IPUIPlugin:80 - create IPUIPlugin
2024-05-06 12:22:46,353 [INFO] PluginManager:220 - loadIPPluginJar : add extmemmanager
2024-05-06 12:22:46,355 [INFO] IPUIPlugin:80 - create IPUIPlugin
2024-05-06 12:22:46,355 [INFO] PluginManager:220 - loadIPPluginJar : add fatfs
2024-05-06 12:22:46,361 [INFO] IPUIPlugin:80 - create IPUIPlugin
2024-05-06 12:22:46,362 [INFO] PluginManager:220 - loadIPPluginJar : add fmc
2024-05-06 12:22:46,368 [INFO] IPUIPlugin:80 - create IPUIPlugin
2024-05-06 12:22:46,368 [INFO] PluginManager:220 - loadIPPluginJar : add freertos
2024-05-06 12:22:46,370 [INFO] IPUIPlugin:80 - create IPUIPlugin
2024-05-06 12:22:46,370 [INFO] PluginManager:220 - loadIPPluginJar : add genericplugin
2024-05-06 12:22:46,373 [INFO] IPUIPlugin:80 - create IPUIPlugin
2024-05-06 12:22:46,373 [INFO] PluginManager:220 - loadIPPluginJar : add gfxmmu
2024-05-06 12:22:46,378 [INFO] IPUIPlugin:80 - create IPUIPlugin
2024-05-06 12:22:46,379 [INFO] PluginManager:220 - loadIPPluginJar : add gic
2024-05-06 12:22:46,383 [INFO] IPUIPlugin:80 - create IPUIPlugin
2024-05-06 12:22:46,384 [INFO] PluginManager:220 - loadIPPluginJar : add gpio
2024-05-06 12:22:46,387 [INFO] IPUIPlugin:80 - create IPUIPlugin
2024-05-06 12:22:46,387 [INFO] PluginManager:220 - loadIPPluginJar : add gtzc
2024-05-06 12:22:46,390 [INFO] IPUIPlugin:80 - create IPUIPlugin
2024-05-06 12:22:46,390 [INFO] PluginManager:220 - loadIPPluginJar : add hash
2024-05-06 12:22:46,393 [INFO] IPUIPlugin:80 - create IPUIPlugin
2024-05-06 12:22:46,394 [INFO] PluginManager:220 - loadIPPluginJar : add i2c
2024-05-06 12:22:46,396 [INFO] IPUIPlugin:80 - create IPUIPlugin
2024-05-06 12:22:46,397 [INFO] PluginManager:220 - loadIPPluginJar : add i2s
2024-05-06 12:22:46,400 [INFO] IPUIPlugin:80 - create IPUIPlugin
2024-05-06 12:22:46,400 [INFO] PluginManager:220 - loadIPPluginJar : add i3c
2024-05-06 12:22:46,404 [INFO] IPUIPlugin:80 - create IPUIPlugin
2024-05-06 12:22:46,404 [INFO] PluginManager:220 - loadIPPluginJar : add ipddr
2024-05-06 12:22:46,412 [INFO] IPUIPlugin:80 - create IPUIPlugin
2024-05-06 12:22:46,412 [INFO] PluginManager:220 - loadIPPluginJar : add linkedlist
2024-05-06 12:22:46,415 [INFO] IPUIPlugin:80 - create IPUIPlugin
2024-05-06 12:22:46,416 [INFO] PluginManager:220 - loadIPPluginJar : add lorawan
2024-05-06 12:22:46,417 [INFO] IPUIPlugin:80 - create IPUIPlugin
2024-05-06 12:22:46,418 [INFO] PluginManager:220 - loadIPPluginJar : add ltdc
2024-05-06 12:22:46,424 [INFO] IPUIPlugin:80 - create IPUIPlugin
2024-05-06 12:22:46,424 [INFO] PluginManager:220 - loadIPPluginJar : add mdma
2024-05-06 12:22:46,429 [INFO] IPUIPlugin:80 - create IPUIPlugin
2024-05-06 12:22:46,429 [INFO] PluginManager:220 - loadIPPluginJar : add nvic
2024-05-06 12:22:46,432 [INFO] IPUIPlugin:80 - create IPUIPlugin
2024-05-06 12:22:46,432 [INFO] PluginManager:220 - loadIPPluginJar : add opamp
2024-05-06 12:22:46,436 [INFO] IPUIPlugin:80 - create IPUIPlugin
2024-05-06 12:22:46,436 [INFO] PluginManager:220 - loadIPPluginJar : add openamp
2024-05-06 12:22:46,439 [INFO] IPUIPlugin:80 - create IPUIPlugin
2024-05-06 12:22:46,440 [INFO] PluginManager:220 - loadIPPluginJar : add pdm2pcm
2024-05-06 12:22:46,446 [INFO] IPUIPlugin:80 - create IPUIPlugin
2024-05-06 12:22:46,449 [INFO] PluginManager:220 - loadIPPluginJar : add plateformsettings
2024-05-06 12:22:46,451 [INFO] IPUIPlugin:80 - create IPUIPlugin
2024-05-06 12:22:46,451 [INFO] PluginManager:220 - loadIPPluginJar : add quadspi
2024-05-06 12:22:46,454 [INFO] IPUIPlugin:80 - create IPUIPlugin
2024-05-06 12:22:46,455 [INFO] PluginManager:220 - loadIPPluginJar : add resmgrutility
2024-05-06 12:22:46,458 [INFO] IPUIPlugin:80 - create IPUIPlugin
2024-05-06 12:22:46,458 [INFO] PluginManager:220 - loadIPPluginJar : add sai
2024-05-06 12:22:46,461 [INFO] IPUIPlugin:80 - create IPUIPlugin
2024-05-06 12:22:46,462 [INFO] PluginManager:220 - loadIPPluginJar : add spi
2024-05-06 12:22:46,467 [INFO] IPUIPlugin:80 - create IPUIPlugin
2024-05-06 12:22:46,467 [INFO] PluginManager:220 - loadIPPluginJar : add stm32_wpan
2024-05-06 12:22:46,469 [INFO] IPUIPlugin:80 - create IPUIPlugin
2024-05-06 12:22:46,469 [INFO] PluginManager:220 - loadIPPluginJar : add tim
2024-05-06 12:22:46,473 [INFO] IPUIPlugin:80 - create IPUIPlugin
2024-05-06 12:22:46,473 [INFO] PluginManager:220 - loadIPPluginJar : add touchsensing
2024-05-06 12:22:46,476 [INFO] IPUIPlugin:80 - create IPUIPlugin
2024-05-06 12:22:46,476 [INFO] PluginManager:220 - loadIPPluginJar : add tracer_emb
2024-05-06 12:22:46,478 [INFO] IPUIPlugin:80 - create IPUIPlugin
2024-05-06 12:22:46,478 [INFO] PluginManager:220 - loadIPPluginJar : add ts
2024-05-06 12:22:46,480 [INFO] IPUIPlugin:80 - create IPUIPlugin
2024-05-06 12:22:46,480 [INFO] PluginManager:220 - loadIPPluginJar : add tsc
2024-05-06 12:22:46,483 [INFO] IPUIPlugin:80 - create IPUIPlugin
2024-05-06 12:22:46,483 [INFO] PluginManager:220 - loadIPPluginJar : add ucpd
2024-05-06 12:22:46,486 [INFO] IPUIPlugin:80 - create IPUIPlugin
2024-05-06 12:22:46,486 [INFO] PluginManager:220 - loadIPPluginJar : add usart
2024-05-06 12:22:46,489 [INFO] IPUIPlugin:80 - create IPUIPlugin
2024-05-06 12:22:46,489 [INFO] PluginManager:220 - loadIPPluginJar : add usbx
2024-05-06 12:22:46,634 [INFO] CADModel:165 - CPN selected for project level
2024-05-06 12:22:46,634 [INFO] CADModel:114 - Register for checkConnection events
2024-05-06 12:22:46,634 [FATAL] Updater:308 - Updater called before beeing initialized
2024-05-06 12:22:46,635 [ERROR] CADModel:125 - Updater not yet initialized, retry later 
2024-05-06 12:22:46,788 [INFO] CADModel:165 - CPN selected for project level
2024-05-06 12:22:46,789 [INFO] CADModel:114 - Register for checkConnection events
2024-05-06 12:22:46,789 [FATAL] Updater:308 - Updater called before beeing initialized
2024-05-06 12:22:46,789 [ERROR] CADModel:125 - Updater not yet initialized, retry later 
2024-05-06 12:22:46,792 [FATAL] Updater:308 - Updater called before beeing initialized
2024-05-06 12:22:46,931 [FATAL] Updater:308 - Updater called before beeing initialized
2024-05-06 12:22:46,936 [INFO] DbMcusAds:53 - JSON generation date=Thu May 02 12:37:29 GST 2024 (1714639049318)
2024-05-06 12:22:46,937 [FATAL] Updater:308 - Updater called before beeing initialized
2024-05-06 12:22:46,980 [WARN] DetailPanel:346 - Failed to get advertising image, set to default
2024-05-06 12:22:47,080 [FATAL] Updater:308 - Updater called before beeing initialized
2024-05-06 12:22:47,082 [FATAL] Updater:308 - Updater called before beeing initialized
2024-05-06 12:22:47,082 [FATAL] Updater:308 - Updater called before beeing initialized
2024-05-06 12:22:47,082 [WARN] DetailPanel:346 - Failed to get advertising image, set to default
2024-05-06 12:22:47,083 [FATAL] Updater:308 - Updater called before beeing initialized
2024-05-06 12:22:47,145 [ERROR] Updater:1120 - MainUpdater not yet initialized. External WinMGr cannot be set.
2024-05-06 12:22:47,147 [INFO] Updater:1056 - Updater Version found : 6.11.1
2024-05-06 12:22:47,165 [INFO] ApplicationProperties:184 - Using Application install path: C:\ST\STM32CubeIDE_1.14.1\STM32CubeIDE\plugins\com.st.stm32cube.common.mx_6.11.1.202404110753
2024-05-06 12:22:48,650 [INFO] ThirdPartyUpdaterWithRetryManager:70 - Updater plugin not ready yet. [2/15]
2024-05-06 12:22:48,743 [ERROR] LogOutputStream:75 - [STDERR_REDIRECT] May 06, 2024 12:22:48 PM java.util.prefs.WindowsPreferences <init>
2024-05-06 12:22:48,745 [ERROR] LogOutputStream:75 - [STDERR_REDIRECT] WARNING: Could not open/create prefs root node Software\JavaSoft\Prefs at root 0xffffffff80000002. Windows RegCreateKeyEx(...) returned error code 5.
2024-05-06 12:22:48,745 [ERROR] LogOutputStream:75 - [STDERR_REDIRECT] 
2024-05-06 12:22:49,153 [INFO] MainUpdater:2873 - connection check result : 10
2024-05-06 12:22:49,154 [INFO] MainUpdater:290 - Updater Check For Update Now.
2024-05-06 12:22:49,154 [INFO] MicroXplorer:498 - Change Database Version : DB.6.0.111
2024-05-06 12:22:49,163 [INFO] McuFinderGlobals:63 - Set McuFinder mode to 2 (CubeIDE integrated)
2024-05-06 12:22:49,172 [INFO] UserAuth:415 - Internet connection configuration mode: 1
2024-05-06 12:22:49,200 [INFO] JxBrowserEngine:152 - Initiate JxBrowser Engine with user profile folder
2024-05-06 12:22:49,385 [INFO] CheckServerUpdateThread:120 - End of CheckServer Thread
2024-05-06 12:22:50,206 [INFO] WebApp:161 - Instantiating new browser for Auth
2024-05-06 12:22:51,472 [INFO] WebApp:779 - Register for checkConnection events
2024-05-06 12:22:51,473 [INFO] WebApp:414 - Apply proxy settings
2024-05-06 12:22:51,473 [INFO] WebApp:499 - Chromium requires no authentication
2024-05-06 12:22:51,487 [INFO] WebApp:442 - Direct internet connection detected
2024-05-06 12:22:51,851 [INFO] WebApp:192 - Starting web application
2024-05-06 12:22:51,851 [INFO] WebApp:544 - Web application path used C:\ST\STM32CubeIDE_1.14.1\STM32CubeIDE\plugins\com.st.stm32cube.common.mx_6.11.1.202404110753\db\plugins\mcufinder\reactClient1\index.html
2024-05-06 12:22:51,914 [WARN] PackLoader:240 - Cannot read IP mode file for STMicroelectronics.FP-SNS-MOTENVWB1.1.4.0
2024-05-06 12:22:51,929 [WARN] PackLoader:240 - Cannot read IP mode file for STMicroelectronics.X-CUBE-SMBUS.2.1.0
2024-05-06 12:22:51,935 [WARN] PackLoader:240 - Cannot read IP mode file for STMicroelectronics.X-CUBE-TOUCHGFX.4.23.1
2024-05-06 12:22:51,940 [WARN] PackLoader:240 - Cannot read IP mode file for STMicroelectronics.X-CUBE-TOUCHGFX.4.23.0
2024-05-06 12:22:51,944 [WARN] PackLoader:240 - Cannot read IP mode file for STMicroelectronics.X-CUBE-TOUCHGFX.4.23.2
2024-05-06 12:22:52,004 [WARN] PackLoader:240 - Cannot read IP mode file for STMicroelectronics.X-CUBE-AZRTOS-F7.1.1.0
2024-05-06 12:22:52,038 [WARN] PackLoader:240 - Cannot read IP mode file for STMicroelectronics.FP-SNS-MOTENV1.4.3.2
2024-05-06 12:22:52,053 [WARN] PackLoader:240 - Cannot read IP mode file for STMicroelectronics.FP-SNS-FLIGHT1.5.0.2
2024-05-06 12:22:52,070 [WARN] PackLoader:240 - Cannot read IP mode file for STMicroelectronics.X-CUBE-DISPLAY.3.0.0
2024-05-06 12:22:52,102 [WARN] PackLoader:240 - Cannot read IP mode file for STMicroelectronics.X-CUBE-BLE1.7.0.0
2024-05-06 12:22:52,120 [WARN] PackLoader:240 - Cannot read IP mode file for emotas.I-CUBE-CANOPEN.1.3.0
2024-05-06 12:22:52,180 [WARN] PackLoader:240 - Cannot read IP mode file for STMicroelectronics.X-CUBE-BLEMGR.3.1.0
2024-05-06 12:22:52,196 [WARN] PackLoader:240 - Cannot read IP mode file for STMicroelectronics.FP-SNS-SMARTAG2.1.2.0
2024-05-06 12:22:52,209 [INFO] LogOutputStream:77 - [STDOUT_REDIRECT] 1 : Invalid condition id : UX_CORESTACK_Condition cause : null
2024-05-06 12:22:52,210 [INFO] LogOutputStream:77 - [STDOUT_REDIRECT] 1 : Invalid condition id : UX_CORESTACK_Condition cause : null
2024-05-06 12:22:52,212 [INFO] LogOutputStream:77 - [STDOUT_REDIRECT] 1 : Invalid condition id : UX_CORESTACK_Condition cause : null
2024-05-06 12:22:52,214 [INFO] LogOutputStream:77 - [STDOUT_REDIRECT] 1 : Invalid condition id : UX_CORESTACK_Condition cause : null
2024-05-06 12:22:52,215 [INFO] LogOutputStream:77 - [STDOUT_REDIRECT] 1 : Invalid condition id : UX_CORESTACK_Condition cause : null
2024-05-06 12:22:52,219 [WARN] PackLoader:240 - Cannot read IP mode file for STMicroelectronics.X-CUBE-AZRTOS-WL.2.0.0
2024-05-06 12:22:52,225 [WARN] PackLoader:240 - Cannot read IP mode file for STMicroelectronics.FP-SNS-MOTENV1.5.0.0
2024-05-06 12:22:52,240 [WARN] PackLoader:240 - Cannot read IP mode file for WES.I-CUBE-Cesium.1.3.0
2024-05-06 12:22:52,248 [WARN] PackLoader:240 - Cannot read IP mode file for STMicroelectronics.X-CUBE-BLE2.3.3.0
2024-05-06 12:22:52,255 [WARN] PackLoader:240 - Cannot read IP mode file for STMicroelectronics.X-CUBE-TCPP.4.1.0
2024-05-06 12:22:52,265 [WARN] PackLoader:240 - Cannot read IP mode file for STMicroelectronics.X-CUBE-ALGOBUILD.1.3.0
2024-05-06 12:22:52,285 [WARN] PackLoader:240 - Cannot read IP mode file for STMicroelectronics.X-CUBE-AZRTOS-G0.1.1.0
2024-05-06 12:22:52,293 [WARN] PackLoader:240 - Cannot read IP mode file for STMicroelectronics.X-CUBE-SAFEA1.1.2.2
2024-05-06 12:22:52,303 [WARN] PackLoader:240 - Cannot read IP mode file for STMicroelectronics.X-CUBE-NFC4.3.0.0
2024-05-06 12:22:52,316 [WARN] PackLoader:240 - Cannot read IP mode file for STMicroelectronics.X-CUBE-BLEMGR.3.0.0
2024-05-06 12:22:52,323 [WARN] PackLoader:240 - Cannot read IP mode file for STMicroelectronics.FP-ATR-SIGFOX1.3.2.0
2024-05-06 12:22:52,332 [WARN] PackLoader:240 - Cannot read IP mode file for STMicroelectronics.X-CUBE-EEPRMA1.5.1.0
2024-05-06 12:22:52,372 [WARN] PackLoader:240 - Cannot read IP mode file for SEGGER.I-CUBE-embOS.1.3.1
2024-05-06 12:22:52,441 [WARN] PackLoader:240 - Cannot read IP mode file for STMicroelectronics.X-CUBE-GNSS1.6.0.0
2024-05-06 12:22:52,460 [WARN] PackLoader:240 - Cannot read IP mode file for STMicroelectronics.X-CUBE-AZRTOS-F4.1.1.0
2024-05-06 12:22:52,471 [WARN] PackLoader:240 - Cannot read IP mode file for STMicroelectronics.X-CUBE-FREERTOS.1.2.0
2024-05-06 12:22:52,479 [WARN] PackLoader:240 - Cannot read IP mode file for wolfSSL.I-CUBE-wolfSSL.5.6.6
2024-05-06 12:22:52,505 [WARN] PackLoader:240 - Cannot read IP mode file for STMicroelectronics.X-CUBE-AZRTOS-L5.2.0.0
2024-05-06 12:22:52,521 [WARN] PackLoader:240 - Cannot read IP mode file for STMicroelectronics.X-CUBE-NFC6.3.1.0
2024-05-06 12:22:52,537 [WARN] PackLoader:240 - Cannot read IP mode file for ITTIA_DB.I-CUBE-ITTIADB.8.8.0
2024-05-06 12:22:52,544 [WARN] PackLoader:240 - Cannot read IP mode file for STMicroelectronics.X-CUBE-AI.9.0.0
2024-05-06 12:22:52,552 [WARN] PackLoader:240 - Cannot read IP mode file for STMicroelectronics.X-CUBE-NFC7.1.0.1
2024-05-06 12:22:52,561 [WARN] PackLoader:240 - Cannot read IP mode file for STMicroelectronics.X-CUBE-NFC6.3.0.0
2024-05-06 12:22:52,567 [WARN] PackLoader:240 - Cannot read IP mode file for STMicroelectronics.X-CUBE-AI.8.1.0
2024-05-06 12:22:52,586 [WARN] ConditionMgr:438 - getConditionDescription Invalid condition id : LAN8742 Phy interface Condition cause : null
2024-05-06 12:22:52,587 [WARN] PackLoader:240 - Cannot read IP mode file for STMicroelectronics.X-CUBE-AZRTOS-L4.2.0.0
2024-05-06 12:22:52,589 [WARN] ConditionMgr:1039 - genDependencies : Invalid condition id : LAN8742 Phy interface Condition cause : null
2024-05-06 12:22:52,589 [WARN] ConditionMgr:1039 - genDependencies : Invalid condition id : LAN8742 Phy interface Condition cause : null
2024-05-06 12:22:52,590 [WARN] ConditionMgr:1039 - genDependencies : Invalid condition id : LAN8742 Phy interface Condition cause : null
2024-05-06 12:22:52,599 [WARN] PackLoader:240 - Cannot read IP mode file for STMicroelectronics.X-CUBE-SFXS2LP1.4.0.0
2024-05-06 12:22:52,612 [WARN] ConditionMgr:438 - getConditionDescription Invalid condition id : UX DEVICE CLASS RTOS Condition cause : null
2024-05-06 12:22:52,612 [WARN] ConditionMgr:438 - getConditionDescription Invalid condition id : UX DEVICE CLASS RTOS Condition cause : null
2024-05-06 12:22:52,615 [WARN] PackLoader:240 - Cannot read IP mode file for STMicroelectronics.X-CUBE-AZRTOS-WB.2.0.0
2024-05-06 12:22:52,616 [WARN] ConditionMgr:1039 - genDependencies : Invalid condition id : UX DEVICE CLASS RTOS Condition cause : null
2024-05-06 12:22:52,616 [WARN] ConditionMgr:1039 - genDependencies : Invalid condition id : UX DEVICE CLASS RTOS Condition cause : null
2024-05-06 12:22:52,617 [WARN] ConditionMgr:1039 - genDependencies : Invalid condition id : UX DEVICE CLASS RTOS Condition cause : null
2024-05-06 12:22:52,617 [WARN] ConditionMgr:1039 - genDependencies : Invalid condition id : UX DEVICE CLASS RTOS Condition cause : null
2024-05-06 12:22:52,617 [WARN] ConditionMgr:1039 - genDependencies : Invalid condition id : UX DEVICE CLASS RTOS Condition cause : null
2024-05-06 12:22:52,628 [WARN] PackLoader:240 - Cannot read IP mode file for STMicroelectronics.X-CUBE-SUBG2.5.0.0
2024-05-06 12:22:52,649 [WARN] PackLoader:240 - Cannot read IP mode file for STMicroelectronics.X-CUBE-AZRTOS-G4.2.0.0
2024-05-06 12:22:52,669 [WARN] PackLoader:240 - Cannot read IP mode file for Infineon.AIROC-Wi-Fi-Bluetooth-STM32.1.5.1
2024-05-06 12:22:52,680 [WARN] PackLoader:240 - Cannot read IP mode file for STMicroelectronics.FP-SNS-MOTENVWB1.1.3.1
2024-05-06 12:22:52,687 [WARN] PackLoader:240 - Cannot read IP mode file for STMicroelectronics.X-CUBE-ISPU.2.0.0
2024-05-06 12:22:52,746 [WARN] PackLoader:240 - Cannot read IP mode file for STMicroelectronics.X-CUBE-MEMS1.10.0.0
2024-05-06 12:22:52,946 [WARN] PackLoader:240 - Cannot read IP mode file for STMicroelectronics.X-CUBE-FREERTOS.1.1.0
2024-05-06 12:22:52,954 [WARN] PackLoader:240 - Cannot read IP mode file for portGmbH.I-Cube-SoM-uGOAL.1.1.0
2024-05-06 12:22:52,960 [WARN] PackLoader:240 - Cannot read IP mode file for STMicroelectronics.X-CUBE-ALS.1.0.1
2024-05-06 12:22:52,976 [WARN] PackLoader:240 - Cannot read IP mode file for STMicroelectronics.X-CUBE-AZRTOS-H7RS.1.0.0
2024-05-06 12:22:52,983 [WARN] PackLoader:240 - Cannot read IP mode file for STMicroelectronics.FP-ATR-ASTRA1.2.0.0
2024-05-06 12:22:52,992 [WARN] PackLoader:240 - Cannot read IP mode file for STMicroelectronics.X-CUBE-TOF1.3.4.0
2024-05-06 12:22:53,016 [WARN] PackLoader:240 - Cannot read IP mode file for STMicroelectronics.X-CUBE-TOF1.3.4.1
2024-05-06 12:22:53,048 [WARN] PackLoader:240 - Cannot read IP mode file for STMicroelectronics.X-CUBE-AZRTOS-H7.3.2.0
2024-05-06 12:22:53,052 [INFO] ThirdParty:978 - Integrity check success = true
2024-05-06 12:22:53,052 [INFO] IntegrityCheckThread:100 - exiting critical section [integrity check]
2024-05-06 12:22:53,053 [INFO] IntegrityCheckThread:103 - End integrity checks thread
2024-05-06 12:44:43,376 [ERROR] LogOutputStream:75 - [STDERR_REDIRECT] 
2024-05-06 12:50:41,441 [INFO] Activator:176 - 


2024-05-06 12:50:41,445 [INFO] Activator:177 - !SESSION log4j initialized
2024-05-06 12:50:44,659 [INFO] LogOutputStream:77 - [STDOUT_REDIRECT] 
2024-05-06 12:50:47,467 [INFO] ApplicationProperties:184 - Using Application install path: C:\ST\STM32CubeIDE_1.14.1\STM32CubeIDE\plugins\com.st.stm32cube.common.mx_6.11.1.202404110753
2024-05-06 12:50:47,485 [INFO] DbMcusXml:78 - Set database path to: C:\ST\STM32CubeIDE_1.14.1\STM32CubeIDE\plugins\com.st.stm32cube.common.mx_6.11.1.202404110753\\db\/mcu/
2024-05-06 12:50:47,486 [INFO] ApiDb:274 - Set plugin database path to: C:\ST\STM32CubeIDE_1.14.1\STM32CubeIDE\plugins\com.st.stm32cube.common.mx_6.11.1.202404110753\\db\/plugins/boardmanager/
2024-05-06 12:50:47,486 [WARN] ApiDb:259 - Overriding images path with different value:  => C:\ST\STM32CubeIDE_1.14.1\STM32CubeIDE\plugins\com.st.stm32cube.common.mx_6.11.1.202404110753\\db\/plugins/mcufinder/images/
2024-05-06 12:50:47,493 [INFO] ApiDb:250 - Set database path to: C:\Users\sunil\.stmcufinder\plugins\mcufinder//mcu/
2024-05-06 12:50:47,494 [INFO] DbMcusAds:125 - Set database path to: C:\Users\sunil\.stmcufinder\plugins\mcufinder//mcu/
2024-05-06 12:50:47,497 [INFO] CrossReferenceDbSqlite:203 - Set database path to: C:\Users\sunil\.stmcufinder\plugins\mcufinder//mcu/cs/
2024-05-06 12:50:47,628 [INFO] RulesReader:64 - Compatibility file has been processed (297 Rules)
2024-05-06 12:50:47,744 [INFO] DbMcusXml:78 - Set database path to: C:\ST\STM32CubeIDE_1.14.1\STM32CubeIDE\plugins\com.st.stm32cube.common.mx_6.11.1.202404110753\\db\/mcu/
2024-05-06 12:50:47,744 [INFO] ApiDb:274 - Set plugin database path to: C:\ST\STM32CubeIDE_1.14.1\STM32CubeIDE\plugins\com.st.stm32cube.common.mx_6.11.1.202404110753\\db\/plugins/boardmanager/
2024-05-06 12:50:47,744 [INFO] ApiDb:261 - Set plugin images path to: C:\ST\STM32CubeIDE_1.14.1\STM32CubeIDE\plugins\com.st.stm32cube.common.mx_6.11.1.202404110753\\db\/plugins/mcufinder/images/
2024-05-06 12:50:47,745 [WARN] DbFile:41 - Overriding database path with different value: C:\Users\sunil\.stmcufinder\plugins\mcufinder/ => C:\Users\sunil\.stmcufinder\plugins\mcufinder
2024-05-06 12:50:47,745 [INFO] ApiDb:250 - Set database path to: C:\Users\sunil\.stmcufinder\plugins\mcufinder//mcu/
2024-05-06 12:50:47,745 [WARN] DbFile:41 - Overriding database path with different value: C:\Users\sunil\.stmcufinder\plugins\mcufinder/ => C:\Users\sunil\.stmcufinder\plugins\mcufinder
2024-05-06 12:50:47,745 [INFO] DbMcusAds:125 - Set database path to: C:\Users\sunil\.stmcufinder\plugins\mcufinder//mcu/
2024-05-06 12:50:47,745 [WARN] DbFile:41 - Overriding database path with different value: C:\Users\sunil\.stmcufinder\plugins\mcufinder/ => C:\Users\sunil\.stmcufinder\plugins\mcufinder
2024-05-06 12:50:47,745 [WARN] DbFile:41 - Overriding database path with different value: C:\Users\sunil\.stmcufinder\plugins\mcufinder/ => C:\Users\sunil\.stmcufinder\plugins\mcufinder
2024-05-06 12:50:47,746 [INFO] CrossReferenceDbSqlite:203 - Set database path to: C:\Users\sunil\.stmcufinder\plugins\mcufinder//mcu/cs/
2024-05-06 12:50:47,852 [INFO] MainPanel:264 - HeapMemory: 268435456
2024-05-06 12:50:47,939 [INFO] DbMcusXml:78 - Set database path to: C:\ST\STM32CubeIDE_1.14.1\STM32CubeIDE\plugins\com.st.stm32cube.common.mx_6.11.1.202404110753\\db\/mcu/
2024-05-06 12:50:47,939 [INFO] ApiDb:274 - Set plugin database path to: C:\ST\STM32CubeIDE_1.14.1\STM32CubeIDE\plugins\com.st.stm32cube.common.mx_6.11.1.202404110753\\db\/plugins/boardmanager/
2024-05-06 12:50:47,939 [INFO] ApiDb:261 - Set plugin images path to: C:\ST\STM32CubeIDE_1.14.1\STM32CubeIDE\plugins\com.st.stm32cube.common.mx_6.11.1.202404110753\\db\/plugins/mcufinder/images/
2024-05-06 12:50:47,940 [WARN] DbFile:41 - Overriding database path with different value: C:\Users\sunil\.stmcufinder\plugins\mcufinder/ => C:\Users\sunil\.stmcufinder\plugins\mcufinder
2024-05-06 12:50:47,940 [INFO] ApiDb:250 - Set database path to: C:\Users\sunil\.stmcufinder\plugins\mcufinder//mcu/
2024-05-06 12:50:47,940 [WARN] DbFile:41 - Overriding database path with different value: C:\Users\sunil\.stmcufinder\plugins\mcufinder/ => C:\Users\sunil\.stmcufinder\plugins\mcufinder
2024-05-06 12:50:47,940 [INFO] DbMcusAds:125 - Set database path to: C:\Users\sunil\.stmcufinder\plugins\mcufinder//mcu/
2024-05-06 12:50:47,940 [WARN] DbFile:41 - Overriding database path with different value: C:\Users\sunil\.stmcufinder\plugins\mcufinder/ => C:\Users\sunil\.stmcufinder\plugins\mcufinder
2024-05-06 12:50:47,940 [WARN] DbFile:41 - Overriding database path with different value: C:\Users\sunil\.stmcufinder\plugins\mcufinder/ => C:\Users\sunil\.stmcufinder\plugins\mcufinder
2024-05-06 12:50:47,941 [INFO] CrossReferenceDbSqlite:203 - Set database path to: C:\Users\sunil\.stmcufinder\plugins\mcufinder//mcu/cs/
2024-05-06 12:50:47,961 [INFO] ApplicationProperties:184 - Using Application install path: C:\ST\STM32CubeIDE_1.14.1\STM32CubeIDE\plugins\com.st.stm32cube.common.mx_6.11.1.202404110753
2024-05-06 12:50:47,963 [INFO] PluginManage:196 - Search for loadable plugins [exclusion list=, ]
2024-05-06 12:50:47,964 [INFO] PluginManage:310 - Check plugin analytics
2024-05-06 12:50:48,197 [INFO] AnalyticsPlugin:253 - Accepted Software Licenses: 
2024-05-06 12:50:48,197 [INFO] AnalyticsPlugin:255 - Accepted CMSIS Pack Licenses: 
2024-05-06 12:50:48,198 [INFO] AnalyticsPlugin:257 - Accepted Firmware Licenses: FW.F4.1.28.0,FW.F4.1.27.0
2024-05-06 12:50:48,202 [INFO] PluginManage:359 - Loaded plugin analytics (category:tool,tabindex:-1)
2024-05-06 12:50:48,203 [INFO] PluginManage:310 - Check plugin cadmodel
2024-05-06 12:50:48,239 [INFO] CADModel:105 - Init CAD model plugin
2024-05-06 12:50:48,240 [INFO] PluginManage:359 - Loaded plugin cadmodel (category:power,tabindex:5)
2024-05-06 12:50:48,240 [INFO] PluginManage:310 - Check plugin clock
2024-05-06 12:50:48,254 [INFO] PluginManage:359 - Loaded plugin clock (category:base,tabindex:2)
2024-05-06 12:50:48,254 [INFO] PluginManage:310 - Check plugin ddr
2024-05-06 12:50:48,257 [INFO] PluginManage:359 - Loaded plugin ddr (category:tool,tabindex:6)
2024-05-06 12:50:48,258 [INFO] PluginManage:310 - Check plugin filemanager
2024-05-06 12:50:48,473 [INFO] PluginManage:359 - Loaded plugin filemanager (category:base,tabindex:10)
2024-05-06 12:50:48,473 [INFO] PluginManage:310 - Check plugin ipmanager
2024-05-06 12:50:48,484 [INFO] PluginManage:359 - Loaded plugin ipmanager (category:base,tabindex:5)
2024-05-06 12:50:48,485 [INFO] PluginManage:310 - Check plugin lpbam
2024-05-06 12:50:48,498 [INFO] PluginManage:359 - Loaded plugin lpbam (category:base,tabindex:0)
2024-05-06 12:50:48,499 [INFO] PluginManage:310 - Check plugin memorymap
2024-05-06 12:50:48,516 [INFO] PluginManage:359 - Loaded plugin memorymap (category:base,tabindex:4)
2024-05-06 12:50:48,516 [INFO] PluginManage:310 - Check plugin pinoutandconfiguration
2024-05-06 12:50:48,526 [INFO] PluginManage:359 - Loaded plugin pinoutandconfiguration (category:base,tabindex:1)
2024-05-06 12:50:48,526 [INFO] PluginManage:310 - Check plugin pinoutconfig
2024-05-06 12:50:48,635 [WARN] SupportedApi:132 - Cannot load RTOS API schema: s4s-elt-must-match.1: The content of 'definitions' must match (annotation?, (simpleType | complexType)?, (unique | key | keyref)*)). A problem was found starting at: attribute.
2024-05-06 12:50:48,854 [INFO] PluginManage:359 - Loaded plugin pinoutconfig (category:base,tabindex:0)
2024-05-06 12:50:48,854 [INFO] PluginManage:310 - Check plugin power
2024-05-06 12:50:48,870 [INFO] PluginManage:359 - Loaded plugin power (category:power,tabindex:4)
2024-05-06 12:50:48,871 [INFO] PluginManage:310 - Check plugin projectmanager
2024-05-06 12:50:48,897 [INFO] PluginManage:359 - Loaded plugin projectmanager (category:projectmanager,tabindex:3)
2024-05-06 12:50:48,897 [INFO] PluginManage:310 - Check plugin thirdparty
2024-05-06 12:50:49,091 [INFO] PluginManage:359 - Loaded plugin thirdparty (category:base,tabindex:-1)
2024-05-06 12:50:49,091 [WARN] IntegrityCheckThread:84 - waiting for thirdparty lock release [integrity check]
2024-05-06 12:50:49,092 [INFO] PluginManage:310 - Check plugin tools
2024-05-06 12:50:49,092 [INFO] IntegrityCheckThread:86 - entering critical section [integrity check]
2024-05-06 12:50:49,092 [INFO] ThirdPartyUpdaterWithRetryManager:70 - Updater plugin not ready yet. [1/15]
2024-05-06 12:50:49,096 [INFO] PluginManage:359 - Loaded plugin tools (category:base,tabindex:7)
2024-05-06 12:50:49,097 [INFO] PluginManage:310 - Check plugin tutovideos
2024-05-06 12:50:49,320 [INFO] PluginManage:359 - Loaded plugin tutovideos (category:base,tabindex:-1)
2024-05-06 12:50:49,321 [INFO] PluginManage:310 - Check plugin updater
2024-05-06 12:50:49,334 [INFO] PluginManage:359 - Loaded plugin updater (category:base,tabindex:12)
2024-05-06 12:50:49,334 [INFO] PluginManage:310 - Check plugin userauth
2024-05-06 12:50:49,340 [INFO] UserAuth:114 - Init User Auth plugin
2024-05-06 12:50:49,340 [INFO] PluginManage:359 - Loaded plugin userauth (category:base,tabindex:14)
2024-05-06 12:50:49,341 [INFO] PluginManage:283 - PluginManage : Loaded plugins [17]
2024-05-06 12:50:49,633 [INFO] PinOutPanel:1561 - setPackage(No Configuration,No Configuration)
2024-05-06 12:50:49,740 [INFO] CADModel:165 - CPN selected for project level
2024-05-06 12:50:49,741 [INFO] CADModel:114 - Register for checkConnection events
2024-05-06 12:50:49,767 [INFO] IPUIPlugin:80 - create IPUIPlugin
2024-05-06 12:50:49,768 [INFO] PluginManager:220 - loadIPPluginJar : add adc
2024-05-06 12:50:49,774 [INFO] IPUIPlugin:80 - create IPUIPlugin
2024-05-06 12:50:49,774 [INFO] PluginManager:220 - loadIPPluginJar : add aes
2024-05-06 12:50:49,784 [INFO] IPUIPlugin:80 - create IPUIPlugin
2024-05-06 12:50:49,784 [INFO] PluginManager:220 - loadIPPluginJar : add can
2024-05-06 12:50:49,787 [INFO] IPUIPlugin:80 - create IPUIPlugin
2024-05-06 12:50:49,788 [INFO] PluginManager:220 - loadIPPluginJar : add comp
2024-05-06 12:50:49,792 [INFO] IPUIPlugin:80 - create IPUIPlugin
2024-05-06 12:50:49,793 [INFO] PluginManager:220 - loadIPPluginJar : add cryp
2024-05-06 12:50:49,797 [INFO] IPUIPlugin:80 - create IPUIPlugin
2024-05-06 12:50:49,797 [INFO] PluginManager:220 - loadIPPluginJar : add dfsdm
2024-05-06 12:50:49,805 [INFO] IPUIPlugin:80 - create IPUIPlugin
2024-05-06 12:50:49,806 [INFO] PluginManager:220 - loadIPPluginJar : add dma
2024-05-06 12:50:49,809 [INFO] IPUIPlugin:80 - create IPUIPlugin
2024-05-06 12:50:49,810 [INFO] PluginManager:220 - loadIPPluginJar : add dma3
2024-05-06 12:50:49,814 [INFO] IPUIPlugin:80 - create IPUIPlugin
2024-05-06 12:50:49,815 [INFO] PluginManager:220 - loadIPPluginJar : add extmemmanager
2024-05-06 12:50:49,817 [INFO] IPUIPlugin:80 - create IPUIPlugin
2024-05-06 12:50:49,817 [INFO] PluginManager:220 - loadIPPluginJar : add fatfs
2024-05-06 12:50:49,822 [INFO] IPUIPlugin:80 - create IPUIPlugin
2024-05-06 12:50:49,823 [INFO] PluginManager:220 - loadIPPluginJar : add fmc
2024-05-06 12:50:49,832 [INFO] IPUIPlugin:80 - create IPUIPlugin
2024-05-06 12:50:49,832 [INFO] PluginManager:220 - loadIPPluginJar : add freertos
2024-05-06 12:50:49,834 [INFO] IPUIPlugin:80 - create IPUIPlugin
2024-05-06 12:50:49,835 [INFO] PluginManager:220 - loadIPPluginJar : add genericplugin
2024-05-06 12:50:49,838 [INFO] IPUIPlugin:80 - create IPUIPlugin
2024-05-06 12:50:49,838 [INFO] PluginManager:220 - loadIPPluginJar : add gfxmmu
2024-05-06 12:50:49,845 [INFO] IPUIPlugin:80 - create IPUIPlugin
2024-05-06 12:50:49,845 [INFO] PluginManager:220 - loadIPPluginJar : add gic
2024-05-06 12:50:49,852 [INFO] IPUIPlugin:80 - create IPUIPlugin
2024-05-06 12:50:49,852 [INFO] PluginManager:220 - loadIPPluginJar : add gpio
2024-05-06 12:50:49,857 [INFO] IPUIPlugin:80 - create IPUIPlugin
2024-05-06 12:50:49,857 [INFO] PluginManager:220 - loadIPPluginJar : add gtzc
2024-05-06 12:50:49,861 [INFO] IPUIPlugin:80 - create IPUIPlugin
2024-05-06 12:50:49,861 [INFO] PluginManager:220 - loadIPPluginJar : add hash
2024-05-06 12:50:49,865 [INFO] IPUIPlugin:80 - create IPUIPlugin
2024-05-06 12:50:49,865 [INFO] PluginManager:220 - loadIPPluginJar : add i2c
2024-05-06 12:50:49,869 [INFO] IPUIPlugin:80 - create IPUIPlugin
2024-05-06 12:50:49,869 [INFO] PluginManager:220 - loadIPPluginJar : add i2s
2024-05-06 12:50:49,874 [INFO] IPUIPlugin:80 - create IPUIPlugin
2024-05-06 12:50:49,874 [INFO] PluginManager:220 - loadIPPluginJar : add i3c
2024-05-06 12:50:49,879 [INFO] IPUIPlugin:80 - create IPUIPlugin
2024-05-06 12:50:49,880 [INFO] PluginManager:220 - loadIPPluginJar : add ipddr
2024-05-06 12:50:49,890 [INFO] IPUIPlugin:80 - create IPUIPlugin
2024-05-06 12:50:49,890 [INFO] PluginManager:220 - loadIPPluginJar : add linkedlist
2024-05-06 12:50:49,894 [INFO] IPUIPlugin:80 - create IPUIPlugin
2024-05-06 12:50:49,895 [INFO] PluginManager:220 - loadIPPluginJar : add lorawan
2024-05-06 12:50:49,897 [INFO] IPUIPlugin:80 - create IPUIPlugin
2024-05-06 12:50:49,898 [INFO] PluginManager:220 - loadIPPluginJar : add ltdc
2024-05-06 12:50:49,906 [INFO] IPUIPlugin:80 - create IPUIPlugin
2024-05-06 12:50:49,907 [INFO] PluginManager:220 - loadIPPluginJar : add mdma
2024-05-06 12:50:49,912 [INFO] IPUIPlugin:80 - create IPUIPlugin
2024-05-06 12:50:49,912 [INFO] PluginManager:220 - loadIPPluginJar : add nvic
2024-05-06 12:50:49,916 [INFO] IPUIPlugin:80 - create IPUIPlugin
2024-05-06 12:50:49,916 [INFO] PluginManager:220 - loadIPPluginJar : add opamp
2024-05-06 12:50:49,920 [INFO] IPUIPlugin:80 - create IPUIPlugin
2024-05-06 12:50:49,920 [INFO] PluginManager:220 - loadIPPluginJar : add openamp
2024-05-06 12:50:49,924 [INFO] IPUIPlugin:80 - create IPUIPlugin
2024-05-06 12:50:49,925 [INFO] PluginManager:220 - loadIPPluginJar : add pdm2pcm
2024-05-06 12:50:49,932 [INFO] IPUIPlugin:80 - create IPUIPlugin
2024-05-06 12:50:49,935 [INFO] PluginManager:220 - loadIPPluginJar : add plateformsettings
2024-05-06 12:50:49,937 [INFO] IPUIPlugin:80 - create IPUIPlugin
2024-05-06 12:50:49,937 [INFO] PluginManager:220 - loadIPPluginJar : add quadspi
2024-05-06 12:50:49,941 [INFO] IPUIPlugin:80 - create IPUIPlugin
2024-05-06 12:50:49,941 [INFO] PluginManager:220 - loadIPPluginJar : add resmgrutility
2024-05-06 12:50:49,945 [INFO] IPUIPlugin:80 - create IPUIPlugin
2024-05-06 12:50:49,945 [INFO] PluginManager:220 - loadIPPluginJar : add sai
2024-05-06 12:50:49,948 [INFO] IPUIPlugin:80 - create IPUIPlugin
2024-05-06 12:50:49,948 [INFO] PluginManager:220 - loadIPPluginJar : add spi
2024-05-06 12:50:49,955 [INFO] IPUIPlugin:80 - create IPUIPlugin
2024-05-06 12:50:49,955 [INFO] PluginManager:220 - loadIPPluginJar : add stm32_wpan
2024-05-06 12:50:49,957 [INFO] IPUIPlugin:80 - create IPUIPlugin
2024-05-06 12:50:49,957 [INFO] PluginManager:220 - loadIPPluginJar : add tim
2024-05-06 12:50:49,961 [INFO] IPUIPlugin:80 - create IPUIPlugin
2024-05-06 12:50:49,961 [INFO] PluginManager:220 - loadIPPluginJar : add touchsensing
2024-05-06 12:50:49,964 [INFO] IPUIPlugin:80 - create IPUIPlugin
2024-05-06 12:50:49,964 [INFO] PluginManager:220 - loadIPPluginJar : add tracer_emb
2024-05-06 12:50:49,966 [INFO] IPUIPlugin:80 - create IPUIPlugin
2024-05-06 12:50:49,966 [INFO] PluginManager:220 - loadIPPluginJar : add ts
2024-05-06 12:50:49,968 [INFO] IPUIPlugin:80 - create IPUIPlugin
2024-05-06 12:50:49,968 [INFO] PluginManager:220 - loadIPPluginJar : add tsc
2024-05-06 12:50:49,970 [INFO] IPUIPlugin:80 - create IPUIPlugin
2024-05-06 12:50:49,971 [INFO] PluginManager:220 - loadIPPluginJar : add ucpd
2024-05-06 12:50:49,974 [INFO] IPUIPlugin:80 - create IPUIPlugin
2024-05-06 12:50:49,974 [INFO] PluginManager:220 - loadIPPluginJar : add usart
2024-05-06 12:50:49,978 [INFO] IPUIPlugin:80 - create IPUIPlugin
2024-05-06 12:50:49,978 [INFO] PluginManager:220 - loadIPPluginJar : add usbx
2024-05-06 12:50:50,129 [INFO] CADModel:165 - CPN selected for project level
2024-05-06 12:50:50,129 [INFO] CADModel:114 - Register for checkConnection events
2024-05-06 12:50:50,129 [FATAL] Updater:308 - Updater called before beeing initialized
2024-05-06 12:50:50,130 [ERROR] CADModel:125 - Updater not yet initialized, retry later 
2024-05-06 12:50:50,275 [INFO] CADModel:165 - CPN selected for project level
2024-05-06 12:50:50,275 [INFO] CADModel:114 - Register for checkConnection events
2024-05-06 12:50:50,275 [FATAL] Updater:308 - Updater called before beeing initialized
2024-05-06 12:50:50,275 [ERROR] CADModel:125 - Updater not yet initialized, retry later 
2024-05-06 12:50:50,280 [FATAL] Updater:308 - Updater called before beeing initialized
2024-05-06 12:50:50,464 [FATAL] Updater:308 - Updater called before beeing initialized
2024-05-06 12:50:50,470 [INFO] DbMcusAds:53 - JSON generation date=Thu May 02 12:37:29 GST 2024 (1714639049318)
2024-05-06 12:50:50,470 [FATAL] Updater:308 - Updater called before beeing initialized
2024-05-06 12:50:50,520 [WARN] DetailPanel:346 - Failed to get advertising image, set to default
2024-05-06 12:50:50,642 [FATAL] Updater:308 - Updater called before beeing initialized
2024-05-06 12:50:50,645 [FATAL] Updater:308 - Updater called before beeing initialized
2024-05-06 12:50:50,645 [FATAL] Updater:308 - Updater called before beeing initialized
2024-05-06 12:50:50,645 [WARN] DetailPanel:346 - Failed to get advertising image, set to default
2024-05-06 12:50:50,646 [FATAL] Updater:308 - Updater called before beeing initialized
2024-05-06 12:50:50,738 [ERROR] Updater:1120 - MainUpdater not yet initialized. External WinMGr cannot be set.
2024-05-06 12:50:50,744 [INFO] Updater:1056 - Updater Version found : 6.11.1
2024-05-06 12:50:50,773 [INFO] ApplicationProperties:184 - Using Application install path: C:\ST\STM32CubeIDE_1.14.1\STM32CubeIDE\plugins\com.st.stm32cube.common.mx_6.11.1.202404110753
2024-05-06 12:50:52,093 [INFO] ThirdPartyUpdaterWithRetryManager:70 - Updater plugin not ready yet. [2/15]
2024-05-06 12:50:52,360 [ERROR] LogOutputStream:75 - [STDERR_REDIRECT] May 06, 2024 12:50:52 PM java.util.prefs.WindowsPreferences <init>
2024-05-06 12:50:52,362 [ERROR] LogOutputStream:75 - [STDERR_REDIRECT] WARNING: Could not open/create prefs root node Software\JavaSoft\Prefs at root 0xffffffff80000002. Windows RegCreateKeyEx(...) returned error code 5.
2024-05-06 12:50:52,362 [ERROR] LogOutputStream:75 - [STDERR_REDIRECT] 
2024-05-06 12:50:53,634 [INFO] MainUpdater:2873 - connection check result : 10
2024-05-06 12:50:53,636 [INFO] MainUpdater:290 - Updater Check For Update Now.
2024-05-06 12:50:53,636 [INFO] MicroXplorer:498 - Change Database Version : DB.6.0.111
2024-05-06 12:50:53,646 [INFO] McuFinderGlobals:63 - Set McuFinder mode to 2 (CubeIDE integrated)
2024-05-06 12:50:53,658 [INFO] UserAuth:415 - Internet connection configuration mode: 1
2024-05-06 12:50:53,736 [INFO] JxBrowserEngine:152 - Initiate JxBrowser Engine with user profile folder
2024-05-06 12:50:53,911 [INFO] CheckServerUpdateThread:120 - End of CheckServer Thread
2024-05-06 12:50:54,651 [INFO] WebApp:161 - Instantiating new browser for Auth
2024-05-06 12:50:55,432 [WARN] PackLoader:240 - Cannot read IP mode file for STMicroelectronics.FP-SNS-MOTENVWB1.1.4.0
2024-05-06 12:50:55,452 [WARN] PackLoader:240 - Cannot read IP mode file for STMicroelectronics.X-CUBE-SMBUS.2.1.0
2024-05-06 12:50:55,462 [WARN] PackLoader:240 - Cannot read IP mode file for STMicroelectronics.X-CUBE-TOUCHGFX.4.23.1
2024-05-06 12:50:55,467 [WARN] PackLoader:240 - Cannot read IP mode file for STMicroelectronics.X-CUBE-TOUCHGFX.4.23.0
2024-05-06 12:50:55,472 [WARN] PackLoader:240 - Cannot read IP mode file for STMicroelectronics.X-CUBE-TOUCHGFX.4.23.2
2024-05-06 12:50:55,534 [WARN] PackLoader:240 - Cannot read IP mode file for STMicroelectronics.X-CUBE-AZRTOS-F7.1.1.0
2024-05-06 12:50:55,553 [WARN] PackLoader:240 - Cannot read IP mode file for STMicroelectronics.FP-SNS-MOTENV1.4.3.2
2024-05-06 12:50:55,565 [WARN] PackLoader:240 - Cannot read IP mode file for STMicroelectronics.FP-SNS-FLIGHT1.5.0.2
2024-05-06 12:50:55,580 [WARN] PackLoader:240 - Cannot read IP mode file for STMicroelectronics.X-CUBE-DISPLAY.3.0.0
2024-05-06 12:50:55,583 [INFO] WebApp:779 - Register for checkConnection events
2024-05-06 12:50:55,583 [INFO] WebApp:414 - Apply proxy settings
2024-05-06 12:50:55,583 [INFO] WebApp:499 - Chromium requires no authentication
2024-05-06 12:50:55,601 [WARN] PackLoader:240 - Cannot read IP mode file for STMicroelectronics.X-CUBE-BLE1.7.0.0
2024-05-06 12:50:55,601 [INFO] WebApp:442 - Direct internet connection detected
2024-05-06 12:50:55,612 [WARN] PackLoader:240 - Cannot read IP mode file for emotas.I-CUBE-CANOPEN.1.3.0
2024-05-06 12:50:55,634 [WARN] PackLoader:240 - Cannot read IP mode file for STMicroelectronics.X-CUBE-BLEMGR.3.1.0
2024-05-06 12:50:55,648 [WARN] PackLoader:240 - Cannot read IP mode file for STMicroelectronics.FP-SNS-SMARTAG2.1.2.0
2024-05-06 12:50:55,674 [INFO] LogOutputStream:77 - [STDOUT_REDIRECT] 1 : Invalid condition id : UX_CORESTACK_Condition cause : null
2024-05-06 12:50:55,675 [INFO] LogOutputStream:77 - [STDOUT_REDIRECT] 1 : Invalid condition id : UX_CORESTACK_Condition cause : null
2024-05-06 12:50:55,677 [INFO] LogOutputStream:77 - [STDOUT_REDIRECT] 1 : Invalid condition id : UX_CORESTACK_Condition cause : null
2024-05-06 12:50:55,680 [INFO] LogOutputStream:77 - [STDOUT_REDIRECT] 1 : Invalid condition id : UX_CORESTACK_Condition cause : null
2024-05-06 12:50:55,681 [INFO] LogOutputStream:77 - [STDOUT_REDIRECT] 1 : Invalid condition id : UX_CORESTACK_Condition cause : null
2024-05-06 12:50:55,691 [WARN] PackLoader:240 - Cannot read IP mode file for STMicroelectronics.X-CUBE-AZRTOS-WL.2.0.0
2024-05-06 12:50:55,701 [WARN] PackLoader:240 - Cannot read IP mode file for STMicroelectronics.FP-SNS-MOTENV1.5.0.0
2024-05-06 12:50:55,720 [WARN] PackLoader:240 - Cannot read IP mode file for WES.I-CUBE-Cesium.1.3.0
2024-05-06 12:50:55,730 [WARN] PackLoader:240 - Cannot read IP mode file for STMicroelectronics.X-CUBE-BLE2.3.3.0
2024-05-06 12:50:55,742 [WARN] PackLoader:240 - Cannot read IP mode file for STMicroelectronics.X-CUBE-TCPP.4.1.0
2024-05-06 12:50:55,771 [WARN] PackLoader:240 - Cannot read IP mode file for STMicroelectronics.X-CUBE-ALGOBUILD.1.3.0
2024-05-06 12:50:55,819 [WARN] PackLoader:240 - Cannot read IP mode file for STMicroelectronics.X-CUBE-AZRTOS-G0.1.1.0
2024-05-06 12:50:55,834 [WARN] PackLoader:240 - Cannot read IP mode file for STMicroelectronics.X-CUBE-SAFEA1.1.2.2
2024-05-06 12:50:55,849 [WARN] PackLoader:240 - Cannot read IP mode file for STMicroelectronics.X-CUBE-NFC4.3.0.0
2024-05-06 12:50:55,867 [WARN] PackLoader:240 - Cannot read IP mode file for STMicroelectronics.X-CUBE-BLEMGR.3.0.0
2024-05-06 12:50:55,877 [WARN] PackLoader:240 - Cannot read IP mode file for STMicroelectronics.FP-ATR-SIGFOX1.3.2.0
2024-05-06 12:50:55,891 [WARN] PackLoader:240 - Cannot read IP mode file for STMicroelectronics.X-CUBE-EEPRMA1.5.1.0
2024-05-06 12:50:55,941 [WARN] PackLoader:240 - Cannot read IP mode file for SEGGER.I-CUBE-embOS.1.3.1
2024-05-06 12:50:55,993 [WARN] PackLoader:240 - Cannot read IP mode file for STMicroelectronics.X-CUBE-GNSS1.6.0.0
2024-05-06 12:50:56,027 [WARN] PackLoader:240 - Cannot read IP mode file for STMicroelectronics.X-CUBE-AZRTOS-F4.1.1.0
2024-05-06 12:50:56,037 [WARN] PackLoader:240 - Cannot read IP mode file for STMicroelectronics.X-CUBE-FREERTOS.1.2.0
2024-05-06 12:50:56,042 [WARN] PackLoader:240 - Cannot read IP mode file for wolfSSL.I-CUBE-wolfSSL.5.6.6
2024-05-06 12:50:56,058 [WARN] PackLoader:240 - Cannot read IP mode file for STMicroelectronics.X-CUBE-AZRTOS-L5.2.0.0
2024-05-06 12:50:56,068 [WARN] PackLoader:240 - Cannot read IP mode file for STMicroelectronics.X-CUBE-NFC6.3.1.0
2024-05-06 12:50:56,068 [INFO] WebApp:192 - Starting web application
2024-05-06 12:50:56,069 [INFO] WebApp:544 - Web application path used C:\ST\STM32CubeIDE_1.14.1\STM32CubeIDE\plugins\com.st.stm32cube.common.mx_6.11.1.202404110753\db\plugins\mcufinder\reactClient1\index.html
2024-05-06 12:50:56,079 [WARN] PackLoader:240 - Cannot read IP mode file for ITTIA_DB.I-CUBE-ITTIADB.8.8.0
2024-05-06 12:50:56,085 [WARN] PackLoader:240 - Cannot read IP mode file for STMicroelectronics.X-CUBE-AI.9.0.0
2024-05-06 12:50:56,091 [WARN] PackLoader:240 - Cannot read IP mode file for STMicroelectronics.X-CUBE-NFC7.1.0.1
2024-05-06 12:50:56,101 [WARN] PackLoader:240 - Cannot read IP mode file for STMicroelectronics.X-CUBE-NFC6.3.0.0
2024-05-06 12:50:56,109 [WARN] PackLoader:240 - Cannot read IP mode file for STMicroelectronics.X-CUBE-AI.8.1.0
2024-05-06 12:50:56,140 [WARN] ConditionMgr:438 - getConditionDescription Invalid condition id : LAN8742 Phy interface Condition cause : null
2024-05-06 12:50:56,142 [WARN] PackLoader:240 - Cannot read IP mode file for STMicroelectronics.X-CUBE-AZRTOS-L4.2.0.0
2024-05-06 12:50:56,147 [WARN] ConditionMgr:1039 - genDependencies : Invalid condition id : LAN8742 Phy interface Condition cause : null
2024-05-06 12:50:56,148 [WARN] ConditionMgr:1039 - genDependencies : Invalid condition id : LAN8742 Phy interface Condition cause : null
2024-05-06 12:50:56,149 [WARN] ConditionMgr:1039 - genDependencies : Invalid condition id : LAN8742 Phy interface Condition cause : null
2024-05-06 12:50:56,165 [WARN] PackLoader:240 - Cannot read IP mode file for STMicroelectronics.X-CUBE-SFXS2LP1.4.0.0
2024-05-06 12:50:56,186 [WARN] ConditionMgr:438 - getConditionDescription Invalid condition id : UX DEVICE CLASS RTOS Condition cause : null
2024-05-06 12:50:56,187 [WARN] ConditionMgr:438 - getConditionDescription Invalid condition id : UX DEVICE CLASS RTOS Condition cause : null
2024-05-06 12:50:56,190 [WARN] PackLoader:240 - Cannot read IP mode file for STMicroelectronics.X-CUBE-AZRTOS-WB.2.0.0
2024-05-06 12:50:56,191 [WARN] ConditionMgr:1039 - genDependencies : Invalid condition id : UX DEVICE CLASS RTOS Condition cause : null
2024-05-06 12:50:56,192 [WARN] ConditionMgr:1039 - genDependencies : Invalid condition id : UX DEVICE CLASS RTOS Condition cause : null
2024-05-06 12:50:56,193 [WARN] ConditionMgr:1039 - genDependencies : Invalid condition id : UX DEVICE CLASS RTOS Condition cause : null
2024-05-06 12:50:56,194 [WARN] ConditionMgr:1039 - genDependencies : Invalid condition id : UX DEVICE CLASS RTOS Condition cause : null
2024-05-06 12:50:56,194 [WARN] ConditionMgr:1039 - genDependencies : Invalid condition id : UX DEVICE CLASS RTOS Condition cause : null
2024-05-06 12:50:56,211 [WARN] PackLoader:240 - Cannot read IP mode file for STMicroelectronics.X-CUBE-SUBG2.5.0.0
2024-05-06 12:50:56,238 [WARN] PackLoader:240 - Cannot read IP mode file for STMicroelectronics.X-CUBE-AZRTOS-G4.2.0.0
2024-05-06 12:50:56,258 [WARN] PackLoader:240 - Cannot read IP mode file for Infineon.AIROC-Wi-Fi-Bluetooth-STM32.1.5.1
2024-05-06 12:50:56,272 [WARN] PackLoader:240 - Cannot read IP mode file for STMicroelectronics.FP-SNS-MOTENVWB1.1.3.1
2024-05-06 12:50:56,280 [WARN] PackLoader:240 - Cannot read IP mode file for STMicroelectronics.X-CUBE-ISPU.2.0.0
2024-05-06 12:50:56,344 [WARN] PackLoader:240 - Cannot read IP mode file for STMicroelectronics.X-CUBE-MEMS1.10.0.0
2024-05-06 12:50:56,548 [WARN] PackLoader:240 - Cannot read IP mode file for STMicroelectronics.X-CUBE-FREERTOS.1.1.0
2024-05-06 12:50:56,556 [WARN] PackLoader:240 - Cannot read IP mode file for portGmbH.I-Cube-SoM-uGOAL.1.1.0
2024-05-06 12:50:56,563 [WARN] PackLoader:240 - Cannot read IP mode file for STMicroelectronics.X-CUBE-ALS.1.0.1
2024-05-06 12:50:56,584 [WARN] PackLoader:240 - Cannot read IP mode file for STMicroelectronics.X-CUBE-AZRTOS-H7RS.1.0.0
2024-05-06 12:50:56,590 [WARN] PackLoader:240 - Cannot read IP mode file for STMicroelectronics.FP-ATR-ASTRA1.2.0.0
2024-05-06 12:50:56,602 [WARN] PackLoader:240 - Cannot read IP mode file for STMicroelectronics.X-CUBE-TOF1.3.4.0
2024-05-06 12:50:56,626 [WARN] PackLoader:240 - Cannot read IP mode file for STMicroelectronics.X-CUBE-TOF1.3.4.1
2024-05-06 12:50:56,659 [WARN] PackLoader:240 - Cannot read IP mode file for STMicroelectronics.X-CUBE-AZRTOS-H7.3.2.0
2024-05-06 12:50:56,664 [INFO] ThirdParty:978 - Integrity check success = true
2024-05-06 12:50:56,664 [INFO] IntegrityCheckThread:100 - exiting critical section [integrity check]
2024-05-06 12:50:56,664 [INFO] IntegrityCheckThread:103 - End integrity checks thread
2024-05-06 12:51:22,066 [ERROR] LogOutputStream:75 - [STDERR_REDIRECT] 
2024-05-06 12:51:22,067 [ERROR] LogOutputStream:75 - [STDERR_REDIRECT] 
