2024-05-04 10:08:13,836 [INFO] Activator:176 - 


2024-05-04 10:08:13,847 [INFO] Activator:177 - !SESSION log4j initialized
2024-05-04 10:08:20,638 [INFO] LogOutputStream:77 - [STDOUT_REDIRECT] 
2024-05-04 10:08:23,806 [INFO] ApplicationProperties:184 - Using Application install path: C:\ST\STM32CubeIDE_1.14.1\STM32CubeIDE\plugins\com.st.stm32cube.common.mx_6.11.1.202404110753
2024-05-04 10:08:23,827 [INFO] DbMcusXml:78 - Set database path to: C:\ST\STM32CubeIDE_1.14.1\STM32CubeIDE\plugins\com.st.stm32cube.common.mx_6.11.1.202404110753\\db\/mcu/
2024-05-04 10:08:23,827 [INFO] ApiDb:274 - Set plugin database path to: C:\ST\STM32CubeIDE_1.14.1\STM32CubeIDE\plugins\com.st.stm32cube.common.mx_6.11.1.202404110753\\db\/plugins/boardmanager/
2024-05-04 10:08:23,828 [WARN] ApiDb:259 - Overriding images path with different value:  => C:\ST\STM32CubeIDE_1.14.1\STM32CubeIDE\plugins\com.st.stm32cube.common.mx_6.11.1.202404110753\\db\/plugins/mcufinder/images/
2024-05-04 10:08:23,839 [INFO] ApiDb:250 - Set database path to: C:\Users\sunil\.stmcufinder\plugins\mcufinder//mcu/
2024-05-04 10:08:23,840 [INFO] DbMcusAds:125 - Set database path to: C:\Users\sunil\.stmcufinder\plugins\mcufinder//mcu/
2024-05-04 10:08:23,843 [INFO] CrossReferenceDbSqlite:203 - Set database path to: C:\Users\sunil\.stmcufinder\plugins\mcufinder//mcu/cs/
2024-05-04 10:08:23,989 [INFO] RulesReader:64 - Compatibility file has been processed (297 Rules)
2024-05-04 10:08:24,114 [INFO] DbMcusXml:78 - Set database path to: C:\ST\STM32CubeIDE_1.14.1\STM32CubeIDE\plugins\com.st.stm32cube.common.mx_6.11.1.202404110753\\db\/mcu/
2024-05-04 10:08:24,114 [INFO] ApiDb:274 - Set plugin database path to: C:\ST\STM32CubeIDE_1.14.1\STM32CubeIDE\plugins\com.st.stm32cube.common.mx_6.11.1.202404110753\\db\/plugins/boardmanager/
2024-05-04 10:08:24,115 [INFO] ApiDb:261 - Set plugin images path to: C:\ST\STM32CubeIDE_1.14.1\STM32CubeIDE\plugins\com.st.stm32cube.common.mx_6.11.1.202404110753\\db\/plugins/mcufinder/images/
2024-05-04 10:08:24,115 [WARN] DbFile:41 - Overriding database path with different value: C:\Users\sunil\.stmcufinder\plugins\mcufinder/ => C:\Users\sunil\.stmcufinder\plugins\mcufinder
2024-05-04 10:08:24,115 [INFO] ApiDb:250 - Set database path to: C:\Users\sunil\.stmcufinder\plugins\mcufinder//mcu/
2024-05-04 10:08:24,116 [WARN] DbFile:41 - Overriding database path with different value: C:\Users\sunil\.stmcufinder\plugins\mcufinder/ => C:\Users\sunil\.stmcufinder\plugins\mcufinder
2024-05-04 10:08:24,116 [INFO] DbMcusAds:125 - Set database path to: C:\Users\sunil\.stmcufinder\plugins\mcufinder//mcu/
2024-05-04 10:08:24,116 [WARN] DbFile:41 - Overriding database path with different value: C:\Users\sunil\.stmcufinder\plugins\mcufinder/ => C:\Users\sunil\.stmcufinder\plugins\mcufinder
2024-05-04 10:08:24,116 [WARN] DbFile:41 - Overriding database path with different value: C:\Users\sunil\.stmcufinder\plugins\mcufinder/ => C:\Users\sunil\.stmcufinder\plugins\mcufinder
2024-05-04 10:08:24,116 [INFO] CrossReferenceDbSqlite:203 - Set database path to: C:\Users\sunil\.stmcufinder\plugins\mcufinder//mcu/cs/
2024-05-04 10:08:24,247 [INFO] MainPanel:264 - HeapMemory: 268435456
2024-05-04 10:08:24,375 [INFO] DbMcusXml:78 - Set database path to: C:\ST\STM32CubeIDE_1.14.1\STM32CubeIDE\plugins\com.st.stm32cube.common.mx_6.11.1.202404110753\\db\/mcu/
2024-05-04 10:08:24,375 [INFO] ApiDb:274 - Set plugin database path to: C:\ST\STM32CubeIDE_1.14.1\STM32CubeIDE\plugins\com.st.stm32cube.common.mx_6.11.1.202404110753\\db\/plugins/boardmanager/
2024-05-04 10:08:24,375 [INFO] ApiDb:261 - Set plugin images path to: C:\ST\STM32CubeIDE_1.14.1\STM32CubeIDE\plugins\com.st.stm32cube.common.mx_6.11.1.202404110753\\db\/plugins/mcufinder/images/
2024-05-04 10:08:24,376 [WARN] DbFile:41 - Overriding database path with different value: C:\Users\sunil\.stmcufinder\plugins\mcufinder/ => C:\Users\sunil\.stmcufinder\plugins\mcufinder
2024-05-04 10:08:24,376 [INFO] ApiDb:250 - Set database path to: C:\Users\sunil\.stmcufinder\plugins\mcufinder//mcu/
2024-05-04 10:08:24,376 [WARN] DbFile:41 - Overriding database path with different value: C:\Users\sunil\.stmcufinder\plugins\mcufinder/ => C:\Users\sunil\.stmcufinder\plugins\mcufinder
2024-05-04 10:08:24,376 [INFO] DbMcusAds:125 - Set database path to: C:\Users\sunil\.stmcufinder\plugins\mcufinder//mcu/
2024-05-04 10:08:24,376 [WARN] DbFile:41 - Overriding database path with different value: C:\Users\sunil\.stmcufinder\plugins\mcufinder/ => C:\Users\sunil\.stmcufinder\plugins\mcufinder
2024-05-04 10:08:24,376 [WARN] DbFile:41 - Overriding database path with different value: C:\Users\sunil\.stmcufinder\plugins\mcufinder/ => C:\Users\sunil\.stmcufinder\plugins\mcufinder
2024-05-04 10:08:24,377 [INFO] CrossReferenceDbSqlite:203 - Set database path to: C:\Users\sunil\.stmcufinder\plugins\mcufinder//mcu/cs/
2024-05-04 10:08:24,403 [INFO] ApplicationProperties:184 - Using Application install path: C:\ST\STM32CubeIDE_1.14.1\STM32CubeIDE\plugins\com.st.stm32cube.common.mx_6.11.1.202404110753
2024-05-04 10:08:24,405 [INFO] PluginManage:196 - Search for loadable plugins [exclusion list=, ]
2024-05-04 10:08:24,407 [INFO] PluginManage:310 - Check plugin analytics
2024-05-04 10:08:24,662 [INFO] AnalyticsPlugin:253 - Accepted Software Licenses: 
2024-05-04 10:08:24,662 [INFO] AnalyticsPlugin:255 - Accepted CMSIS Pack Licenses: 
2024-05-04 10:08:24,663 [INFO] AnalyticsPlugin:257 - Accepted Firmware Licenses: FW.F4.1.28.0,FW.F4.1.27.0
2024-05-04 10:08:24,667 [INFO] PluginManage:359 - Loaded plugin analytics (category:tool,tabindex:-1)
2024-05-04 10:08:24,668 [INFO] PluginManage:310 - Check plugin cadmodel
2024-05-04 10:08:24,733 [INFO] CADModel:105 - Init CAD model plugin
2024-05-04 10:08:24,733 [INFO] PluginManage:359 - Loaded plugin cadmodel (category:power,tabindex:5)
2024-05-04 10:08:24,734 [INFO] PluginManage:310 - Check plugin clock
2024-05-04 10:08:24,761 [INFO] PluginManage:359 - Loaded plugin clock (category:base,tabindex:2)
2024-05-04 10:08:24,761 [INFO] PluginManage:310 - Check plugin ddr
2024-05-04 10:08:24,764 [INFO] PluginManage:359 - Loaded plugin ddr (category:tool,tabindex:6)
2024-05-04 10:08:24,764 [INFO] PluginManage:310 - Check plugin filemanager
2024-05-04 10:08:24,955 [INFO] PluginManage:359 - Loaded plugin filemanager (category:base,tabindex:10)
2024-05-04 10:08:24,955 [INFO] PluginManage:310 - Check plugin ipmanager
2024-05-04 10:08:24,965 [INFO] PluginManage:359 - Loaded plugin ipmanager (category:base,tabindex:5)
2024-05-04 10:08:24,965 [INFO] PluginManage:310 - Check plugin lpbam
2024-05-04 10:08:24,990 [INFO] PluginManage:359 - Loaded plugin lpbam (category:base,tabindex:0)
2024-05-04 10:08:24,990 [INFO] PluginManage:310 - Check plugin memorymap
2024-05-04 10:08:25,021 [INFO] PluginManage:359 - Loaded plugin memorymap (category:base,tabindex:4)
2024-05-04 10:08:25,022 [INFO] PluginManage:310 - Check plugin pinoutandconfiguration
2024-05-04 10:08:25,043 [INFO] PluginManage:359 - Loaded plugin pinoutandconfiguration (category:base,tabindex:1)
2024-05-04 10:08:25,043 [INFO] PluginManage:310 - Check plugin pinoutconfig
2024-05-04 10:08:25,160 [WARN] SupportedApi:132 - Cannot load RTOS API schema: s4s-elt-must-match.1: The content of 'definitions' must match (annotation?, (simpleType | complexType)?, (unique | key | keyref)*)). A problem was found starting at: attribute.
2024-05-04 10:08:25,323 [INFO] PluginManage:359 - Loaded plugin pinoutconfig (category:base,tabindex:0)
2024-05-04 10:08:25,323 [INFO] PluginManage:310 - Check plugin power
2024-05-04 10:08:25,349 [INFO] PluginManage:359 - Loaded plugin power (category:power,tabindex:4)
2024-05-04 10:08:25,349 [INFO] PluginManage:310 - Check plugin projectmanager
2024-05-04 10:08:25,367 [INFO] PluginManage:359 - Loaded plugin projectmanager (category:projectmanager,tabindex:3)
2024-05-04 10:08:25,367 [INFO] PluginManage:310 - Check plugin thirdparty
2024-05-04 10:08:25,748 [INFO] PluginManage:359 - Loaded plugin thirdparty (category:base,tabindex:-1)
2024-05-04 10:08:25,748 [INFO] PluginManage:310 - Check plugin tools
2024-05-04 10:08:25,748 [WARN] IntegrityCheckThread:84 - waiting for thirdparty lock release [integrity check]
2024-05-04 10:08:25,749 [INFO] IntegrityCheckThread:86 - entering critical section [integrity check]
2024-05-04 10:08:25,750 [INFO] ThirdPartyUpdaterWithRetryManager:70 - Updater plugin not ready yet. [1/15]
2024-05-04 10:08:25,800 [INFO] PluginManage:359 - Loaded plugin tools (category:base,tabindex:7)
2024-05-04 10:08:25,800 [INFO] PluginManage:310 - Check plugin tutovideos
2024-05-04 10:08:26,061 [INFO] PluginManage:359 - Loaded plugin tutovideos (category:base,tabindex:-1)
2024-05-04 10:08:26,061 [INFO] PluginManage:310 - Check plugin updater
2024-05-04 10:08:26,076 [INFO] PluginManage:359 - Loaded plugin updater (category:base,tabindex:12)
2024-05-04 10:08:26,076 [INFO] PluginManage:310 - Check plugin userauth
2024-05-04 10:08:26,084 [INFO] UserAuth:114 - Init User Auth plugin
2024-05-04 10:08:26,084 [INFO] PluginManage:359 - Loaded plugin userauth (category:base,tabindex:14)
2024-05-04 10:08:26,084 [INFO] PluginManage:283 - PluginManage : Loaded plugins [17]
2024-05-04 10:08:26,532 [INFO] PinOutPanel:1561 - setPackage(No Configuration,No Configuration)
2024-05-04 10:08:26,676 [INFO] CADModel:165 - CPN selected for project level
2024-05-04 10:08:26,676 [INFO] CADModel:114 - Register for checkConnection events
2024-05-04 10:08:26,725 [INFO] IPUIPlugin:80 - create IPUIPlugin
2024-05-04 10:08:26,726 [INFO] PluginManager:220 - loadIPPluginJar : add adc
2024-05-04 10:08:26,783 [INFO] IPUIPlugin:80 - create IPUIPlugin
2024-05-04 10:08:26,783 [INFO] PluginManager:220 - loadIPPluginJar : add aes
2024-05-04 10:08:26,842 [INFO] IPUIPlugin:80 - create IPUIPlugin
2024-05-04 10:08:26,843 [INFO] PluginManager:220 - loadIPPluginJar : add can
2024-05-04 10:08:26,875 [INFO] IPUIPlugin:80 - create IPUIPlugin
2024-05-04 10:08:26,875 [INFO] PluginManager:220 - loadIPPluginJar : add comp
2024-05-04 10:08:26,920 [INFO] IPUIPlugin:80 - create IPUIPlugin
2024-05-04 10:08:26,920 [INFO] PluginManager:220 - loadIPPluginJar : add cryp
2024-05-04 10:08:26,959 [INFO] IPUIPlugin:80 - create IPUIPlugin
2024-05-04 10:08:26,959 [INFO] PluginManager:220 - loadIPPluginJar : add dfsdm
2024-05-04 10:08:26,977 [INFO] IPUIPlugin:80 - create IPUIPlugin
2024-05-04 10:08:26,978 [INFO] PluginManager:220 - loadIPPluginJar : add dma
2024-05-04 10:08:27,036 [INFO] IPUIPlugin:80 - create IPUIPlugin
2024-05-04 10:08:27,037 [INFO] PluginManager:220 - loadIPPluginJar : add dma3
2024-05-04 10:08:27,101 [INFO] IPUIPlugin:80 - create IPUIPlugin
2024-05-04 10:08:27,101 [INFO] PluginManager:220 - loadIPPluginJar : add extmemmanager
2024-05-04 10:08:27,130 [INFO] IPUIPlugin:80 - create IPUIPlugin
2024-05-04 10:08:27,130 [INFO] PluginManager:220 - loadIPPluginJar : add fatfs
2024-05-04 10:08:27,194 [INFO] IPUIPlugin:80 - create IPUIPlugin
2024-05-04 10:08:27,195 [INFO] PluginManager:220 - loadIPPluginJar : add fmc
2024-05-04 10:08:27,213 [INFO] IPUIPlugin:80 - create IPUIPlugin
2024-05-04 10:08:27,214 [INFO] PluginManager:220 - loadIPPluginJar : add freertos
2024-05-04 10:08:27,239 [INFO] IPUIPlugin:80 - create IPUIPlugin
2024-05-04 10:08:27,239 [INFO] PluginManager:220 - loadIPPluginJar : add genericplugin
2024-05-04 10:08:27,358 [INFO] IPUIPlugin:80 - create IPUIPlugin
2024-05-04 10:08:27,359 [INFO] PluginManager:220 - loadIPPluginJar : add gfxmmu
2024-05-04 10:08:27,520 [INFO] IPUIPlugin:80 - create IPUIPlugin
2024-05-04 10:08:27,520 [INFO] PluginManager:220 - loadIPPluginJar : add gic
2024-05-04 10:08:27,538 [INFO] IPUIPlugin:80 - create IPUIPlugin
2024-05-04 10:08:27,538 [INFO] PluginManager:220 - loadIPPluginJar : add gpio
2024-05-04 10:08:27,647 [INFO] IPUIPlugin:80 - create IPUIPlugin
2024-05-04 10:08:27,647 [INFO] PluginManager:220 - loadIPPluginJar : add gtzc
2024-05-04 10:08:27,689 [INFO] IPUIPlugin:80 - create IPUIPlugin
2024-05-04 10:08:27,689 [INFO] PluginManager:220 - loadIPPluginJar : add hash
2024-05-04 10:08:27,757 [INFO] IPUIPlugin:80 - create IPUIPlugin
2024-05-04 10:08:27,757 [INFO] PluginManager:220 - loadIPPluginJar : add i2c
2024-05-04 10:08:27,806 [INFO] IPUIPlugin:80 - create IPUIPlugin
2024-05-04 10:08:27,806 [INFO] PluginManager:220 - loadIPPluginJar : add i2s
2024-05-04 10:08:27,860 [INFO] IPUIPlugin:80 - create IPUIPlugin
2024-05-04 10:08:27,860 [INFO] PluginManager:220 - loadIPPluginJar : add i3c
2024-05-04 10:08:27,988 [INFO] IPUIPlugin:80 - create IPUIPlugin
2024-05-04 10:08:27,988 [INFO] PluginManager:220 - loadIPPluginJar : add ipddr
2024-05-04 10:08:28,104 [INFO] IPUIPlugin:80 - create IPUIPlugin
2024-05-04 10:08:28,104 [INFO] PluginManager:220 - loadIPPluginJar : add linkedlist
2024-05-04 10:08:28,148 [INFO] IPUIPlugin:80 - create IPUIPlugin
2024-05-04 10:08:28,148 [INFO] PluginManager:220 - loadIPPluginJar : add lorawan
2024-05-04 10:08:28,193 [INFO] IPUIPlugin:80 - create IPUIPlugin
2024-05-04 10:08:28,193 [INFO] PluginManager:220 - loadIPPluginJar : add ltdc
2024-05-04 10:08:28,211 [INFO] IPUIPlugin:80 - create IPUIPlugin
2024-05-04 10:08:28,211 [INFO] PluginManager:220 - loadIPPluginJar : add mdma
2024-05-04 10:08:28,226 [INFO] IPUIPlugin:80 - create IPUIPlugin
2024-05-04 10:08:28,226 [INFO] PluginManager:220 - loadIPPluginJar : add nvic
2024-05-04 10:08:28,270 [INFO] IPUIPlugin:80 - create IPUIPlugin
2024-05-04 10:08:28,271 [INFO] PluginManager:220 - loadIPPluginJar : add opamp
2024-05-04 10:08:28,370 [INFO] IPUIPlugin:80 - create IPUIPlugin
2024-05-04 10:08:28,371 [INFO] PluginManager:220 - loadIPPluginJar : add openamp
2024-05-04 10:08:28,456 [INFO] IPUIPlugin:80 - create IPUIPlugin
2024-05-04 10:08:28,457 [INFO] PluginManager:220 - loadIPPluginJar : add pdm2pcm
2024-05-04 10:08:28,485 [INFO] IPUIPlugin:80 - create IPUIPlugin
2024-05-04 10:08:28,490 [INFO] PluginManager:220 - loadIPPluginJar : add plateformsettings
2024-05-04 10:08:28,548 [INFO] IPUIPlugin:80 - create IPUIPlugin
2024-05-04 10:08:28,548 [INFO] PluginManager:220 - loadIPPluginJar : add quadspi
2024-05-04 10:08:28,584 [INFO] IPUIPlugin:80 - create IPUIPlugin
2024-05-04 10:08:28,585 [INFO] PluginManager:220 - loadIPPluginJar : add resmgrutility
2024-05-04 10:08:28,681 [INFO] IPUIPlugin:80 - create IPUIPlugin
2024-05-04 10:08:28,681 [INFO] PluginManager:220 - loadIPPluginJar : add sai
2024-05-04 10:08:28,750 [INFO] IPUIPlugin:80 - create IPUIPlugin
2024-05-04 10:08:28,750 [INFO] PluginManager:220 - loadIPPluginJar : add spi
2024-05-04 10:08:28,752 [INFO] ThirdPartyUpdaterWithRetryManager:70 - Updater plugin not ready yet. [2/15]
2024-05-04 10:08:28,870 [INFO] IPUIPlugin:80 - create IPUIPlugin
2024-05-04 10:08:28,870 [INFO] PluginManager:220 - loadIPPluginJar : add stm32_wpan
2024-05-04 10:08:28,906 [INFO] IPUIPlugin:80 - create IPUIPlugin
2024-05-04 10:08:28,907 [INFO] PluginManager:220 - loadIPPluginJar : add tim
2024-05-04 10:08:28,989 [INFO] IPUIPlugin:80 - create IPUIPlugin
2024-05-04 10:08:28,990 [INFO] PluginManager:220 - loadIPPluginJar : add touchsensing
2024-05-04 10:08:29,019 [INFO] IPUIPlugin:80 - create IPUIPlugin
2024-05-04 10:08:29,019 [INFO] PluginManager:220 - loadIPPluginJar : add tracer_emb
2024-05-04 10:08:29,049 [INFO] IPUIPlugin:80 - create IPUIPlugin
2024-05-04 10:08:29,049 [INFO] PluginManager:220 - loadIPPluginJar : add ts
2024-05-04 10:08:29,079 [INFO] IPUIPlugin:80 - create IPUIPlugin
2024-05-04 10:08:29,079 [INFO] PluginManager:220 - loadIPPluginJar : add tsc
2024-05-04 10:08:29,107 [INFO] IPUIPlugin:80 - create IPUIPlugin
2024-05-04 10:08:29,108 [INFO] PluginManager:220 - loadIPPluginJar : add ucpd
2024-05-04 10:08:29,166 [INFO] IPUIPlugin:80 - create IPUIPlugin
2024-05-04 10:08:29,166 [INFO] PluginManager:220 - loadIPPluginJar : add usart
2024-05-04 10:08:29,222 [INFO] IPUIPlugin:80 - create IPUIPlugin
2024-05-04 10:08:29,222 [INFO] PluginManager:220 - loadIPPluginJar : add usbx
2024-05-04 10:08:29,383 [INFO] CADModel:165 - CPN selected for project level
2024-05-04 10:08:29,383 [INFO] CADModel:114 - Register for checkConnection events
2024-05-04 10:08:29,384 [FATAL] Updater:308 - Updater called before beeing initialized
2024-05-04 10:08:29,384 [ERROR] CADModel:125 - Updater not yet initialized, retry later 
2024-05-04 10:08:29,643 [INFO] CADModel:165 - CPN selected for project level
2024-05-04 10:08:29,643 [INFO] CADModel:114 - Register for checkConnection events
2024-05-04 10:08:29,644 [FATAL] Updater:308 - Updater called before beeing initialized
2024-05-04 10:08:29,644 [ERROR] CADModel:125 - Updater not yet initialized, retry later 
2024-05-04 10:08:29,651 [FATAL] Updater:308 - Updater called before beeing initialized
2024-05-04 10:08:29,871 [FATAL] Updater:308 - Updater called before beeing initialized
2024-05-04 10:08:29,895 [INFO] DbMcusAds:53 - JSON generation date=Thu May 02 12:37:29 GST 2024 (1714639049318)
2024-05-04 10:08:29,896 [FATAL] Updater:308 - Updater called before beeing initialized
2024-05-04 10:08:29,977 [WARN] DetailPanel:346 - Failed to get advertising image, set to default
2024-05-04 10:08:30,123 [FATAL] Updater:308 - Updater called before beeing initialized
2024-05-04 10:08:30,127 [FATAL] Updater:308 - Updater called before beeing initialized
2024-05-04 10:08:30,128 [FATAL] Updater:308 - Updater called before beeing initialized
2024-05-04 10:08:30,128 [WARN] DetailPanel:346 - Failed to get advertising image, set to default
2024-05-04 10:08:30,129 [FATAL] Updater:308 - Updater called before beeing initialized
2024-05-04 10:08:30,286 [ERROR] Updater:1120 - MainUpdater not yet initialized. External WinMGr cannot be set.
2024-05-04 10:08:30,301 [INFO] Updater:1056 - Updater Version found : 6.11.1
2024-05-04 10:08:30,332 [INFO] ApplicationProperties:184 - Using Application install path: C:\ST\STM32CubeIDE_1.14.1\STM32CubeIDE\plugins\com.st.stm32cube.common.mx_6.11.1.202404110753
2024-05-04 10:08:31,753 [INFO] ThirdPartyUpdaterWithRetryManager:70 - Updater plugin not ready yet. [3/15]
2024-05-04 10:08:31,932 [ERROR] LogOutputStream:75 - [STDERR_REDIRECT] May 04, 2024 10:08:31 AM java.util.prefs.WindowsPreferences <init>
2024-05-04 10:08:31,933 [ERROR] LogOutputStream:75 - [STDERR_REDIRECT] WARNING: Could not open/create prefs root node Software\JavaSoft\Prefs at root 0xffffffff80000002. Windows RegCreateKeyEx(...) returned error code 5.
2024-05-04 10:08:31,934 [ERROR] LogOutputStream:75 - [STDERR_REDIRECT] 
2024-05-04 10:08:32,161 [INFO] McuFinderGlobals:63 - Set McuFinder mode to 2 (CubeIDE integrated)
2024-05-04 10:08:33,162 [INFO] MainUpdater:2873 - connection check result : 10
2024-05-04 10:08:33,164 [INFO] MainUpdater:290 - Updater Check For Update Now.
2024-05-04 10:08:33,165 [INFO] MicroXplorer:498 - Change Database Version : DB.6.0.111
2024-05-04 10:08:33,190 [INFO] McuFinderGlobals:63 - Set McuFinder mode to 2 (CubeIDE integrated)
2024-05-04 10:08:33,212 [INFO] UserAuth:415 - Internet connection configuration mode: 1
2024-05-04 10:08:33,264 [INFO] JxBrowserEngine:152 - Initiate JxBrowser Engine with user profile folder
2024-05-04 10:08:33,432 [INFO] CheckServerUpdateThread:120 - End of CheckServer Thread
2024-05-04 10:08:33,617 [INFO] MainUpdater:2873 - connection check result : 10
2024-05-04 10:08:33,628 [INFO] MainUpdater:2873 - connection check result : 10
2024-05-04 10:08:33,931 [INFO] MicroXplorer:468 - Change Database Path : 
2024-05-04 10:08:33,931 [INFO] MicroXplorer:498 - Change Database Version : DB.6.0.111
2024-05-04 10:08:33,944 [WARN] ThirdParty:871 - waiting for thirdparty lock release [close project]
2024-05-04 10:08:35,023 [WARN] PackLoader:240 - Cannot read IP mode file for STMicroelectronics.FP-SNS-MOTENVWB1.1.4.0
2024-05-04 10:08:35,059 [WARN] PackLoader:240 - Cannot read IP mode file for STMicroelectronics.X-CUBE-SMBUS.2.1.0
2024-05-04 10:08:35,083 [WARN] PackLoader:240 - Cannot read IP mode file for STMicroelectronics.X-CUBE-TOUCHGFX.4.23.1
2024-05-04 10:08:35,103 [WARN] PackLoader:240 - Cannot read IP mode file for STMicroelectronics.X-CUBE-TOUCHGFX.4.23.0
2024-05-04 10:08:35,123 [WARN] PackLoader:240 - Cannot read IP mode file for STMicroelectronics.X-CUBE-TOUCHGFX.4.23.2
2024-05-04 10:08:35,207 [WARN] PackLoader:240 - Cannot read IP mode file for STMicroelectronics.X-CUBE-AZRTOS-F7.1.1.0
2024-05-04 10:08:35,248 [WARN] PackLoader:240 - Cannot read IP mode file for STMicroelectronics.FP-SNS-MOTENV1.4.3.2
2024-05-04 10:08:35,282 [WARN] PackLoader:240 - Cannot read IP mode file for STMicroelectronics.FP-SNS-FLIGHT1.5.0.2
2024-05-04 10:08:35,316 [WARN] PackLoader:240 - Cannot read IP mode file for STMicroelectronics.X-CUBE-DISPLAY.3.0.0
2024-05-04 10:08:35,363 [WARN] PackLoader:240 - Cannot read IP mode file for STMicroelectronics.X-CUBE-BLE1.7.0.0
2024-05-04 10:08:35,403 [WARN] PackLoader:240 - Cannot read IP mode file for emotas.I-CUBE-CANOPEN.1.3.0
2024-05-04 10:08:35,454 [WARN] PackLoader:240 - Cannot read IP mode file for STMicroelectronics.X-CUBE-BLEMGR.3.1.0
2024-05-04 10:08:35,485 [WARN] PackLoader:240 - Cannot read IP mode file for STMicroelectronics.FP-SNS-SMARTAG2.1.2.0
2024-05-04 10:08:35,538 [INFO] LogOutputStream:77 - [STDOUT_REDIRECT] 1 : Invalid condition id : UX_CORESTACK_Condition cause : null
2024-05-04 10:08:35,539 [INFO] LogOutputStream:77 - [STDOUT_REDIRECT] 1 : Invalid condition id : UX_CORESTACK_Condition cause : null
2024-05-04 10:08:35,542 [INFO] LogOutputStream:77 - [STDOUT_REDIRECT] 1 : Invalid condition id : UX_CORESTACK_Condition cause : null
2024-05-04 10:08:35,544 [INFO] LogOutputStream:77 - [STDOUT_REDIRECT] 1 : Invalid condition id : UX_CORESTACK_Condition cause : null
2024-05-04 10:08:35,546 [INFO] LogOutputStream:77 - [STDOUT_REDIRECT] 1 : Invalid condition id : UX_CORESTACK_Condition cause : null
2024-05-04 10:08:35,564 [WARN] PackLoader:240 - Cannot read IP mode file for STMicroelectronics.X-CUBE-AZRTOS-WL.2.0.0
2024-05-04 10:08:35,604 [WARN] PackLoader:240 - Cannot read IP mode file for STMicroelectronics.FP-SNS-MOTENV1.5.0.0
2024-05-04 10:08:35,649 [WARN] PackLoader:240 - Cannot read IP mode file for WES.I-CUBE-Cesium.1.3.0
2024-05-04 10:08:35,694 [WARN] PackLoader:240 - Cannot read IP mode file for STMicroelectronics.X-CUBE-BLE2.3.3.0
2024-05-04 10:08:35,744 [WARN] PackLoader:240 - Cannot read IP mode file for STMicroelectronics.X-CUBE-TCPP.4.1.0
2024-05-04 10:08:35,775 [WARN] PackLoader:240 - Cannot read IP mode file for STMicroelectronics.X-CUBE-ALGOBUILD.1.3.0
2024-05-04 10:08:35,818 [WARN] PackLoader:240 - Cannot read IP mode file for STMicroelectronics.X-CUBE-AZRTOS-G0.1.1.0
2024-05-04 10:08:35,864 [WARN] PackLoader:240 - Cannot read IP mode file for STMicroelectronics.X-CUBE-SAFEA1.1.2.2
2024-05-04 10:08:35,909 [WARN] PackLoader:240 - Cannot read IP mode file for STMicroelectronics.X-CUBE-NFC4.3.0.0
2024-05-04 10:08:35,937 [WARN] PackLoader:240 - Cannot read IP mode file for STMicroelectronics.X-CUBE-BLEMGR.3.0.0
2024-05-04 10:08:35,962 [WARN] PackLoader:240 - Cannot read IP mode file for STMicroelectronics.FP-ATR-SIGFOX1.3.2.0
2024-05-04 10:08:35,991 [WARN] PackLoader:240 - Cannot read IP mode file for STMicroelectronics.X-CUBE-EEPRMA1.5.1.0
2024-05-04 10:08:36,067 [WARN] PackLoader:240 - Cannot read IP mode file for SEGGER.I-CUBE-embOS.1.3.1
2024-05-04 10:08:36,159 [WARN] PackLoader:240 - Cannot read IP mode file for STMicroelectronics.X-CUBE-GNSS1.6.0.0
2024-05-04 10:08:36,221 [WARN] PackLoader:240 - Cannot read IP mode file for STMicroelectronics.X-CUBE-AZRTOS-F4.1.1.0
2024-05-04 10:08:36,244 [WARN] PackLoader:240 - Cannot read IP mode file for STMicroelectronics.X-CUBE-FREERTOS.1.2.0
2024-05-04 10:08:36,267 [WARN] PackLoader:240 - Cannot read IP mode file for wolfSSL.I-CUBE-wolfSSL.5.6.6
2024-05-04 10:08:36,312 [WARN] PackLoader:240 - Cannot read IP mode file for STMicroelectronics.X-CUBE-AZRTOS-L5.2.0.0
2024-05-04 10:08:36,335 [WARN] PackLoader:240 - Cannot read IP mode file for STMicroelectronics.X-CUBE-NFC6.3.1.0
2024-05-04 10:08:36,364 [WARN] PackLoader:240 - Cannot read IP mode file for ITTIA_DB.I-CUBE-ITTIADB.8.8.0
2024-05-04 10:08:36,382 [WARN] PackLoader:240 - Cannot read IP mode file for STMicroelectronics.X-CUBE-AI.9.0.0
2024-05-04 10:08:36,416 [WARN] PackLoader:240 - Cannot read IP mode file for STMicroelectronics.X-CUBE-NFC7.1.0.1
2024-05-04 10:08:36,455 [WARN] PackLoader:240 - Cannot read IP mode file for STMicroelectronics.X-CUBE-NFC6.3.0.0
2024-05-04 10:08:36,485 [WARN] PackLoader:240 - Cannot read IP mode file for STMicroelectronics.X-CUBE-AI.8.1.0
2024-05-04 10:08:36,540 [WARN] ConditionMgr:438 - getConditionDescription Invalid condition id : LAN8742 Phy interface Condition cause : null
2024-05-04 10:08:36,541 [WARN] PackLoader:240 - Cannot read IP mode file for STMicroelectronics.X-CUBE-AZRTOS-L4.2.0.0
2024-05-04 10:08:36,544 [WARN] ConditionMgr:1039 - genDependencies : Invalid condition id : LAN8742 Phy interface Condition cause : null
2024-05-04 10:08:36,544 [WARN] ConditionMgr:1039 - genDependencies : Invalid condition id : LAN8742 Phy interface Condition cause : null
2024-05-04 10:08:36,546 [WARN] ConditionMgr:1039 - genDependencies : Invalid condition id : LAN8742 Phy interface Condition cause : null
2024-05-04 10:08:36,571 [WARN] PackLoader:240 - Cannot read IP mode file for STMicroelectronics.X-CUBE-SFXS2LP1.4.0.0
2024-05-04 10:08:36,620 [WARN] ConditionMgr:438 - getConditionDescription Invalid condition id : UX DEVICE CLASS RTOS Condition cause : null
2024-05-04 10:08:36,620 [WARN] ConditionMgr:438 - getConditionDescription Invalid condition id : UX DEVICE CLASS RTOS Condition cause : null
2024-05-04 10:08:36,623 [WARN] PackLoader:240 - Cannot read IP mode file for STMicroelectronics.X-CUBE-AZRTOS-WB.2.0.0
2024-05-04 10:08:36,624 [WARN] ConditionMgr:1039 - genDependencies : Invalid condition id : UX DEVICE CLASS RTOS Condition cause : null
2024-05-04 10:08:36,624 [WARN] ConditionMgr:1039 - genDependencies : Invalid condition id : UX DEVICE CLASS RTOS Condition cause : null
2024-05-04 10:08:36,625 [WARN] ConditionMgr:1039 - genDependencies : Invalid condition id : UX DEVICE CLASS RTOS Condition cause : null
2024-05-04 10:08:36,625 [WARN] ConditionMgr:1039 - genDependencies : Invalid condition id : UX DEVICE CLASS RTOS Condition cause : null
2024-05-04 10:08:36,626 [WARN] ConditionMgr:1039 - genDependencies : Invalid condition id : UX DEVICE CLASS RTOS Condition cause : null
2024-05-04 10:08:36,652 [WARN] PackLoader:240 - Cannot read IP mode file for STMicroelectronics.X-CUBE-SUBG2.5.0.0
2024-05-04 10:08:36,704 [WARN] PackLoader:240 - Cannot read IP mode file for STMicroelectronics.X-CUBE-AZRTOS-G4.2.0.0
2024-05-04 10:08:36,746 [WARN] PackLoader:240 - Cannot read IP mode file for Infineon.AIROC-Wi-Fi-Bluetooth-STM32.1.5.1
2024-05-04 10:08:36,773 [WARN] PackLoader:240 - Cannot read IP mode file for STMicroelectronics.FP-SNS-MOTENVWB1.1.3.1
2024-05-04 10:08:36,791 [WARN] PackLoader:240 - Cannot read IP mode file for STMicroelectronics.X-CUBE-ISPU.2.0.0
2024-05-04 10:08:36,876 [WARN] PackLoader:240 - Cannot read IP mode file for STMicroelectronics.X-CUBE-MEMS1.10.0.0
2024-05-04 10:08:37,054 [WARN] PackLoader:240 - Cannot read IP mode file for STMicroelectronics.X-CUBE-FREERTOS.1.1.0
2024-05-04 10:08:37,072 [WARN] PackLoader:240 - Cannot read IP mode file for portGmbH.I-Cube-SoM-uGOAL.1.1.0
2024-05-04 10:08:37,098 [WARN] PackLoader:240 - Cannot read IP mode file for STMicroelectronics.X-CUBE-ALS.1.0.1
2024-05-04 10:08:37,146 [WARN] PackLoader:240 - Cannot read IP mode file for STMicroelectronics.X-CUBE-AZRTOS-H7RS.1.0.0
2024-05-04 10:08:37,170 [WARN] PackLoader:240 - Cannot read IP mode file for STMicroelectronics.FP-ATR-ASTRA1.2.0.0
2024-05-04 10:08:37,204 [WARN] PackLoader:240 - Cannot read IP mode file for STMicroelectronics.X-CUBE-TOF1.3.4.0
2024-05-04 10:08:37,250 [WARN] PackLoader:240 - Cannot read IP mode file for STMicroelectronics.X-CUBE-TOF1.3.4.1
2024-05-04 10:08:37,310 [WARN] PackLoader:240 - Cannot read IP mode file for STMicroelectronics.X-CUBE-AZRTOS-H7.3.2.0
2024-05-04 10:08:37,317 [INFO] ThirdParty:978 - Integrity check success = true
2024-05-04 10:08:37,317 [INFO] IntegrityCheckThread:100 - exiting critical section [integrity check]
2024-05-04 10:08:37,317 [INFO] IntegrityCheckThread:103 - End integrity checks thread
2024-05-04 10:08:37,318 [INFO] ThirdParty:873 - entering critical section [close project]
2024-05-04 10:08:37,319 [INFO] ThirdParty:883 - exiting critical section [close project]
2024-05-04 10:08:37,323 [INFO] PinOutPanel:1561 - setPackage(No Configuration,No Configuration)
2024-05-04 10:08:37,329 [INFO] UtilMem:75 - Begin LoadConfig() Used Memory: 196310008 Bytes (268435456)
2024-05-04 10:08:37,331 [INFO] MicroXplorer:468 - Change Database Path : 
2024-05-04 10:08:37,331 [INFO] MicroXplorer:498 - Change Database Version : DB.6.0.111
2024-05-04 10:08:37,332 [INFO] OpenFileManager:312 - Change cursor
2024-05-04 10:08:37,387 [INFO] Mcu:2021 - Initializing MCU STM32F103C(8-B)Tx STM32F103C8Tx STM32F103C8T6
2024-05-04 10:08:38,904 [INFO] Context:663 - Trying to add GPIOservice into a context  which must be forbidden
2024-05-04 10:08:39,364 [INFO] RtosManager:555 - Registered RTOS mode: class=CMSIS, group=RTOS, mode=CMSIS_V1, owner=FREERTOS
2024-05-04 10:08:39,366 [INFO] RtosManager:555 - Registered RTOS mode: class=CMSIS, group=RTOS2, mode=CMSIS_V2, owner=FREERTOS
2024-05-04 10:08:39,366 [INFO] RtosManager:555 - Registered RTOS mode: class=RTOS, group=Core, mode=CMSIS_V1, owner=FREERTOS
2024-05-04 10:08:39,366 [INFO] RtosManager:555 - Registered RTOS mode: class=RTOS, group=Core, mode=CMSIS_V2, owner=FREERTOS
2024-05-04 10:08:39,366 [WARN] ModelIntegratedComponent:184 - Missing modes for component STMicroelectronics:FreeRTOS:0.0.1:STMicroelectronics:RTOS:FreeRTOS:Core:::10.2.0:
2024-05-04 10:08:39,390 [WARN] ModelIntegratedComponent:63 - No mode defined for component null
2024-05-04 10:08:39,390 [WARN] ModelIntegratedComponent:63 - No mode defined for component null
2024-05-04 10:08:39,390 [WARN] ModelIntegratedComponent:63 - No mode defined for component null
2024-05-04 10:08:39,390 [WARN] ModelIntegratedComponent:63 - No mode defined for component null
2024-05-04 10:08:39,390 [WARN] ModelIntegratedComponent:63 - No mode defined for component null
2024-05-04 10:08:39,390 [WARN] ModelIntegratedComponent:63 - No mode defined for component null
2024-05-04 10:08:39,390 [WARN] ModelIntegratedComponent:63 - No mode defined for component null
2024-05-04 10:08:39,390 [WARN] ModelIntegratedComponent:63 - No mode defined for component null
2024-05-04 10:08:39,390 [WARN] ModelIntegratedComponent:63 - No mode defined for component null
2024-05-04 10:08:39,390 [WARN] ModelIntegratedComponent:63 - No mode defined for component null
2024-05-04 10:08:39,390 [WARN] ModelIntegratedComponent:63 - No mode defined for component null
2024-05-04 10:08:39,390 [WARN] ModelIntegratedComponent:63 - No mode defined for component null
2024-05-04 10:08:39,391 [WARN] ModelIntegratedComponent:63 - No mode defined for component null
2024-05-04 10:08:39,391 [WARN] ModelIntegratedComponent:63 - No mode defined for component null
2024-05-04 10:08:39,391 [WARN] ModelIntegratedComponent:63 - No mode defined for component null
2024-05-04 10:08:39,391 [WARN] ModelIntegratedComponent:63 - No mode defined for component null
2024-05-04 10:08:39,391 [WARN] ModelIntegratedComponent:63 - No mode defined for component null
2024-05-04 10:08:39,391 [WARN] ModelIntegratedComponent:63 - No mode defined for component null
2024-05-04 10:08:39,391 [WARN] ModelIntegratedComponent:63 - No mode defined for component null
2024-05-04 10:08:39,391 [WARN] ModelIntegratedComponent:63 - No mode defined for component null
2024-05-04 10:08:39,391 [WARN] ModelIntegratedComponent:63 - No mode defined for component null
2024-05-04 10:08:39,391 [WARN] ModelIntegratedComponent:63 - No mode defined for component null
2024-05-04 10:08:39,391 [WARN] ModelIntegratedComponent:63 - No mode defined for component null
2024-05-04 10:08:39,391 [WARN] ModelIntegratedComponent:63 - No mode defined for component null
2024-05-04 10:08:39,391 [WARN] ModelIntegratedComponent:63 - No mode defined for component null
2024-05-04 10:08:39,391 [WARN] ModelIntegratedComponent:63 - No mode defined for component null
2024-05-04 10:08:39,391 [WARN] ModelIntegratedComponent:63 - No mode defined for component null
2024-05-04 10:08:39,391 [WARN] ModelIntegratedComponent:63 - No mode defined for component null
2024-05-04 10:08:39,391 [WARN] ModelIntegratedComponent:63 - No mode defined for component null
2024-05-04 10:08:39,392 [WARN] ModelIntegratedComponent:63 - No mode defined for component null
2024-05-04 10:08:39,392 [WARN] ModelIntegratedComponent:63 - No mode defined for component null
2024-05-04 10:08:39,392 [WARN] ModelIntegratedComponent:63 - No mode defined for component null
2024-05-04 10:08:39,392 [WARN] ModelIntegratedComponent:63 - No mode defined for component null
2024-05-04 10:08:39,392 [WARN] ModelIntegratedComponent:63 - No mode defined for component null
2024-05-04 10:08:39,555 [INFO] ThirdPartyModel:298 - Start build external matchings
2024-05-04 10:08:39,996 [INFO] ThirdPartyModel:316 - End build external matchings
2024-05-04 10:08:40,018 [INFO] ImportTextPane:194 - (OptionalMessage_ERROR) IP (RCC) : Parameter (ADCFreqValue) has invalid value (36000000)
2024-05-04 10:08:40,018 [INFO] ImportTextPane:194 - (OptionalMessage_ERROR) IP (RCC) : Invalid parameter (FamilyName)
2024-05-04 10:08:40,019 [INFO] ImportTextPane:194 - (OptionalMessage_ERROR) IP (RCC) : Parameter (MCOFreq_Value) has invalid value (72000000)
2024-05-04 10:08:40,020 [INFO] ImportTextPane:194 - (OptionalMessage_ERROR) IP (RCC) : Parameter (USBFreq_Value) has invalid value (72000000)
2024-05-04 10:08:40,398 [INFO] ApiDb:581 - Connected to CubeFinder SQLite database (C:\Users\sunil\.stmcufinder\plugins\mcufinder\mcu\cube-finder-db.db)
2024-05-04 10:08:40,481 [INFO] ApiDb:668 - CubeFinder database Data Model version=2.1
2024-05-04 10:08:40,481 [INFO] ApiDb:669 - CubeFinder database Configuration version=3.0.39
2024-05-04 10:08:40,482 [INFO] ApiDb:670 - CubeFinder database generation date=2024-04-15 (1713193726)
2024-05-04 10:08:40,482 [INFO] ApiDb:671 - CubeFinder database FW Pack versions=[FP-ATR-ASTRA1_V2.0.0, FP-SNS-FLIGHT1_V5.0.1, FP-SNS-FLIGHT1_V5.0.2, FP-SNS-MOTENV1_V4.3.1, FP-SNS-MOTENV1_V4.3.2, FP-SNS-MOTENVWB1_V1.3.1, FP-SNS-SMARTAG2_V1.2.0, STM32Cube_FW_C0_V1.1.0, STM32Cube_FW_F4_V1.28.0, STM32Cube_FW_F7_V1.17.0, STM32Cube_FW_G0_V1.6.2, STM32Cube_FW_G4_V1.5.2, STM32Cube_FW_H5_V0.5.1, STM32Cube_FW_H5_V1.1.1, STM32Cube_FW_H5_V1.2.0, STM32Cube_FW_H5_V1.2.0RC4, STM32Cube_FW_H7RS_V1.0.0, STM32Cube_FW_H7RS_V1.0.0RC4, STM32Cube_FW_H7_V1.11.0, STM32Cube_FW_L0_V1.12.2, STM32Cube_FW_L5_V1.5.1, STM32Cube_FW_U0_V1.0.0, STM32Cube_FW_U0_V1.0.0RC1, STM32Cube_FW_U5_V1.3.0RC4, STM32Cube_FW_U5_V1.5.0, STM32Cube_FW_U5_V1.5.0RC1, STM32Cube_FW_WBA_V1.0.0RC1, STM32Cube_FW_WBA_V1.2.0, STM32Cube_FW_WBA_V1.2.0RC2, STM32Cube_FW_WBA_V1.3.0, STM32Cube_FW_WBA_V1.3.0RC1, STM32Cube_FW_WB_V1.15.0RC1, STM32Cube_FW_WB_V1.16.0, STM32Cube_FW_WB_V1.16.0RC2, STM32Cube_FW_WB_V1.18.0, STM32Cube_FW_WB_V1.19.0, STM32Cube_FW_WL_V1.3.0, X-CUBE-ALGOBUILD_V1.3.0, X-CUBE-ALS_V1.0.1, X-CUBE-AZRTOS-F4_V1.1.0, X-CUBE-AZRTOS-F7_V1.1.0, X-CUBE-AZRTOS-G0_V1.1.0, X-CUBE-AZRTOS-G4_V2.0.0, X-CUBE-AZRTOS-H7_V3.2.0, X-CUBE-AZRTOS-L4_V1.0.0, X-CUBE-AZRTOS-L4_V2.0.0, X-CUBE-AZRTOS-L5_V1.1.0, X-CUBE-AZRTOS-WB_V2.0.0, X-CUBE-AZRTOS-WL_V2.0.0, X-CUBE-BLE1_V7.0.0, X-CUBE-BLE2_V3.3.0, X-CUBE-BLEMGR_V3.1.0, X-CUBE-EEPRMA1_V4.1.0, X-CUBE-EEPRMA1_V5.1.0, X-CUBE-FREERTOS_V1.1.0, X-CUBE-GNSS1_V6.0.0, X-CUBE-MEMS1_V10.0.0, X-CUBE-MEMS1_V9.1.0, X-CUBE-MEMS1_V9.4.0, X-CUBE-MEMS1_V9.6.0, X-CUBE-NFC4_V3.0.0, X-CUBE-NFC7_V1.0.1, X-CUBE-SFXS2LP1_V4.0.0, X-CUBE-SUBG2_V5.0.0, X-CUBE-TOF1_V3.4.0]
2024-05-04 10:08:40,613 [INFO] DbBoardsSqlite:226 - include board P-NUCLEO-WB55-NUCLEO as a kit item of type 'Nucleo-64'
2024-05-04 10:08:40,613 [INFO] DbBoardsSqlite:226 - include board P-NUCLEO-WB55-USBDONGLE as a kit item of type 'Nucleo USB Dongle'
2024-05-04 10:08:40,615 [INFO] DbBoardsSqlite:226 - include board STEVAL-IDP005V1 as a kit item of type 'Evaluation Board'
2024-05-04 10:08:40,615 [INFO] DbBoardsSqlite:226 - include board STEVAL-IDP005V2 as a kit item of type 'Evaluation Board'
2024-05-04 10:08:41,397 [INFO] WebApp:161 - Instantiating new browser for Auth
2024-05-04 10:08:41,399 [INFO] ApiDb:240 - Found 483 in-development CPN: [B-G473E-ZEST1S, B-WB1M-WPAN1, B-WL5M-SUBG1, NUCLEO-C031C6, NUCLEO-H503RB, NUCLEO-H533RE, NUCLEO-H563ZI, NUCLEO-H7S3L8, NUCLEO-U031R8, NUCLEO-U083RC, NUCLEO-U545RE-Q, NUCLEO-U5A5ZJ-Q, NUCLEO-WBA52CG, NUCLEO-WBA55CG, STEVAL-PROTEUS1, STEVAL-SMARTAG2, STEVAL-STWINBX1, STM320518-EVAL, STM32C0116-DK, STM32C011D6Y3TR, STM32C011D6Y6TR, STM32C011F4P3, STM32C011F4P6, STM32C011F4U3, STM32C011F4U6TR, STM32C011F6P3, STM32C011F6P6, STM32C011F6U3, STM32C011F6U6TR, STM32C011J4M3, STM32C011J4M6, STM32C011J6M3, STM32C011J6M6, STM32C0316-DK, STM32C031C4T3, STM32C031C4T6, STM32C031C4U3, STM32C031C4U6, STM32C031C6T3, STM32C031C6T6, STM32C031C6U3, STM32C031C6U6, STM32C031F4P3, STM32C031F4P6, STM32C031F6P3, STM32C031F6P6, STM32C031G4U3, STM32C031G4U6, STM32C031G6U3, STM32C031G6U6, STM32C031K4T3, STM32C031K4T6, STM32C031K4U3, STM32C031K4U6, STM32C031K6T3, STM32C031K6T6, STM32C031K6U3, STM32C031K6U6, STM32G071K8TXN, STM32G071K8UXN, STM32G081GBU6N, STM32G081KBT6N, STM32G081KBUXN, STM32G0B1CCT6N, STM32G0B1KCT6, STM32G0B1NEY6TR, STM32G0B1RCT6N, STM32G0C1CCT6, STM32G0C1CCT6N, STM32G0C1CCU6N, STM32G0C1CET6N, STM32G0C1CEU6N, STM32G0C1KCT6, STM32G0C1NEY6TR, STM32G0C1RCI6N, STM32G0C1RCT6N, STM32G0C1REI6N, STM32G0C1RET6N, STM32G0C1VCI6, STM32G0C1VEI6, STM32G471CCT6, STM32G471CCU6, STM32G471CET3, STM32G471CET6, STM32G471CEU3, STM32G471CEU6, STM32G471MCT6, STM32G471MET3, STM32G471MET6, STM32G471MEY6TR, STM32G471QCT6, STM32G471QET3, STM32G471RCT6, STM32G471RET3, STM32G471RET6, STM32G471VCH6, STM32G471VCI6, STM32G471VCT6, STM32G471VEH3, STM32G471VEH6, STM32G471VEI3, STM32G471VEI6, STM32G471VET3, STM32G471VET6, STM32G474CCT6, STM32H503CBT6, STM32H503CBU6, STM32H503EBY6TR, STM32H503KBU6, STM32H503RBT6, STM32H523CCT6, STM32H523CCU6, STM32H523CET6, STM32H523CEU6, STM32H523HEY6TR, STM32H523RCT6, STM32H523RET6, STM32H523VCI6, STM32H523VCT6, STM32H523VEI6, STM32H523VET6, STM32H523ZCJ6, STM32H523ZCT6, STM32H523ZEJ6, STM32H523ZET6, STM32H533CET6, STM32H533CEU6, STM32H533HEY6TR, STM32H533RET6, STM32H533VEI6, STM32H533VET6, STM32H533ZEJ6, STM32H533ZET6, STM32H562AGI6, STM32H562AII6, STM32H562IGK6, STM32H562IGT6, STM32H562IIK6, STM32H562IIT6, STM32H562RGT6, STM32H562RGV6, STM32H562RIT6, STM32H562RIV6, STM32H562VGT6, STM32H562VIT6, STM32H562ZGT6, STM32H562ZIT6, STM32H563AGI6, STM32H563AII3Q, STM32H563AII6, STM32H563IGK6, STM32H563IGT6, STM32H563IIK3Q, STM32H563IIK6, STM32H563IIT3Q, STM32H563IIT6, STM32H563MIY3QTR, STM32H563RGT6, STM32H563RGV6, STM32H563RIT6, STM32H563RIV6, STM32H563VGT6, STM32H563VIT3Q, STM32H563VIT6, STM32H563ZGT6, STM32H563ZIT3Q, STM32H563ZIT6, STM32H573AII3Q, STM32H573AII6, STM32H573I-DK, STM32H573IIK3Q, STM32H573IIK6, STM32H573IIT3Q, STM32H573IIT6, STM32H573MIY3QTR, STM32H573RIT6, STM32H573RIV6, STM32H573VIT3Q, STM32H573VIT6, STM32H573ZIT3Q, STM32H573ZIT6, STM32H7R3A8I6, STM32H7R3I8K6, STM32H7R3I8T6, STM32H7R3L8H6, STM32H7R3L8H6H, STM32H7R3R8V6, STM32H7R3V8H6, STM32H7R3V8T6, STM32H7R3V8Y6, STM32H7R3Z8J6, STM32H7R3Z8T6, STM32H7R7A8I6, STM32H7R7I8K6, STM32H7R7I8T6, STM32H7R7L8H6, STM32H7R7L8H6H, STM32H7R7Z8J6, STM32H7S3A8I6, STM32H7S3I8K6, STM32H7S3I8T6, STM32H7S3L8H6, STM32H7S3L8H6H, STM32H7S3R8V6, STM32H7S3V8H6, STM32H7S3V8T6, STM32H7S3V8Y6, STM32H7S3Z8J6, STM32H7S3Z8T6, STM32H7S78-DK, STM32H7S7A8I6, STM32H7S7I8K6, STM32H7S7I8T6, STM32H7S7L8H6, STM32H7S7L8H6H, STM32H7S7Z8J6, STM32L4R5QGI6STR, STM32MP131AAE3, STM32MP131AAF3, STM32MP131AAG3, STM32MP131CAE3, STM32MP131CAF3, STM32MP131CAG3, STM32MP131DAE7, STM32MP131DAF7, STM32MP131DAG7, STM32MP131FAE7, STM32MP131FAF7, STM32MP131FAG7, STM32MP133AAE3, STM32MP133AAF3, STM32MP133AAG3, STM32MP133CAE3, STM32MP133CAF3, STM32MP133CAG3, STM32MP133DAE7, STM32MP133DAF7, STM32MP133DAG7, STM32MP133FAE7, STM32MP133FAF7, STM32MP133FAG7, STM32MP135AAE3, STM32MP135AAF3, STM32MP135AAG3, STM32MP135CAE3, STM32MP135CAF3, STM32MP135CAG3, STM32MP135DAE7, STM32MP135DAF7, STM32MP135DAG7, STM32MP135F-DK, STM32MP135FAE7, STM32MP135FAF7, STM32MP135FAF7T, STM32MP135FAF7U, STM32MP135FAG7, STM32U031C6T6, STM32U031C6U6, STM32U031C8T6, STM32U031C8U6, STM32U031F4P6, STM32U031F6P6, STM32U031F8P6, STM32U031G6Y6TR, STM32U031G8Y6TR, STM32U031K4U6, STM32U031K6U6, STM32U031K8U6, STM32U031R6I6, STM32U031R6T6, STM32U031R8I6, STM32U031R8T6, STM32U073C8T6, STM32U073C8U6, STM32U073CBT6, STM32U073CBU6, STM32U073CCT6, STM32U073CCU6, STM32U073H8Y6TR, STM32U073HBY6TR, STM32U073HCY6TR, STM32U073K8U6, STM32U073KBU6, STM32U073KCU6, STM32U073M8I6, STM32U073M8T6, STM32U073MBI6, STM32U073MBT6, STM32U073MCI6, STM32U073MCT6, STM32U073R8I6, STM32U073R8T6, STM32U073RBI6, STM32U073RBT6, STM32U073RCI6, STM32U073RCT6, STM32U083C-DK, STM32U083CCT6, STM32U083CCU6, STM32U083HCY6TR, STM32U083KCU6, STM32U083MCI6, STM32U083MCT6, STM32U083RCI6, STM32U083RCT6, STM32U535CBT6, STM32U535CBT6Q, STM32U535CBU6, STM32U535CBU6Q, STM32U535CCT6, STM32U535CCT6Q, STM32U535CCU6, STM32U535CCU6Q, STM32U535CET6, STM32U535CET6Q, STM32U535CEU6, STM32U535CEU6Q, STM32U535JEY6QTR, STM32U535NCY6QTR, STM32U535NEY6QTR, STM32U535RBI6, STM32U535RBI6Q, STM32U535RBT6, STM32U535RBT6Q, STM32U535RCI6, STM32U535RCI6Q, STM32U535RCT6, STM32U535RCT6Q, STM32U535REI6, STM32U535REI6Q, STM32U535RET6, STM32U535RET6Q, STM32U535VCI6, STM32U535VCI6Q, STM32U535VCT6, STM32U535VCT6Q, STM32U535VEI6, STM32U535VEI6Q, STM32U535VET6, STM32U535VET6Q, STM32U545CET6, STM32U545CET6Q, STM32U545CEU6, STM32U545CEU6Q, STM32U545JEY6QTR, STM32U545NEY6QTR, STM32U545REI6, STM32U545REI6Q, STM32U545RET6, STM32U545RET6Q, STM32U545VEI6, STM32U545VEI6Q, STM32U545VET6, STM32U545VET6Q, STM32U595AIH6, STM32U595AIH6Q, STM32U595AJH6, STM32U595AJH6Q, STM32U595QII6, STM32U595QII6Q, STM32U595QJI6, STM32U595QJI6Q, STM32U595RIT6, STM32U595RIT6Q, STM32U595RJT6, STM32U595RJT6Q, STM32U595VIT6, STM32U595VIT6Q, STM32U595VJT6, STM32U595VJT6Q, STM32U595ZIT6, STM32U595ZIT6Q, STM32U595ZIY6QTR, STM32U595ZJT6, STM32U595ZJT6Q, STM32U595ZJY6QTR, STM32U599BJY6QTR, STM32U599NIH6Q, STM32U599NJH6Q, STM32U599VIT6Q, STM32U599VJT6, STM32U599VJT6Q, STM32U599ZIT6Q, STM32U599ZIY6QTR, STM32U599ZJT6Q, STM32U599ZJY6QTR, STM32U5A5AJH6, STM32U5A5AJH6Q, STM32U5A5QII3Q , STM32U5A5QJI6, STM32U5A5QJI6Q, STM32U5A5RJT6, STM32U5A5RJT6Q, STM32U5A5VJT6, STM32U5A5VJT6Q, STM32U5A5ZJT6, STM32U5A5ZJT6Q, STM32U5A5ZJY6QTR, STM32U5A9BJY6QTR, STM32U5A9J-DK, STM32U5A9NJH6Q, STM32U5A9VJT6Q, STM32U5A9ZJT6Q, STM32U5A9ZJY6QTR, STM32U5F7VIT6, STM32U5F7VIT6Q, STM32U5F7VJT6, STM32U5F7VJT6Q, STM32U5F9BJY6QTR, STM32U5F9NJH6Q, STM32U5F9VIT6Q, STM32U5F9VJT6Q, STM32U5F9ZIJ6QTR, STM32U5F9ZIT6Q, STM32U5F9ZJJ6QTR, STM32U5F9ZJT6Q, STM32U5G7VJT6, STM32U5G7VJT6Q, STM32U5G9BJY6QTR, STM32U5G9J-DK1, STM32U5G9J-DK2, STM32U5G9NJH6Q, STM32U5G9VJT6Q, STM32U5G9ZJJ6QTR, STM32U5G9ZJT6Q, STM32WB1MMCH6, STM32WBA50KEU6, STM32WBA50KEU6TR, STM32WBA50KGU6, STM32WBA50KGU6TR, STM32WBA52CEU6, STM32WBA52CEU6TR, STM32WBA52CEU7, STM32WBA52CEU7TR, STM32WBA52CGU6, STM32WBA52CGU6TR, STM32WBA52CGU6U, STM32WBA52CGU7, STM32WBA52CGU7TR, STM32WBA52KEU6, STM32WBA52KEU6TR, STM32WBA52KGU6, STM32WBA52KGU6TR, STM32WBA54CEU6, STM32WBA54CEU6TR, STM32WBA54CEU7, STM32WBA54CEU7TR, STM32WBA54CGU6, STM32WBA54CGU6TR, STM32WBA54CGU7, STM32WBA54CGU7TR, STM32WBA54KEU6, STM32WBA54KEU6TR, STM32WBA54KEU7, STM32WBA54KEU7TR, STM32WBA54KGU6, STM32WBA54KGU6TR, STM32WBA54KGU7, STM32WBA54KGU7TR, STM32WBA55CEU6, STM32WBA55CEU6TR, STM32WBA55CEU7, STM32WBA55CEU7TR, STM32WBA55CGU6, STM32WBA55CGU6TR, STM32WBA55CGU6U, STM32WBA55CGU7, STM32WBA55CGU7TR, STM32WBA55G-DK1, STM32WBA55HEF6, STM32WBA55HEF7, STM32WBA55HGF6, STM32WBA55HGF7, STM32WBA55UEI6, STM32WBA55UEI6TR, STM32WBA55UEI7, STM32WBA55UEI7TR, STM32WBA55UGI6, STM32WBA55UGI6TR, STM32WBA55UGI7, STM32WBA55UGI7TR, STM32WL5MOCH6, STM32WL5MOCH6TR]
2024-05-04 10:08:41,701 [INFO] BoardInfo:889 - No configuration file found for board P-NUCLEO-WB55
2024-05-04 10:08:41,702 [INFO] DbBoards:161 - Kit is not supported: P-NUCLEO-WB55
2024-05-04 10:08:41,714 [INFO] BoardInfo:889 - No configuration file found for board STEVAL-BFA001V1B
2024-05-04 10:08:41,714 [INFO] DbBoards:161 - Kit is not supported: STEVAL-BFA001V1B
2024-05-04 10:08:41,717 [INFO] BoardInfo:889 - No configuration file found for board STEVAL-BFA001V2B
2024-05-04 10:08:41,718 [INFO] DbBoards:161 - Kit is not supported: STEVAL-BFA001V2B
2024-05-04 10:08:42,080 [INFO] DbBoards:168 - Found 199 boards, 196 are supported
2024-05-04 10:08:42,081 [INFO] DbBoards:169 - Found 199 boards, 8 of them is supported for  Bsp
2024-05-04 10:08:42,086 [INFO] ApiDb:668 - CubeFinder database Data Model version=2.1
2024-05-04 10:08:42,086 [INFO] ApiDb:669 - CubeFinder database Configuration version=3.0.39
2024-05-04 10:08:42,087 [INFO] ApiDb:670 - CubeFinder database generation date=2024-04-15 (1713193726)
2024-05-04 10:08:42,087 [INFO] ApiDb:671 - CubeFinder database FW Pack versions=[FP-ATR-ASTRA1_V2.0.0, FP-SNS-FLIGHT1_V5.0.1, FP-SNS-FLIGHT1_V5.0.2, FP-SNS-MOTENV1_V4.3.1, FP-SNS-MOTENV1_V4.3.2, FP-SNS-MOTENVWB1_V1.3.1, FP-SNS-SMARTAG2_V1.2.0, STM32Cube_FW_C0_V1.1.0, STM32Cube_FW_F4_V1.28.0, STM32Cube_FW_F7_V1.17.0, STM32Cube_FW_G0_V1.6.2, STM32Cube_FW_G4_V1.5.2, STM32Cube_FW_H5_V0.5.1, STM32Cube_FW_H5_V1.1.1, STM32Cube_FW_H5_V1.2.0, STM32Cube_FW_H5_V1.2.0RC4, STM32Cube_FW_H7RS_V1.0.0, STM32Cube_FW_H7RS_V1.0.0RC4, STM32Cube_FW_H7_V1.11.0, STM32Cube_FW_L0_V1.12.2, STM32Cube_FW_L5_V1.5.1, STM32Cube_FW_U0_V1.0.0, STM32Cube_FW_U0_V1.0.0RC1, STM32Cube_FW_U5_V1.3.0RC4, STM32Cube_FW_U5_V1.5.0, STM32Cube_FW_U5_V1.5.0RC1, STM32Cube_FW_WBA_V1.0.0RC1, STM32Cube_FW_WBA_V1.2.0, STM32Cube_FW_WBA_V1.2.0RC2, STM32Cube_FW_WBA_V1.3.0, STM32Cube_FW_WBA_V1.3.0RC1, STM32Cube_FW_WB_V1.15.0RC1, STM32Cube_FW_WB_V1.16.0, STM32Cube_FW_WB_V1.16.0RC2, STM32Cube_FW_WB_V1.18.0, STM32Cube_FW_WB_V1.19.0, STM32Cube_FW_WL_V1.3.0, X-CUBE-ALGOBUILD_V1.3.0, X-CUBE-ALS_V1.0.1, X-CUBE-AZRTOS-F4_V1.1.0, X-CUBE-AZRTOS-F7_V1.1.0, X-CUBE-AZRTOS-G0_V1.1.0, X-CUBE-AZRTOS-G4_V2.0.0, X-CUBE-AZRTOS-H7_V3.2.0, X-CUBE-AZRTOS-L4_V1.0.0, X-CUBE-AZRTOS-L4_V2.0.0, X-CUBE-AZRTOS-L5_V1.1.0, X-CUBE-AZRTOS-WB_V2.0.0, X-CUBE-AZRTOS-WL_V2.0.0, X-CUBE-BLE1_V7.0.0, X-CUBE-BLE2_V3.3.0, X-CUBE-BLEMGR_V3.1.0, X-CUBE-EEPRMA1_V4.1.0, X-CUBE-EEPRMA1_V5.1.0, X-CUBE-FREERTOS_V1.1.0, X-CUBE-GNSS1_V6.0.0, X-CUBE-MEMS1_V10.0.0, X-CUBE-MEMS1_V9.1.0, X-CUBE-MEMS1_V9.4.0, X-CUBE-MEMS1_V9.6.0, X-CUBE-NFC4_V3.0.0, X-CUBE-NFC7_V1.0.1, X-CUBE-SFXS2LP1_V4.0.0, X-CUBE-SUBG2_V5.0.0, X-CUBE-TOF1_V3.4.0]
2024-05-04 10:08:42,588 [INFO] WebApp:779 - Register for checkConnection events
2024-05-04 10:08:42,588 [INFO] WebApp:414 - Apply proxy settings
2024-05-04 10:08:42,589 [INFO] WebApp:499 - Chromium requires no authentication
2024-05-04 10:08:42,607 [INFO] WebApp:442 - Direct internet connection detected
2024-05-04 10:08:42,963 [INFO] WebApp:192 - Starting web application
2024-05-04 10:08:42,963 [INFO] WebApp:544 - Web application path used C:\ST\STM32CubeIDE_1.14.1\STM32CubeIDE\plugins\com.st.stm32cube.common.mx_6.11.1.202404110753\db\plugins\mcufinder\reactClient1\index.html
2024-05-04 10:08:44,841 [INFO] ApiDb:240 - Found 483 in-development CPN: [B-G473E-ZEST1S, B-WB1M-WPAN1, B-WL5M-SUBG1, NUCLEO-C031C6, NUCLEO-H503RB, NUCLEO-H533RE, NUCLEO-H563ZI, NUCLEO-H7S3L8, NUCLEO-U031R8, NUCLEO-U083RC, NUCLEO-U545RE-Q, NUCLEO-U5A5ZJ-Q, NUCLEO-WBA52CG, NUCLEO-WBA55CG, STEVAL-PROTEUS1, STEVAL-SMARTAG2, STEVAL-STWINBX1, STM320518-EVAL, STM32C0116-DK, STM32C011D6Y3TR, STM32C011D6Y6TR, STM32C011F4P3, STM32C011F4P6, STM32C011F4U3, STM32C011F4U6TR, STM32C011F6P3, STM32C011F6P6, STM32C011F6U3, STM32C011F6U6TR, STM32C011J4M3, STM32C011J4M6, STM32C011J6M3, STM32C011J6M6, STM32C0316-DK, STM32C031C4T3, STM32C031C4T6, STM32C031C4U3, STM32C031C4U6, STM32C031C6T3, STM32C031C6T6, STM32C031C6U3, STM32C031C6U6, STM32C031F4P3, STM32C031F4P6, STM32C031F6P3, STM32C031F6P6, STM32C031G4U3, STM32C031G4U6, STM32C031G6U3, STM32C031G6U6, STM32C031K4T3, STM32C031K4T6, STM32C031K4U3, STM32C031K4U6, STM32C031K6T3, STM32C031K6T6, STM32C031K6U3, STM32C031K6U6, STM32G071K8TXN, STM32G071K8UXN, STM32G081GBU6N, STM32G081KBT6N, STM32G081KBUXN, STM32G0B1CCT6N, STM32G0B1KCT6, STM32G0B1NEY6TR, STM32G0B1RCT6N, STM32G0C1CCT6, STM32G0C1CCT6N, STM32G0C1CCU6N, STM32G0C1CET6N, STM32G0C1CEU6N, STM32G0C1KCT6, STM32G0C1NEY6TR, STM32G0C1RCI6N, STM32G0C1RCT6N, STM32G0C1REI6N, STM32G0C1RET6N, STM32G0C1VCI6, STM32G0C1VEI6, STM32G471CCT6, STM32G471CCU6, STM32G471CET3, STM32G471CET6, STM32G471CEU3, STM32G471CEU6, STM32G471MCT6, STM32G471MET3, STM32G471MET6, STM32G471MEY6TR, STM32G471QCT6, STM32G471QET3, STM32G471RCT6, STM32G471RET3, STM32G471RET6, STM32G471VCH6, STM32G471VCI6, STM32G471VCT6, STM32G471VEH3, STM32G471VEH6, STM32G471VEI3, STM32G471VEI6, STM32G471VET3, STM32G471VET6, STM32G474CCT6, STM32H503CBT6, STM32H503CBU6, STM32H503EBY6TR, STM32H503KBU6, STM32H503RBT6, STM32H523CCT6, STM32H523CCU6, STM32H523CET6, STM32H523CEU6, STM32H523HEY6TR, STM32H523RCT6, STM32H523RET6, STM32H523VCI6, STM32H523VCT6, STM32H523VEI6, STM32H523VET6, STM32H523ZCJ6, STM32H523ZCT6, STM32H523ZEJ6, STM32H523ZET6, STM32H533CET6, STM32H533CEU6, STM32H533HEY6TR, STM32H533RET6, STM32H533VEI6, STM32H533VET6, STM32H533ZEJ6, STM32H533ZET6, STM32H562AGI6, STM32H562AII6, STM32H562IGK6, STM32H562IGT6, STM32H562IIK6, STM32H562IIT6, STM32H562RGT6, STM32H562RGV6, STM32H562RIT6, STM32H562RIV6, STM32H562VGT6, STM32H562VIT6, STM32H562ZGT6, STM32H562ZIT6, STM32H563AGI6, STM32H563AII3Q, STM32H563AII6, STM32H563IGK6, STM32H563IGT6, STM32H563IIK3Q, STM32H563IIK6, STM32H563IIT3Q, STM32H563IIT6, STM32H563MIY3QTR, STM32H563RGT6, STM32H563RGV6, STM32H563RIT6, STM32H563RIV6, STM32H563VGT6, STM32H563VIT3Q, STM32H563VIT6, STM32H563ZGT6, STM32H563ZIT3Q, STM32H563ZIT6, STM32H573AII3Q, STM32H573AII6, STM32H573I-DK, STM32H573IIK3Q, STM32H573IIK6, STM32H573IIT3Q, STM32H573IIT6, STM32H573MIY3QTR, STM32H573RIT6, STM32H573RIV6, STM32H573VIT3Q, STM32H573VIT6, STM32H573ZIT3Q, STM32H573ZIT6, STM32H7R3A8I6, STM32H7R3I8K6, STM32H7R3I8T6, STM32H7R3L8H6, STM32H7R3L8H6H, STM32H7R3R8V6, STM32H7R3V8H6, STM32H7R3V8T6, STM32H7R3V8Y6, STM32H7R3Z8J6, STM32H7R3Z8T6, STM32H7R7A8I6, STM32H7R7I8K6, STM32H7R7I8T6, STM32H7R7L8H6, STM32H7R7L8H6H, STM32H7R7Z8J6, STM32H7S3A8I6, STM32H7S3I8K6, STM32H7S3I8T6, STM32H7S3L8H6, STM32H7S3L8H6H, STM32H7S3R8V6, STM32H7S3V8H6, STM32H7S3V8T6, STM32H7S3V8Y6, STM32H7S3Z8J6, STM32H7S3Z8T6, STM32H7S78-DK, STM32H7S7A8I6, STM32H7S7I8K6, STM32H7S7I8T6, STM32H7S7L8H6, STM32H7S7L8H6H, STM32H7S7Z8J6, STM32L4R5QGI6STR, STM32MP131AAE3, STM32MP131AAF3, STM32MP131AAG3, STM32MP131CAE3, STM32MP131CAF3, STM32MP131CAG3, STM32MP131DAE7, STM32MP131DAF7, STM32MP131DAG7, STM32MP131FAE7, STM32MP131FAF7, STM32MP131FAG7, STM32MP133AAE3, STM32MP133AAF3, STM32MP133AAG3, STM32MP133CAE3, STM32MP133CAF3, STM32MP133CAG3, STM32MP133DAE7, STM32MP133DAF7, STM32MP133DAG7, STM32MP133FAE7, STM32MP133FAF7, STM32MP133FAG7, STM32MP135AAE3, STM32MP135AAF3, STM32MP135AAG3, STM32MP135CAE3, STM32MP135CAF3, STM32MP135CAG3, STM32MP135DAE7, STM32MP135DAF7, STM32MP135DAG7, STM32MP135F-DK, STM32MP135FAE7, STM32MP135FAF7, STM32MP135FAF7T, STM32MP135FAF7U, STM32MP135FAG7, STM32U031C6T6, STM32U031C6U6, STM32U031C8T6, STM32U031C8U6, STM32U031F4P6, STM32U031F6P6, STM32U031F8P6, STM32U031G6Y6TR, STM32U031G8Y6TR, STM32U031K4U6, STM32U031K6U6, STM32U031K8U6, STM32U031R6I6, STM32U031R6T6, STM32U031R8I6, STM32U031R8T6, STM32U073C8T6, STM32U073C8U6, STM32U073CBT6, STM32U073CBU6, STM32U073CCT6, STM32U073CCU6, STM32U073H8Y6TR, STM32U073HBY6TR, STM32U073HCY6TR, STM32U073K8U6, STM32U073KBU6, STM32U073KCU6, STM32U073M8I6, STM32U073M8T6, STM32U073MBI6, STM32U073MBT6, STM32U073MCI6, STM32U073MCT6, STM32U073R8I6, STM32U073R8T6, STM32U073RBI6, STM32U073RBT6, STM32U073RCI6, STM32U073RCT6, STM32U083C-DK, STM32U083CCT6, STM32U083CCU6, STM32U083HCY6TR, STM32U083KCU6, STM32U083MCI6, STM32U083MCT6, STM32U083RCI6, STM32U083RCT6, STM32U535CBT6, STM32U535CBT6Q, STM32U535CBU6, STM32U535CBU6Q, STM32U535CCT6, STM32U535CCT6Q, STM32U535CCU6, STM32U535CCU6Q, STM32U535CET6, STM32U535CET6Q, STM32U535CEU6, STM32U535CEU6Q, STM32U535JEY6QTR, STM32U535NCY6QTR, STM32U535NEY6QTR, STM32U535RBI6, STM32U535RBI6Q, STM32U535RBT6, STM32U535RBT6Q, STM32U535RCI6, STM32U535RCI6Q, STM32U535RCT6, STM32U535RCT6Q, STM32U535REI6, STM32U535REI6Q, STM32U535RET6, STM32U535RET6Q, STM32U535VCI6, STM32U535VCI6Q, STM32U535VCT6, STM32U535VCT6Q, STM32U535VEI6, STM32U535VEI6Q, STM32U535VET6, STM32U535VET6Q, STM32U545CET6, STM32U545CET6Q, STM32U545CEU6, STM32U545CEU6Q, STM32U545JEY6QTR, STM32U545NEY6QTR, STM32U545REI6, STM32U545REI6Q, STM32U545RET6, STM32U545RET6Q, STM32U545VEI6, STM32U545VEI6Q, STM32U545VET6, STM32U545VET6Q, STM32U595AIH6, STM32U595AIH6Q, STM32U595AJH6, STM32U595AJH6Q, STM32U595QII6, STM32U595QII6Q, STM32U595QJI6, STM32U595QJI6Q, STM32U595RIT6, STM32U595RIT6Q, STM32U595RJT6, STM32U595RJT6Q, STM32U595VIT6, STM32U595VIT6Q, STM32U595VJT6, STM32U595VJT6Q, STM32U595ZIT6, STM32U595ZIT6Q, STM32U595ZIY6QTR, STM32U595ZJT6, STM32U595ZJT6Q, STM32U595ZJY6QTR, STM32U599BJY6QTR, STM32U599NIH6Q, STM32U599NJH6Q, STM32U599VIT6Q, STM32U599VJT6, STM32U599VJT6Q, STM32U599ZIT6Q, STM32U599ZIY6QTR, STM32U599ZJT6Q, STM32U599ZJY6QTR, STM32U5A5AJH6, STM32U5A5AJH6Q, STM32U5A5QII3Q , STM32U5A5QJI6, STM32U5A5QJI6Q, STM32U5A5RJT6, STM32U5A5RJT6Q, STM32U5A5VJT6, STM32U5A5VJT6Q, STM32U5A5ZJT6, STM32U5A5ZJT6Q, STM32U5A5ZJY6QTR, STM32U5A9BJY6QTR, STM32U5A9J-DK, STM32U5A9NJH6Q, STM32U5A9VJT6Q, STM32U5A9ZJT6Q, STM32U5A9ZJY6QTR, STM32U5F7VIT6, STM32U5F7VIT6Q, STM32U5F7VJT6, STM32U5F7VJT6Q, STM32U5F9BJY6QTR, STM32U5F9NJH6Q, STM32U5F9VIT6Q, STM32U5F9VJT6Q, STM32U5F9ZIJ6QTR, STM32U5F9ZIT6Q, STM32U5F9ZJJ6QTR, STM32U5F9ZJT6Q, STM32U5G7VJT6, STM32U5G7VJT6Q, STM32U5G9BJY6QTR, STM32U5G9J-DK1, STM32U5G9J-DK2, STM32U5G9NJH6Q, STM32U5G9VJT6Q, STM32U5G9ZJJ6QTR, STM32U5G9ZJT6Q, STM32WB1MMCH6, STM32WBA50KEU6, STM32WBA50KEU6TR, STM32WBA50KGU6, STM32WBA50KGU6TR, STM32WBA52CEU6, STM32WBA52CEU6TR, STM32WBA52CEU7, STM32WBA52CEU7TR, STM32WBA52CGU6, STM32WBA52CGU6TR, STM32WBA52CGU6U, STM32WBA52CGU7, STM32WBA52CGU7TR, STM32WBA52KEU6, STM32WBA52KEU6TR, STM32WBA52KGU6, STM32WBA52KGU6TR, STM32WBA54CEU6, STM32WBA54CEU6TR, STM32WBA54CEU7, STM32WBA54CEU7TR, STM32WBA54CGU6, STM32WBA54CGU6TR, STM32WBA54CGU7, STM32WBA54CGU7TR, STM32WBA54KEU6, STM32WBA54KEU6TR, STM32WBA54KEU7, STM32WBA54KEU7TR, STM32WBA54KGU6, STM32WBA54KGU6TR, STM32WBA54KGU7, STM32WBA54KGU7TR, STM32WBA55CEU6, STM32WBA55CEU6TR, STM32WBA55CEU7, STM32WBA55CEU7TR, STM32WBA55CGU6, STM32WBA55CGU6TR, STM32WBA55CGU6U, STM32WBA55CGU7, STM32WBA55CGU7TR, STM32WBA55G-DK1, STM32WBA55HEF6, STM32WBA55HEF7, STM32WBA55HGF6, STM32WBA55HGF7, STM32WBA55UEI6, STM32WBA55UEI6TR, STM32WBA55UEI7, STM32WBA55UEI7TR, STM32WBA55UGI6, STM32WBA55UGI6TR, STM32WBA55UGI7, STM32WBA55UGI7TR, STM32WL5MOCH6, STM32WL5MOCH6TR]
2024-05-04 10:08:44,849 [INFO] DbMcus:218 - Found 4096 MCUs, 4096 are supported
2024-05-04 10:08:44,855 [INFO] ApiDb:423 - Load user favorites file C:\Users\sunil/.stm32cubeide/favorites.mcus.txt: 2 item(s)
2024-05-04 10:08:44,856 [INFO] ApiDb:427 - User favorites MCUs=[STM32F103C8T6, STM32F103CBT6]
2024-05-04 10:08:44,856 [INFO] DbMcus:224 - Set 2 / 2 favorites MCUs
2024-05-04 10:08:45,227 [INFO] ApiDb:423 - Load user favorites file C:\Users\sunil/.stm32cubeide/favorites.boards.txt: 0 item(s)
2024-05-04 10:08:45,228 [INFO] ApiDb:427 - User favorites Boards=[]
2024-05-04 10:08:45,228 [INFO] DbBoards:198 - Set 0 / 0 favorites Boards
2024-05-04 10:08:45,271 [INFO] UtilMem:75 - End LoadConfig() Used Memory: 255891544 Bytes (308281344)
2024-05-04 10:08:45,494 [WARN] ThirdParty:833 - waiting for thirdparty lock release [change project]
2024-05-04 10:08:45,495 [INFO] ThirdParty:835 - entering critical section [change project]
2024-05-04 10:08:45,495 [INFO] ThirdParty:1030 - CMSIS Pack Vendor :STMicroelectronics USBPD 4.1
2024-05-04 10:08:45,495 [INFO] ThirdParty:1030 - CMSIS Pack Vendor :STMicroelectronics X-CUBE-GNSS1 6.0.0
2024-05-04 10:08:45,495 [INFO] ThirdParty:1030 - CMSIS Pack Vendor :STMicroelectronics USB_HOST 2.0.0
2024-05-04 10:08:45,495 [INFO] ThirdParty:1030 - CMSIS Pack Vendor :STMicroelectronics FP-SNS-MOTENVWB1 1.4.0
2024-05-04 10:08:45,495 [INFO] ThirdParty:1030 - CMSIS Pack Vendor :STMicroelectronics X-CUBE-AZRTOS-F4 1.1.0
2024-05-04 10:08:45,495 [INFO] ThirdParty:1030 - CMSIS Pack Vendor :STMicroelectronics LIBJPEG 8.0.0
2024-05-04 10:08:45,495 [INFO] ThirdParty:1030 - CMSIS Pack Vendor :STMicroelectronics X-CUBE-SMBUS 2.1.0
2024-05-04 10:08:45,496 [INFO] ThirdParty:1030 - CMSIS Pack Vendor :STMicroelectronics USB_DEVICE 3.0.0
2024-05-04 10:08:45,496 [INFO] ThirdParty:1030 - CMSIS Pack Vendor :STMicroelectronics X-CUBE-TCPP 4.1.0
2024-05-04 10:08:45,496 [INFO] ThirdParty:1030 - CMSIS Pack Vendor :STMicroelectronics X-CUBE-FREERTOS 1.2.0
2024-05-04 10:08:45,496 [INFO] ThirdParty:1030 - CMSIS Pack Vendor :STMicroelectronics X-CUBE-AZRTOS-WB 2.0.0
2024-05-04 10:08:45,496 [INFO] ThirdParty:1030 - CMSIS Pack Vendor :wolfSSL I-CUBE-wolfSSL 5.6.6
2024-05-04 10:08:45,496 [INFO] ThirdParty:1030 - CMSIS Pack Vendor :STMicroelectronics X-CUBE-TOUCHGFX 4.23.1
2024-05-04 10:08:45,496 [INFO] ThirdParty:1030 - CMSIS Pack Vendor :STMicroelectronics X-CUBE-TOUCHGFX 4.23.0
2024-05-04 10:08:45,496 [INFO] ThirdParty:1030 - CMSIS Pack Vendor :STMicroelectronics X-CUBE-TOUCHGFX 4.23.2
2024-05-04 10:08:45,496 [INFO] ThirdParty:1030 - CMSIS Pack Vendor :STMicroelectronics X-CUBE-AZRTOS-F7 1.1.0
2024-05-04 10:08:45,496 [INFO] ThirdParty:1030 - CMSIS Pack Vendor :STMicroelectronics X-CUBE-AZRTOS-L5 2.0.0
2024-05-04 10:08:45,496 [INFO] ThirdParty:1030 - CMSIS Pack Vendor :STMicroelectronics USB_DEVICE 2.0.0
2024-05-04 10:08:45,496 [INFO] ThirdParty:1030 - CMSIS Pack Vendor :STMicroelectronics X-CUBE-NFC6 3.1.0
2024-05-04 10:08:45,496 [INFO] ThirdParty:1030 - CMSIS Pack Vendor :ITTIA_DB I-CUBE-ITTIADB 8.8.0
2024-05-04 10:08:45,496 [INFO] ThirdParty:1030 - CMSIS Pack Vendor :STMicroelectronics FP-SNS-MOTENV1 4.3.2
2024-05-04 10:08:45,497 [INFO] ThirdParty:1030 - CMSIS Pack Vendor :STMicroelectronics X-CUBE-ALGOBUILD 1.3.0
2024-05-04 10:08:45,497 [INFO] ThirdParty:1030 - CMSIS Pack Vendor :STMicroelectronics FreeRTOS 0.0.1
2024-05-04 10:08:45,497 [INFO] ThirdParty:1030 - CMSIS Pack Vendor :STMicroelectronics X-CUBE-AZRTOS-G0 1.1.0
2024-05-04 10:08:45,497 [INFO] ThirdParty:1030 - CMSIS Pack Vendor :STMicroelectronics X-CUBE-SAFEA1 1.2.2
2024-05-04 10:08:45,497 [INFO] ThirdParty:1030 - CMSIS Pack Vendor :STMicroelectronics X-CUBE-NFC4 3.0.0
2024-05-04 10:08:45,497 [INFO] ThirdParty:1030 - CMSIS Pack Vendor :STMicroelectronics X-CUBE-SUBG2 5.0.0
2024-05-04 10:08:45,497 [INFO] ThirdParty:1030 - CMSIS Pack Vendor :STMicroelectronics STM32_WPAN 1.0.0
2024-05-04 10:08:45,497 [INFO] ThirdParty:1030 - CMSIS Pack Vendor :STMicroelectronics lwIP 2.0.3
2024-05-04 10:08:45,497 [INFO] ThirdParty:1030 - CMSIS Pack Vendor :STMicroelectronics FP-SNS-FLIGHT1 5.0.2
2024-05-04 10:08:45,497 [INFO] ThirdParty:1030 - CMSIS Pack Vendor :STMicroelectronics USB_HOST 1.0.0
2024-05-04 10:08:45,497 [INFO] ThirdParty:1030 - CMSIS Pack Vendor :STMicroelectronics X-CUBE-AI 9.0.0
2024-05-04 10:08:45,497 [INFO] ThirdParty:1030 - CMSIS Pack Vendor :STMicroelectronics X-CUBE-AZRTOS-G4 2.0.0
2024-05-04 10:08:45,497 [INFO] ThirdParty:1030 - CMSIS Pack Vendor :STMicroelectronics PDM2PCM 3.1.0
2024-05-04 10:08:45,497 [INFO] ThirdParty:1030 - CMSIS Pack Vendor :Infineon AIROC-Wi-Fi-Bluetooth-STM32 1.5.1
2024-05-04 10:08:45,497 [INFO] ThirdParty:1030 - CMSIS Pack Vendor :STMicroelectronics X-CUBE-BLEMGR 3.0.0
2024-05-04 10:08:45,497 [INFO] ThirdParty:1030 - CMSIS Pack Vendor :STMicroelectronics PDM2PCM 3.3.0
2024-05-04 10:08:45,497 [INFO] ThirdParty:1030 - CMSIS Pack Vendor :STMicroelectronics X-CUBE-DISPLAY 3.0.0
2024-05-04 10:08:45,497 [INFO] ThirdParty:1030 - CMSIS Pack Vendor :STMicroelectronics FP-SNS-MOTENVWB1 1.3.1
2024-05-04 10:08:45,497 [INFO] ThirdParty:1030 - CMSIS Pack Vendor :STMicroelectronics X-CUBE-BLE1 7.0.0
2024-05-04 10:08:45,498 [INFO] ThirdParty:1030 - CMSIS Pack Vendor :STMicroelectronics FP-ATR-SIGFOX1 3.2.0
2024-05-04 10:08:45,498 [INFO] ThirdParty:1030 - CMSIS Pack Vendor :STMicroelectronics X-CUBE-ISPU 2.0.0
2024-05-04 10:08:45,498 [INFO] ThirdParty:1030 - CMSIS Pack Vendor :STMicroelectronics X-CUBE-EEPRMA1 5.1.0
2024-05-04 10:08:45,498 [INFO] ThirdParty:1030 - CMSIS Pack Vendor :STMicroelectronics HAL Drivers 0.0.0
2024-05-04 10:08:45,498 [INFO] ThirdParty:1030 - CMSIS Pack Vendor :STMicroelectronics MBEDTLS 2.16.2
2024-05-04 10:08:45,498 [INFO] ThirdParty:1030 - CMSIS Pack Vendor :emotas I-CUBE-CANOPEN 1.3.0
2024-05-04 10:08:45,498 [INFO] ThirdParty:1030 - CMSIS Pack Vendor :STMicroelectronics X-CUBE-MEMS1 10.0.0
2024-05-04 10:08:45,498 [INFO] ThirdParty:1030 - CMSIS Pack Vendor :STMicroelectronics X-CUBE-FREERTOS 1.1.0
2024-05-04 10:08:45,498 [INFO] ThirdParty:1030 - CMSIS Pack Vendor :STMicroelectronics X-CUBE-NFC7 1.0.1
2024-05-04 10:08:45,498 [INFO] ThirdParty:1030 - CMSIS Pack Vendor :STMicroelectronics MBEDTLS 2.14.1
2024-05-04 10:08:45,498 [INFO] ThirdParty:1030 - CMSIS Pack Vendor :STMicroelectronics X-CUBE-NFC6 3.0.0
2024-05-04 10:08:45,498 [INFO] ThirdParty:1030 - CMSIS Pack Vendor :portGmbH I-Cube-SoM-uGOAL 1.1.0
2024-05-04 10:08:45,498 [INFO] ThirdParty:1030 - CMSIS Pack Vendor :STMicroelectronics X-CUBE-ALS 1.0.1
2024-05-04 10:08:45,498 [INFO] ThirdParty:1030 - CMSIS Pack Vendor :STMicroelectronics X-CUBE-BLEMGR 3.1.0
2024-05-04 10:08:45,498 [INFO] ThirdParty:1030 - CMSIS Pack Vendor :STMicroelectronics ThreadX 1.0.0
2024-05-04 10:08:45,498 [INFO] ThirdParty:1030 - CMSIS Pack Vendor :STMicroelectronics FP-SNS-SMARTAG2 1.2.0
2024-05-04 10:08:45,498 [INFO] ThirdParty:1030 - CMSIS Pack Vendor :STMicroelectronics X-CUBE-AZRTOS-WL 2.0.0
2024-05-04 10:08:45,499 [INFO] ThirdParty:1030 - CMSIS Pack Vendor :SEGGER I-CUBE-embOS 1.3.1
2024-05-04 10:08:45,499 [INFO] ThirdParty:1030 - CMSIS Pack Vendor :STMicroelectronics FP-SNS-MOTENV1 5.0.0
2024-05-04 10:08:45,499 [INFO] ThirdParty:1030 - CMSIS Pack Vendor :STMicroelectronics USB_DEVICE 1.0.0
2024-05-04 10:08:45,499 [INFO] ThirdParty:1030 - CMSIS Pack Vendor :STMicroelectronics X-CUBE-AI 8.1.0
2024-05-04 10:08:45,499 [INFO] ThirdParty:1030 - CMSIS Pack Vendor :STMicroelectronics X-CUBE-AZRTOS-H7RS 1.0.0
2024-05-04 10:08:45,499 [INFO] ThirdParty:1030 - CMSIS Pack Vendor :STMicroelectronics X-CUBE-AZRTOS-L4 2.0.0
2024-05-04 10:08:45,499 [INFO] ThirdParty:1030 - CMSIS Pack Vendor :STMicroelectronics ThreadX 0.0.2
2024-05-04 10:08:45,499 [INFO] ThirdParty:1030 - CMSIS Pack Vendor :WES I-CUBE-Cesium 1.3.0
2024-05-04 10:08:45,499 [INFO] ThirdParty:1030 - CMSIS Pack Vendor :STMicroelectronics FP-ATR-ASTRA1 2.0.0
2024-05-04 10:08:45,499 [INFO] ThirdParty:1030 - CMSIS Pack Vendor :STMicroelectronics lwIP 2.1.2
2024-05-04 10:08:45,499 [INFO] ThirdParty:1030 - CMSIS Pack Vendor :STMicroelectronics X-CUBE-SFXS2LP1 4.0.0
2024-05-04 10:08:45,499 [INFO] ThirdParty:1030 - CMSIS Pack Vendor :STMicroelectronics X-CUBE-BLE2 3.3.0
2024-05-04 10:08:45,499 [INFO] ThirdParty:1030 - CMSIS Pack Vendor :STMicroelectronics X-CUBE-TOF1 3.4.0
2024-05-04 10:08:45,499 [INFO] ThirdParty:1030 - CMSIS Pack Vendor :STMicroelectronics X-CUBE-TOF1 3.4.1
2024-05-04 10:08:45,499 [INFO] ThirdParty:1030 - CMSIS Pack Vendor :STMicroelectronics X-CUBE-AZRTOS-H7 3.2.0
2024-05-04 10:08:45,499 [INFO] ThirdParty:1030 - CMSIS Pack Vendor :STMicroelectronics PDM2PCM 3.2.0
2024-05-04 10:08:45,500 [INFO] ThirdParty:841 - exiting critical section [change project]
2024-05-04 10:08:46,347 [INFO] PinOutPanel:1561 - setPackage(No Configuration,No Configuration)
2024-05-04 10:08:46,349 [INFO] PinOutPanel:1561 - setPackage(STM32F103C8Tx,LQFP48)
2024-05-04 10:08:47,305 [INFO] UtilMem:75 - Before build in PCC Used Memory: 236710016 Bytes (308281344)
2024-05-04 10:08:48,553 [INFO] UtilMem:75 - After build in PCC Used Memory: 214457848 Bytes (308281344)
2024-05-04 10:08:48,605 [INFO] IPUIPlugin:80 - create IPUIPlugin
2024-05-04 10:08:48,605 [INFO] IPUIPlugin:80 - create IPUIPlugin
2024-05-04 10:08:48,605 [INFO] IPUIPlugin:80 - create IPUIPlugin
2024-05-04 10:08:48,606 [INFO] IPUIPlugin:80 - create IPUIPlugin
2024-05-04 10:08:48,606 [INFO] IPUIPlugin:80 - create IPUIPlugin
2024-05-04 10:08:48,606 [INFO] IPUIPlugin:80 - create IPUIPlugin
2024-05-04 10:08:48,606 [INFO] IPUIPlugin:80 - create IPUIPlugin
2024-05-04 10:08:48,606 [INFO] IPUIPlugin:80 - create IPUIPlugin
2024-05-04 10:08:48,607 [INFO] IPUIPlugin:80 - create IPUIPlugin
2024-05-04 10:08:48,607 [INFO] IPUIPlugin:80 - create IPUIPlugin
2024-05-04 10:08:48,607 [INFO] IPUIPlugin:80 - create IPUIPlugin
2024-05-04 10:08:48,607 [INFO] IPUIPlugin:80 - create IPUIPlugin
2024-05-04 10:08:48,607 [INFO] IPUIPlugin:80 - create IPUIPlugin
2024-05-04 10:08:48,608 [INFO] IPUIPlugin:80 - create IPUIPlugin
2024-05-04 10:08:48,608 [INFO] IPUIPlugin:80 - create IPUIPlugin
2024-05-04 10:08:48,610 [INFO] IPUIPlugin:80 - create IPUIPlugin
2024-05-04 10:08:48,611 [INFO] IPUIPlugin:80 - create IPUIPlugin
2024-05-04 10:08:48,612 [INFO] IPUIPlugin:80 - create IPUIPlugin
2024-05-04 10:08:48,613 [INFO] IPUIPlugin:80 - create IPUIPlugin
2024-05-04 10:08:48,613 [INFO] IPUIPlugin:80 - create IPUIPlugin
2024-05-04 10:08:48,613 [INFO] IPUIPlugin:80 - create IPUIPlugin
2024-05-04 10:08:48,614 [INFO] IPUIPlugin:80 - create IPUIPlugin
2024-05-04 10:08:48,614 [INFO] IPUIPlugin:80 - create IPUIPlugin
2024-05-04 10:08:48,614 [INFO] IPUIPlugin:80 - create IPUIPlugin
2024-05-04 10:08:48,615 [INFO] IPUIPlugin:80 - create IPUIPlugin
2024-05-04 10:08:48,615 [INFO] IPUIPlugin:80 - create IPUIPlugin
2024-05-04 10:08:48,615 [INFO] IPUIPlugin:80 - create IPUIPlugin
2024-05-04 10:08:48,954 [INFO] CADModel:165 - CPN selected for project levelSTM32F103C8T6
2024-05-04 10:08:48,954 [INFO] CADModel:114 - Register for checkConnection events
2024-05-04 10:08:48,994 [INFO] OpenFileManager:343 - Restore cursor
2024-05-04 10:09:05,622 [INFO] UtilMem:75 - End SaveConfig() Used Memory: 383625840 Bytes (508559360)
2024-05-04 10:09:05,727 [INFO] UtilMem:75 - End SaveConfig() Used Memory: 408905392 Bytes (508559360)
2024-05-04 10:09:07,244 [INFO] UtilMem:75 - End SaveConfig() Used Memory: 245617120 Bytes (508559360)
2024-05-04 10:09:07,962 [INFO] BlockDiagram:2759 - set Specific Code input for plugin: NVIC
2024-05-04 10:09:07,962 [INFO] BlockDiagram:2759 - set Specific Code input for plugin: TIM1_8F1
2024-05-04 10:09:07,962 [INFO] BlockDiagram:2759 - set Specific Code input for plugin: SYS
2024-05-04 10:09:07,963 [INFO] BlockDiagram:2759 - set Specific Code input for plugin: GPIO
2024-05-04 10:09:07,963 [INFO] BlockDiagram:2759 - set Specific Code input for plugin: RCC
2024-05-04 10:09:07,965 [INFO] CodeGenerator:807 - code generatio: config db path: C:\ST\STM32CubeIDE_1.14.1\STM32CubeIDE\plugins\com.st.stm32cube.common.mx_6.11.1.202404110753\\db\
2024-05-04 10:09:08,267 [INFO] CodeEngine:255 - oldGeneratedFile, C:\Users\sunil\OneDrive\Desktop\MSIOT_STM32CUBEIDE\NRF_DUCT\DHT11_N\MXTmpFiles\license.tmp_save
2024-05-04 10:09:08,789 [INFO] CodeEngine:279 - Generated code: C:\Users\sunil\OneDrive\Desktop\MSIOT_STM32CUBEIDE\NRF_DUCT\DHT11_N\MXTmpFiles\license.tmp
2024-05-04 10:09:08,944 [INFO] CodeEngine:255 - oldGeneratedFile, C:\Users\sunil\OneDrive\Desktop\MSIOT_STM32CUBEIDE\NRF_DUCT\DHT11_N\MXTmpFiles\gpio.tmp_save
2024-05-04 10:09:09,170 [INFO] CodeEngine:279 - Generated code: C:\Users\sunil\OneDrive\Desktop\MSIOT_STM32CUBEIDE\NRF_DUCT\DHT11_N\MXTmpFiles\gpio.tmp
2024-05-04 10:09:09,505 [INFO] CodeEngine:255 - oldGeneratedFile, C:\Users\sunil\OneDrive\Desktop\MSIOT_STM32CUBEIDE\NRF_DUCT\DHT11_N\Core\Src\stm32f1xx_it.c_save
2024-05-04 10:09:09,878 [INFO] CodeEngine:279 - Generated code: C:\Users\sunil\OneDrive\Desktop\MSIOT_STM32CUBEIDE\NRF_DUCT\DHT11_N\Core\Src\stm32f1xx_it.c
2024-05-04 10:09:09,908 [INFO] CodeEngine:255 - oldGeneratedFile, C:\Users\sunil\OneDrive\Desktop\MSIOT_STM32CUBEIDE\NRF_DUCT\DHT11_N\Core\Inc\stm32f1xx_it.h_save
2024-05-04 10:09:10,041 [INFO] CodeEngine:279 - Generated code: C:\Users\sunil\OneDrive\Desktop\MSIOT_STM32CUBEIDE\NRF_DUCT\DHT11_N\Core\Inc\stm32f1xx_it.h
2024-05-04 10:09:10,090 [INFO] CodeEngine:255 - oldGeneratedFile, C:\Users\sunil\OneDrive\Desktop\MSIOT_STM32CUBEIDE\NRF_DUCT\DHT11_N\Core\Src\stm32f1xx_hal_msp.c_save
2024-05-04 10:09:10,296 [INFO] CodeEngine:279 - Generated code: C:\Users\sunil\OneDrive\Desktop\MSIOT_STM32CUBEIDE\NRF_DUCT\DHT11_N\Core\Src\stm32f1xx_hal_msp.c
2024-05-04 10:09:10,313 [INFO] CodeEngine:255 - oldGeneratedFile, C:\Users\sunil\OneDrive\Desktop\MSIOT_STM32CUBEIDE\NRF_DUCT\DHT11_N\MXTmpFiles\system.tmp_save
2024-05-04 10:09:10,423 [INFO] CodeEngine:279 - Generated code: C:\Users\sunil\OneDrive\Desktop\MSIOT_STM32CUBEIDE\NRF_DUCT\DHT11_N\MXTmpFiles\system.tmp
2024-05-04 10:09:10,473 [INFO] CodeEngine:311 - oldGeneratedFile, C:\Users\sunil\OneDrive\Desktop\MSIOT_STM32CUBEIDE\NRF_DUCT\DHT11_N\Core\Inc\stm32f1xx_hal_conf.h_save
2024-05-04 10:09:10,690 [INFO] CodeEngine:335 - Generated code: C:\Users\sunil\OneDrive\Desktop\MSIOT_STM32CUBEIDE\NRF_DUCT\DHT11_N\Core\Inc\stm32f1xx_hal_conf.h
2024-05-04 10:09:10,759 [WARN] IPConfigManager:3513 - IP not found : TIM
2024-05-04 10:09:10,762 [WARN] CodeGenerator:3951 - IP not found : null
2024-05-04 10:09:10,799 [INFO] CodeEngine:255 - oldGeneratedFile, C:\Users\sunil\OneDrive\Desktop\MSIOT_STM32CUBEIDE\NRF_DUCT\DHT11_N\Core\Inc\main.h_save
2024-05-04 10:09:10,973 [INFO] CodeEngine:279 - Generated code: C:\Users\sunil\OneDrive\Desktop\MSIOT_STM32CUBEIDE\NRF_DUCT\DHT11_N\Core\Inc\main.h
2024-05-04 10:09:11,005 [INFO] CodeEngine:255 - oldGeneratedFile, C:\Users\sunil\OneDrive\Desktop\MSIOT_STM32CUBEIDE\NRF_DUCT\DHT11_N\Core\Src\main.c_save
2024-05-04 10:09:11,322 [INFO] CodeEngine:279 - Generated code: C:\Users\sunil\OneDrive\Desktop\MSIOT_STM32CUBEIDE\NRF_DUCT\DHT11_N\Core\Src\main.c
2024-05-04 10:09:11,940 [INFO] ProjectBuilder:3163 - Time for Copy HAL[1] : 281mS.
2024-05-04 10:09:11,948 [INFO] ProjectBuilder:4736 - Project Generator version: 4.3.0-B58
2024-05-04 10:09:12,082 [INFO] ConfigFileManager:1503 - The Die is : DIE410
2024-05-04 10:09:12,115 [INFO] ApiDbMcu:508 - Load IP Config File for FATFS
2024-05-04 10:09:12,135 [INFO] ApiDbMcu:508 - Load IP Config File for FREERTOS
2024-05-04 10:09:12,154 [INFO] ApiDbMcu:508 - Load IP Config File for USB_DEVICE
2024-05-04 10:09:13,117 [INFO] LogOutputStream:77 - [STDOUT_REDIRECT] 
2024-05-04 10:09:15,476 [INFO] ProjectBuilder:5002 - Time for Generating toolchain IDE Files: 3528mS.
2024-05-04 10:09:15,478 [INFO] ProjectBuilder:3034 - Time for Copy CMSIS : 2mS.
2024-05-04 10:09:15,483 [INFO] ProjectBuilder:3034 - Time for Copy CMSIS : 0mS.
2024-05-04 10:33:02,137 [ERROR] LogOutputStream:75 - [STDERR_REDIRECT] 
2024-05-04 10:33:02,139 [ERROR] LogOutputStream:75 - [STDERR_REDIRECT] 
2024-05-04 11:14:33,045 [INFO] Activator:176 - 


2024-05-04 11:14:33,045 [INFO] Activator:177 - !SESSION log4j initialized
2024-05-04 11:14:35,812 [INFO] LogOutputStream:77 - [STDOUT_REDIRECT] 
2024-05-04 11:14:38,501 [INFO] ApplicationProperties:184 - Using Application install path: C:\ST\STM32CubeIDE_1.14.1\STM32CubeIDE\plugins\com.st.stm32cube.common.mx_6.11.1.202404110753
2024-05-04 11:14:38,519 [INFO] DbMcusXml:78 - Set database path to: C:\ST\STM32CubeIDE_1.14.1\STM32CubeIDE\plugins\com.st.stm32cube.common.mx_6.11.1.202404110753\\db\/mcu/
2024-05-04 11:14:38,520 [INFO] ApiDb:274 - Set plugin database path to: C:\ST\STM32CubeIDE_1.14.1\STM32CubeIDE\plugins\com.st.stm32cube.common.mx_6.11.1.202404110753\\db\/plugins/boardmanager/
2024-05-04 11:14:38,520 [WARN] ApiDb:259 - Overriding images path with different value:  => C:\ST\STM32CubeIDE_1.14.1\STM32CubeIDE\plugins\com.st.stm32cube.common.mx_6.11.1.202404110753\\db\/plugins/mcufinder/images/
2024-05-04 11:14:38,527 [INFO] ApiDb:250 - Set database path to: C:\Users\sunil\.stmcufinder\plugins\mcufinder//mcu/
2024-05-04 11:14:38,529 [INFO] DbMcusAds:125 - Set database path to: C:\Users\sunil\.stmcufinder\plugins\mcufinder//mcu/
2024-05-04 11:14:38,531 [INFO] CrossReferenceDbSqlite:203 - Set database path to: C:\Users\sunil\.stmcufinder\plugins\mcufinder//mcu/cs/
2024-05-04 11:14:38,659 [INFO] RulesReader:64 - Compatibility file has been processed (297 Rules)
2024-05-04 11:14:38,784 [INFO] DbMcusXml:78 - Set database path to: C:\ST\STM32CubeIDE_1.14.1\STM32CubeIDE\plugins\com.st.stm32cube.common.mx_6.11.1.202404110753\\db\/mcu/
2024-05-04 11:14:38,784 [INFO] ApiDb:274 - Set plugin database path to: C:\ST\STM32CubeIDE_1.14.1\STM32CubeIDE\plugins\com.st.stm32cube.common.mx_6.11.1.202404110753\\db\/plugins/boardmanager/
2024-05-04 11:14:38,784 [INFO] ApiDb:261 - Set plugin images path to: C:\ST\STM32CubeIDE_1.14.1\STM32CubeIDE\plugins\com.st.stm32cube.common.mx_6.11.1.202404110753\\db\/plugins/mcufinder/images/
2024-05-04 11:14:38,785 [WARN] DbFile:41 - Overriding database path with different value: C:\Users\sunil\.stmcufinder\plugins\mcufinder/ => C:\Users\sunil\.stmcufinder\plugins\mcufinder
2024-05-04 11:14:38,785 [INFO] ApiDb:250 - Set database path to: C:\Users\sunil\.stmcufinder\plugins\mcufinder//mcu/
2024-05-04 11:14:38,786 [WARN] DbFile:41 - Overriding database path with different value: C:\Users\sunil\.stmcufinder\plugins\mcufinder/ => C:\Users\sunil\.stmcufinder\plugins\mcufinder
2024-05-04 11:14:38,786 [INFO] DbMcusAds:125 - Set database path to: C:\Users\sunil\.stmcufinder\plugins\mcufinder//mcu/
2024-05-04 11:14:38,786 [WARN] DbFile:41 - Overriding database path with different value: C:\Users\sunil\.stmcufinder\plugins\mcufinder/ => C:\Users\sunil\.stmcufinder\plugins\mcufinder
2024-05-04 11:14:38,786 [WARN] DbFile:41 - Overriding database path with different value: C:\Users\sunil\.stmcufinder\plugins\mcufinder/ => C:\Users\sunil\.stmcufinder\plugins\mcufinder
2024-05-04 11:14:38,786 [INFO] CrossReferenceDbSqlite:203 - Set database path to: C:\Users\sunil\.stmcufinder\plugins\mcufinder//mcu/cs/
2024-05-04 11:14:38,900 [INFO] MainPanel:264 - HeapMemory: 268435456
2024-05-04 11:14:39,020 [INFO] DbMcusXml:78 - Set database path to: C:\ST\STM32CubeIDE_1.14.1\STM32CubeIDE\plugins\com.st.stm32cube.common.mx_6.11.1.202404110753\\db\/mcu/
2024-05-04 11:14:39,021 [INFO] ApiDb:274 - Set plugin database path to: C:\ST\STM32CubeIDE_1.14.1\STM32CubeIDE\plugins\com.st.stm32cube.common.mx_6.11.1.202404110753\\db\/plugins/boardmanager/
2024-05-04 11:14:39,021 [INFO] ApiDb:261 - Set plugin images path to: C:\ST\STM32CubeIDE_1.14.1\STM32CubeIDE\plugins\com.st.stm32cube.common.mx_6.11.1.202404110753\\db\/plugins/mcufinder/images/
2024-05-04 11:14:39,021 [WARN] DbFile:41 - Overriding database path with different value: C:\Users\sunil\.stmcufinder\plugins\mcufinder/ => C:\Users\sunil\.stmcufinder\plugins\mcufinder
2024-05-04 11:14:39,022 [INFO] ApiDb:250 - Set database path to: C:\Users\sunil\.stmcufinder\plugins\mcufinder//mcu/
2024-05-04 11:14:39,022 [WARN] DbFile:41 - Overriding database path with different value: C:\Users\sunil\.stmcufinder\plugins\mcufinder/ => C:\Users\sunil\.stmcufinder\plugins\mcufinder
2024-05-04 11:14:39,022 [INFO] DbMcusAds:125 - Set database path to: C:\Users\sunil\.stmcufinder\plugins\mcufinder//mcu/
2024-05-04 11:14:39,022 [WARN] DbFile:41 - Overriding database path with different value: C:\Users\sunil\.stmcufinder\plugins\mcufinder/ => C:\Users\sunil\.stmcufinder\plugins\mcufinder
2024-05-04 11:14:39,022 [WARN] DbFile:41 - Overriding database path with different value: C:\Users\sunil\.stmcufinder\plugins\mcufinder/ => C:\Users\sunil\.stmcufinder\plugins\mcufinder
2024-05-04 11:14:39,022 [INFO] CrossReferenceDbSqlite:203 - Set database path to: C:\Users\sunil\.stmcufinder\plugins\mcufinder//mcu/cs/
2024-05-04 11:14:39,050 [INFO] ApplicationProperties:184 - Using Application install path: C:\ST\STM32CubeIDE_1.14.1\STM32CubeIDE\plugins\com.st.stm32cube.common.mx_6.11.1.202404110753
2024-05-04 11:14:39,052 [INFO] PluginManage:196 - Search for loadable plugins [exclusion list=, ]
2024-05-04 11:14:39,054 [INFO] PluginManage:310 - Check plugin analytics
2024-05-04 11:14:39,394 [INFO] AnalyticsPlugin:253 - Accepted Software Licenses: 
2024-05-04 11:14:39,394 [INFO] AnalyticsPlugin:255 - Accepted CMSIS Pack Licenses: 
2024-05-04 11:14:39,394 [INFO] AnalyticsPlugin:257 - Accepted Firmware Licenses: FW.F4.1.28.0,FW.F4.1.27.0
2024-05-04 11:14:39,408 [INFO] PluginManage:359 - Loaded plugin analytics (category:tool,tabindex:-1)
2024-05-04 11:14:39,408 [INFO] PluginManage:310 - Check plugin cadmodel
2024-05-04 11:14:39,471 [INFO] CADModel:105 - Init CAD model plugin
2024-05-04 11:14:39,471 [INFO] PluginManage:359 - Loaded plugin cadmodel (category:power,tabindex:5)
2024-05-04 11:14:39,472 [INFO] PluginManage:310 - Check plugin clock
2024-05-04 11:14:39,487 [INFO] PluginManage:359 - Loaded plugin clock (category:base,tabindex:2)
2024-05-04 11:14:39,487 [INFO] PluginManage:310 - Check plugin ddr
2024-05-04 11:14:39,491 [INFO] PluginManage:359 - Loaded plugin ddr (category:tool,tabindex:6)
2024-05-04 11:14:39,491 [INFO] PluginManage:310 - Check plugin filemanager
2024-05-04 11:14:39,705 [INFO] PluginManage:359 - Loaded plugin filemanager (category:base,tabindex:10)
2024-05-04 11:14:39,706 [INFO] PluginManage:310 - Check plugin ipmanager
2024-05-04 11:14:39,721 [INFO] PluginManage:359 - Loaded plugin ipmanager (category:base,tabindex:5)
2024-05-04 11:14:39,721 [INFO] PluginManage:310 - Check plugin lpbam
2024-05-04 11:14:39,737 [INFO] PluginManage:359 - Loaded plugin lpbam (category:base,tabindex:0)
2024-05-04 11:14:39,737 [INFO] PluginManage:310 - Check plugin memorymap
2024-05-04 11:14:39,759 [INFO] PluginManage:359 - Loaded plugin memorymap (category:base,tabindex:4)
2024-05-04 11:14:39,760 [INFO] PluginManage:310 - Check plugin pinoutandconfiguration
2024-05-04 11:14:39,773 [INFO] PluginManage:359 - Loaded plugin pinoutandconfiguration (category:base,tabindex:1)
2024-05-04 11:14:39,773 [INFO] PluginManage:310 - Check plugin pinoutconfig
2024-05-04 11:14:39,935 [WARN] SupportedApi:132 - Cannot load RTOS API schema: s4s-elt-must-match.1: The content of 'definitions' must match (annotation?, (simpleType | complexType)?, (unique | key | keyref)*)). A problem was found starting at: attribute.
2024-05-04 11:14:40,129 [INFO] PluginManage:359 - Loaded plugin pinoutconfig (category:base,tabindex:0)
2024-05-04 11:14:40,129 [INFO] PluginManage:310 - Check plugin power
2024-05-04 11:14:40,142 [INFO] PluginManage:359 - Loaded plugin power (category:power,tabindex:4)
2024-05-04 11:14:40,142 [INFO] PluginManage:310 - Check plugin projectmanager
2024-05-04 11:14:40,170 [INFO] PluginManage:359 - Loaded plugin projectmanager (category:projectmanager,tabindex:3)
2024-05-04 11:14:40,170 [INFO] PluginManage:310 - Check plugin thirdparty
2024-05-04 11:14:40,330 [WARN] IntegrityCheckThread:84 - waiting for thirdparty lock release [integrity check]
2024-05-04 11:14:40,331 [INFO] IntegrityCheckThread:86 - entering critical section [integrity check]
2024-05-04 11:14:40,331 [INFO] PluginManage:359 - Loaded plugin thirdparty (category:base,tabindex:-1)
2024-05-04 11:14:40,331 [INFO] PluginManage:310 - Check plugin tools
2024-05-04 11:14:40,331 [INFO] ThirdPartyUpdaterWithRetryManager:70 - Updater plugin not ready yet. [1/15]
2024-05-04 11:14:40,334 [INFO] PluginManage:359 - Loaded plugin tools (category:base,tabindex:7)
2024-05-04 11:14:40,335 [INFO] PluginManage:310 - Check plugin tutovideos
2024-05-04 11:14:40,510 [INFO] PluginManage:359 - Loaded plugin tutovideos (category:base,tabindex:-1)
2024-05-04 11:14:40,510 [INFO] PluginManage:310 - Check plugin updater
2024-05-04 11:14:40,521 [INFO] PluginManage:359 - Loaded plugin updater (category:base,tabindex:12)
2024-05-04 11:14:40,522 [INFO] PluginManage:310 - Check plugin userauth
2024-05-04 11:14:40,527 [INFO] UserAuth:114 - Init User Auth plugin
2024-05-04 11:14:40,527 [INFO] PluginManage:359 - Loaded plugin userauth (category:base,tabindex:14)
2024-05-04 11:14:40,528 [INFO] PluginManage:283 - PluginManage : Loaded plugins [17]
2024-05-04 11:14:40,783 [INFO] PinOutPanel:1561 - setPackage(No Configuration,No Configuration)
2024-05-04 11:14:40,876 [INFO] CADModel:165 - CPN selected for project level
2024-05-04 11:14:40,876 [INFO] CADModel:114 - Register for checkConnection events
2024-05-04 11:14:40,898 [INFO] IPUIPlugin:80 - create IPUIPlugin
2024-05-04 11:14:40,898 [INFO] PluginManager:220 - loadIPPluginJar : add adc
2024-05-04 11:14:40,902 [INFO] IPUIPlugin:80 - create IPUIPlugin
2024-05-04 11:14:40,902 [INFO] PluginManager:220 - loadIPPluginJar : add aes
2024-05-04 11:14:40,905 [INFO] IPUIPlugin:80 - create IPUIPlugin
2024-05-04 11:14:40,905 [INFO] PluginManager:220 - loadIPPluginJar : add can
2024-05-04 11:14:40,907 [INFO] IPUIPlugin:80 - create IPUIPlugin
2024-05-04 11:14:40,908 [INFO] PluginManager:220 - loadIPPluginJar : add comp
2024-05-04 11:14:40,910 [INFO] IPUIPlugin:80 - create IPUIPlugin
2024-05-04 11:14:40,911 [INFO] PluginManager:220 - loadIPPluginJar : add cryp
2024-05-04 11:14:40,913 [INFO] IPUIPlugin:80 - create IPUIPlugin
2024-05-04 11:14:40,913 [INFO] PluginManager:220 - loadIPPluginJar : add dfsdm
2024-05-04 11:14:40,919 [INFO] IPUIPlugin:80 - create IPUIPlugin
2024-05-04 11:14:40,920 [INFO] PluginManager:220 - loadIPPluginJar : add dma
2024-05-04 11:14:40,922 [INFO] IPUIPlugin:80 - create IPUIPlugin
2024-05-04 11:14:40,923 [INFO] PluginManager:220 - loadIPPluginJar : add dma3
2024-05-04 11:14:40,926 [INFO] IPUIPlugin:80 - create IPUIPlugin
2024-05-04 11:14:40,926 [INFO] PluginManager:220 - loadIPPluginJar : add extmemmanager
2024-05-04 11:14:40,928 [INFO] IPUIPlugin:80 - create IPUIPlugin
2024-05-04 11:14:40,928 [INFO] PluginManager:220 - loadIPPluginJar : add fatfs
2024-05-04 11:14:40,932 [INFO] IPUIPlugin:80 - create IPUIPlugin
2024-05-04 11:14:40,932 [INFO] PluginManager:220 - loadIPPluginJar : add fmc
2024-05-04 11:14:40,937 [INFO] IPUIPlugin:80 - create IPUIPlugin
2024-05-04 11:14:40,938 [INFO] PluginManager:220 - loadIPPluginJar : add freertos
2024-05-04 11:14:40,940 [INFO] IPUIPlugin:80 - create IPUIPlugin
2024-05-04 11:14:40,940 [INFO] PluginManager:220 - loadIPPluginJar : add genericplugin
2024-05-04 11:14:40,942 [INFO] IPUIPlugin:80 - create IPUIPlugin
2024-05-04 11:14:40,942 [INFO] PluginManager:220 - loadIPPluginJar : add gfxmmu
2024-05-04 11:14:40,947 [INFO] IPUIPlugin:80 - create IPUIPlugin
2024-05-04 11:14:40,947 [INFO] PluginManager:220 - loadIPPluginJar : add gic
2024-05-04 11:14:40,952 [INFO] IPUIPlugin:80 - create IPUIPlugin
2024-05-04 11:14:40,952 [INFO] PluginManager:220 - loadIPPluginJar : add gpio
2024-05-04 11:14:40,955 [INFO] IPUIPlugin:80 - create IPUIPlugin
2024-05-04 11:14:40,955 [INFO] PluginManager:220 - loadIPPluginJar : add gtzc
2024-05-04 11:14:40,958 [INFO] IPUIPlugin:80 - create IPUIPlugin
2024-05-04 11:14:40,958 [INFO] PluginManager:220 - loadIPPluginJar : add hash
2024-05-04 11:14:40,961 [INFO] IPUIPlugin:80 - create IPUIPlugin
2024-05-04 11:14:40,961 [INFO] PluginManager:220 - loadIPPluginJar : add i2c
2024-05-04 11:14:40,963 [INFO] IPUIPlugin:80 - create IPUIPlugin
2024-05-04 11:14:40,963 [INFO] PluginManager:220 - loadIPPluginJar : add i2s
2024-05-04 11:14:40,966 [INFO] IPUIPlugin:80 - create IPUIPlugin
2024-05-04 11:14:40,966 [INFO] PluginManager:220 - loadIPPluginJar : add i3c
2024-05-04 11:14:40,970 [INFO] IPUIPlugin:80 - create IPUIPlugin
2024-05-04 11:14:40,970 [INFO] PluginManager:220 - loadIPPluginJar : add ipddr
2024-05-04 11:14:40,978 [INFO] IPUIPlugin:80 - create IPUIPlugin
2024-05-04 11:14:40,978 [INFO] PluginManager:220 - loadIPPluginJar : add linkedlist
2024-05-04 11:14:40,982 [INFO] IPUIPlugin:80 - create IPUIPlugin
2024-05-04 11:14:40,982 [INFO] PluginManager:220 - loadIPPluginJar : add lorawan
2024-05-04 11:14:40,984 [INFO] IPUIPlugin:80 - create IPUIPlugin
2024-05-04 11:14:40,984 [INFO] PluginManager:220 - loadIPPluginJar : add ltdc
2024-05-04 11:14:40,991 [INFO] IPUIPlugin:80 - create IPUIPlugin
2024-05-04 11:14:40,992 [INFO] PluginManager:220 - loadIPPluginJar : add mdma
2024-05-04 11:14:40,996 [INFO] IPUIPlugin:80 - create IPUIPlugin
2024-05-04 11:14:40,996 [INFO] PluginManager:220 - loadIPPluginJar : add nvic
2024-05-04 11:14:41,000 [INFO] IPUIPlugin:80 - create IPUIPlugin
2024-05-04 11:14:41,000 [INFO] PluginManager:220 - loadIPPluginJar : add opamp
2024-05-04 11:14:41,003 [INFO] IPUIPlugin:80 - create IPUIPlugin
2024-05-04 11:14:41,004 [INFO] PluginManager:220 - loadIPPluginJar : add openamp
2024-05-04 11:14:41,007 [INFO] IPUIPlugin:80 - create IPUIPlugin
2024-05-04 11:14:41,007 [INFO] PluginManager:220 - loadIPPluginJar : add pdm2pcm
2024-05-04 11:14:41,014 [INFO] IPUIPlugin:80 - create IPUIPlugin
2024-05-04 11:14:41,017 [INFO] PluginManager:220 - loadIPPluginJar : add plateformsettings
2024-05-04 11:14:41,020 [INFO] IPUIPlugin:80 - create IPUIPlugin
2024-05-04 11:14:41,020 [INFO] PluginManager:220 - loadIPPluginJar : add quadspi
2024-05-04 11:14:41,024 [INFO] IPUIPlugin:80 - create IPUIPlugin
2024-05-04 11:14:41,024 [INFO] PluginManager:220 - loadIPPluginJar : add resmgrutility
2024-05-04 11:14:41,029 [INFO] IPUIPlugin:80 - create IPUIPlugin
2024-05-04 11:14:41,029 [INFO] PluginManager:220 - loadIPPluginJar : add sai
2024-05-04 11:14:41,032 [INFO] IPUIPlugin:80 - create IPUIPlugin
2024-05-04 11:14:41,032 [INFO] PluginManager:220 - loadIPPluginJar : add spi
2024-05-04 11:14:41,038 [INFO] IPUIPlugin:80 - create IPUIPlugin
2024-05-04 11:14:41,038 [INFO] PluginManager:220 - loadIPPluginJar : add stm32_wpan
2024-05-04 11:14:41,041 [INFO] IPUIPlugin:80 - create IPUIPlugin
2024-05-04 11:14:41,041 [INFO] PluginManager:220 - loadIPPluginJar : add tim
2024-05-04 11:14:41,044 [INFO] IPUIPlugin:80 - create IPUIPlugin
2024-05-04 11:14:41,044 [INFO] PluginManager:220 - loadIPPluginJar : add touchsensing
2024-05-04 11:14:41,047 [INFO] IPUIPlugin:80 - create IPUIPlugin
2024-05-04 11:14:41,047 [INFO] PluginManager:220 - loadIPPluginJar : add tracer_emb
2024-05-04 11:14:41,050 [INFO] IPUIPlugin:80 - create IPUIPlugin
2024-05-04 11:14:41,050 [INFO] PluginManager:220 - loadIPPluginJar : add ts
2024-05-04 11:14:41,052 [INFO] IPUIPlugin:80 - create IPUIPlugin
2024-05-04 11:14:41,052 [INFO] PluginManager:220 - loadIPPluginJar : add tsc
2024-05-04 11:14:41,054 [INFO] IPUIPlugin:80 - create IPUIPlugin
2024-05-04 11:14:41,055 [INFO] PluginManager:220 - loadIPPluginJar : add ucpd
2024-05-04 11:14:41,058 [INFO] IPUIPlugin:80 - create IPUIPlugin
2024-05-04 11:14:41,058 [INFO] PluginManager:220 - loadIPPluginJar : add usart
2024-05-04 11:14:41,061 [INFO] IPUIPlugin:80 - create IPUIPlugin
2024-05-04 11:14:41,061 [INFO] PluginManager:220 - loadIPPluginJar : add usbx
2024-05-04 11:14:41,200 [INFO] CADModel:165 - CPN selected for project level
2024-05-04 11:14:41,200 [INFO] CADModel:114 - Register for checkConnection events
2024-05-04 11:14:41,201 [FATAL] Updater:308 - Updater called before beeing initialized
2024-05-04 11:14:41,201 [ERROR] CADModel:125 - Updater not yet initialized, retry later 
2024-05-04 11:14:41,339 [INFO] CADModel:165 - CPN selected for project level
2024-05-04 11:14:41,339 [INFO] CADModel:114 - Register for checkConnection events
2024-05-04 11:14:41,339 [FATAL] Updater:308 - Updater called before beeing initialized
2024-05-04 11:14:41,340 [ERROR] CADModel:125 - Updater not yet initialized, retry later 
2024-05-04 11:14:41,343 [FATAL] Updater:308 - Updater called before beeing initialized
2024-05-04 11:14:41,489 [FATAL] Updater:308 - Updater called before beeing initialized
2024-05-04 11:14:41,498 [INFO] DbMcusAds:53 - JSON generation date=Thu May 02 12:37:29 GST 2024 (1714639049318)
2024-05-04 11:14:41,499 [FATAL] Updater:308 - Updater called before beeing initialized
2024-05-04 11:14:41,539 [WARN] DetailPanel:346 - Failed to get advertising image, set to default
2024-05-04 11:14:41,673 [FATAL] Updater:308 - Updater called before beeing initialized
2024-05-04 11:14:41,675 [FATAL] Updater:308 - Updater called before beeing initialized
2024-05-04 11:14:41,675 [FATAL] Updater:308 - Updater called before beeing initialized
2024-05-04 11:14:41,675 [WARN] DetailPanel:346 - Failed to get advertising image, set to default
2024-05-04 11:14:41,676 [FATAL] Updater:308 - Updater called before beeing initialized
2024-05-04 11:14:41,787 [ERROR] Updater:1120 - MainUpdater not yet initialized. External WinMGr cannot be set.
2024-05-04 11:14:41,790 [INFO] Updater:1056 - Updater Version found : 6.11.1
2024-05-04 11:14:41,812 [INFO] ApplicationProperties:184 - Using Application install path: C:\ST\STM32CubeIDE_1.14.1\STM32CubeIDE\plugins\com.st.stm32cube.common.mx_6.11.1.202404110753
2024-05-04 11:14:43,333 [INFO] ThirdPartyUpdaterWithRetryManager:70 - Updater plugin not ready yet. [2/15]
2024-05-04 11:14:43,390 [ERROR] LogOutputStream:75 - [STDERR_REDIRECT] May 04, 2024 11:14:43 AM java.util.prefs.WindowsPreferences <init>
2024-05-04 11:14:43,393 [ERROR] LogOutputStream:75 - [STDERR_REDIRECT] WARNING: Could not open/create prefs root node Software\JavaSoft\Prefs at root 0xffffffff80000002. Windows RegCreateKeyEx(...) returned error code 5.
2024-05-04 11:14:43,393 [ERROR] LogOutputStream:75 - [STDERR_REDIRECT] 
2024-05-04 11:14:44,583 [INFO] MainUpdater:2873 - connection check result : 10
2024-05-04 11:14:44,584 [INFO] MainUpdater:290 - Updater Check For Update Now.
2024-05-04 11:14:44,585 [INFO] MicroXplorer:498 - Change Database Version : DB.6.0.111
2024-05-04 11:14:44,595 [INFO] McuFinderGlobals:63 - Set McuFinder mode to 2 (CubeIDE integrated)
2024-05-04 11:14:44,605 [INFO] UserAuth:415 - Internet connection configuration mode: 1
2024-05-04 11:14:44,628 [INFO] JxBrowserEngine:152 - Initiate JxBrowser Engine with user profile folder
2024-05-04 11:14:44,812 [INFO] CheckServerUpdateThread:120 - End of CheckServer Thread
2024-05-04 11:14:45,530 [INFO] WebApp:161 - Instantiating new browser for Auth
2024-05-04 11:14:46,594 [INFO] WebApp:779 - Register for checkConnection events
2024-05-04 11:14:46,594 [INFO] WebApp:414 - Apply proxy settings
2024-05-04 11:14:46,595 [INFO] WebApp:499 - Chromium requires no authentication
2024-05-04 11:14:46,647 [INFO] WebApp:442 - Direct internet connection detected
2024-05-04 11:14:46,774 [WARN] PackLoader:240 - Cannot read IP mode file for STMicroelectronics.FP-SNS-MOTENVWB1.1.4.0
2024-05-04 11:14:46,792 [WARN] PackLoader:240 - Cannot read IP mode file for STMicroelectronics.X-CUBE-SMBUS.2.1.0
2024-05-04 11:14:46,801 [WARN] PackLoader:240 - Cannot read IP mode file for STMicroelectronics.X-CUBE-TOUCHGFX.4.23.1
2024-05-04 11:14:46,806 [WARN] PackLoader:240 - Cannot read IP mode file for STMicroelectronics.X-CUBE-TOUCHGFX.4.23.0
2024-05-04 11:14:46,811 [WARN] PackLoader:240 - Cannot read IP mode file for STMicroelectronics.X-CUBE-TOUCHGFX.4.23.2
2024-05-04 11:14:46,859 [WARN] PackLoader:240 - Cannot read IP mode file for STMicroelectronics.X-CUBE-AZRTOS-F7.1.1.0
2024-05-04 11:14:46,874 [WARN] PackLoader:240 - Cannot read IP mode file for STMicroelectronics.FP-SNS-MOTENV1.4.3.2
2024-05-04 11:14:46,885 [WARN] PackLoader:240 - Cannot read IP mode file for STMicroelectronics.FP-SNS-FLIGHT1.5.0.2
2024-05-04 11:14:46,897 [WARN] PackLoader:240 - Cannot read IP mode file for STMicroelectronics.X-CUBE-DISPLAY.3.0.0
2024-05-04 11:14:46,918 [WARN] PackLoader:240 - Cannot read IP mode file for STMicroelectronics.X-CUBE-BLE1.7.0.0
2024-05-04 11:14:46,927 [WARN] PackLoader:240 - Cannot read IP mode file for emotas.I-CUBE-CANOPEN.1.3.0
2024-05-04 11:14:46,945 [WARN] PackLoader:240 - Cannot read IP mode file for STMicroelectronics.X-CUBE-BLEMGR.3.1.0
2024-05-04 11:14:46,958 [WARN] PackLoader:240 - Cannot read IP mode file for STMicroelectronics.FP-SNS-SMARTAG2.1.2.0
2024-05-04 11:14:46,976 [INFO] LogOutputStream:77 - [STDOUT_REDIRECT] 1 : Invalid condition id : UX_CORESTACK_Condition cause : null
2024-05-04 11:14:46,977 [INFO] LogOutputStream:77 - [STDOUT_REDIRECT] 1 : Invalid condition id : UX_CORESTACK_Condition cause : null
2024-05-04 11:14:46,979 [INFO] LogOutputStream:77 - [STDOUT_REDIRECT] 1 : Invalid condition id : UX_CORESTACK_Condition cause : null
2024-05-04 11:14:46,981 [INFO] LogOutputStream:77 - [STDOUT_REDIRECT] 1 : Invalid condition id : UX_CORESTACK_Condition cause : null
2024-05-04 11:14:46,983 [INFO] LogOutputStream:77 - [STDOUT_REDIRECT] 1 : Invalid condition id : UX_CORESTACK_Condition cause : null
2024-05-04 11:14:46,989 [WARN] PackLoader:240 - Cannot read IP mode file for STMicroelectronics.X-CUBE-AZRTOS-WL.2.0.0
2024-05-04 11:14:46,999 [WARN] PackLoader:240 - Cannot read IP mode file for STMicroelectronics.FP-SNS-MOTENV1.5.0.0
2024-05-04 11:14:47,017 [WARN] PackLoader:240 - Cannot read IP mode file for WES.I-CUBE-Cesium.1.3.0
2024-05-04 11:14:47,025 [WARN] PackLoader:240 - Cannot read IP mode file for STMicroelectronics.X-CUBE-BLE2.3.3.0
2024-05-04 11:14:47,035 [WARN] PackLoader:240 - Cannot read IP mode file for STMicroelectronics.X-CUBE-TCPP.4.1.0
2024-05-04 11:14:47,046 [WARN] PackLoader:240 - Cannot read IP mode file for STMicroelectronics.X-CUBE-ALGOBUILD.1.3.0
2024-05-04 11:14:47,058 [INFO] WebApp:192 - Starting web application
2024-05-04 11:14:47,059 [INFO] WebApp:544 - Web application path used C:\ST\STM32CubeIDE_1.14.1\STM32CubeIDE\plugins\com.st.stm32cube.common.mx_6.11.1.202404110753\db\plugins\mcufinder\reactClient1\index.html
2024-05-04 11:14:47,073 [WARN] PackLoader:240 - Cannot read IP mode file for STMicroelectronics.X-CUBE-AZRTOS-G0.1.1.0
2024-05-04 11:14:47,085 [WARN] PackLoader:240 - Cannot read IP mode file for STMicroelectronics.X-CUBE-SAFEA1.1.2.2
2024-05-04 11:14:47,095 [WARN] PackLoader:240 - Cannot read IP mode file for STMicroelectronics.X-CUBE-NFC4.3.0.0
2024-05-04 11:14:47,110 [WARN] PackLoader:240 - Cannot read IP mode file for STMicroelectronics.X-CUBE-BLEMGR.3.0.0
2024-05-04 11:14:47,118 [WARN] PackLoader:240 - Cannot read IP mode file for STMicroelectronics.FP-ATR-SIGFOX1.3.2.0
2024-05-04 11:14:47,136 [WARN] PackLoader:240 - Cannot read IP mode file for STMicroelectronics.X-CUBE-EEPRMA1.5.1.0
2024-05-04 11:14:47,185 [WARN] PackLoader:240 - Cannot read IP mode file for SEGGER.I-CUBE-embOS.1.3.1
2024-05-04 11:14:47,242 [WARN] PackLoader:240 - Cannot read IP mode file for STMicroelectronics.X-CUBE-GNSS1.6.0.0
2024-05-04 11:14:47,267 [WARN] PackLoader:240 - Cannot read IP mode file for STMicroelectronics.X-CUBE-AZRTOS-F4.1.1.0
2024-05-04 11:14:47,281 [WARN] PackLoader:240 - Cannot read IP mode file for STMicroelectronics.X-CUBE-FREERTOS.1.2.0
2024-05-04 11:14:47,288 [WARN] PackLoader:240 - Cannot read IP mode file for wolfSSL.I-CUBE-wolfSSL.5.6.6
2024-05-04 11:14:47,313 [WARN] PackLoader:240 - Cannot read IP mode file for STMicroelectronics.X-CUBE-AZRTOS-L5.2.0.0
2024-05-04 11:14:47,327 [WARN] PackLoader:240 - Cannot read IP mode file for STMicroelectronics.X-CUBE-NFC6.3.1.0
2024-05-04 11:14:47,339 [WARN] PackLoader:240 - Cannot read IP mode file for ITTIA_DB.I-CUBE-ITTIADB.8.8.0
2024-05-04 11:14:47,346 [WARN] PackLoader:240 - Cannot read IP mode file for STMicroelectronics.X-CUBE-AI.9.0.0
2024-05-04 11:14:47,353 [WARN] PackLoader:240 - Cannot read IP mode file for STMicroelectronics.X-CUBE-NFC7.1.0.1
2024-05-04 11:14:47,365 [WARN] PackLoader:240 - Cannot read IP mode file for STMicroelectronics.X-CUBE-NFC6.3.0.0
2024-05-04 11:14:47,374 [WARN] PackLoader:240 - Cannot read IP mode file for STMicroelectronics.X-CUBE-AI.8.1.0
2024-05-04 11:14:47,409 [WARN] ConditionMgr:438 - getConditionDescription Invalid condition id : LAN8742 Phy interface Condition cause : null
2024-05-04 11:14:47,410 [WARN] PackLoader:240 - Cannot read IP mode file for STMicroelectronics.X-CUBE-AZRTOS-L4.2.0.0
2024-05-04 11:14:47,413 [WARN] ConditionMgr:1039 - genDependencies : Invalid condition id : LAN8742 Phy interface Condition cause : null
2024-05-04 11:14:47,414 [WARN] ConditionMgr:1039 - genDependencies : Invalid condition id : LAN8742 Phy interface Condition cause : null
2024-05-04 11:14:47,416 [WARN] ConditionMgr:1039 - genDependencies : Invalid condition id : LAN8742 Phy interface Condition cause : null
2024-05-04 11:14:47,429 [WARN] PackLoader:240 - Cannot read IP mode file for STMicroelectronics.X-CUBE-SFXS2LP1.4.0.0
2024-05-04 11:14:47,458 [WARN] ConditionMgr:438 - getConditionDescription Invalid condition id : UX DEVICE CLASS RTOS Condition cause : null
2024-05-04 11:14:47,458 [WARN] ConditionMgr:438 - getConditionDescription Invalid condition id : UX DEVICE CLASS RTOS Condition cause : null
2024-05-04 11:14:47,462 [WARN] PackLoader:240 - Cannot read IP mode file for STMicroelectronics.X-CUBE-AZRTOS-WB.2.0.0
2024-05-04 11:14:47,464 [WARN] ConditionMgr:1039 - genDependencies : Invalid condition id : UX DEVICE CLASS RTOS Condition cause : null
2024-05-04 11:14:47,465 [WARN] ConditionMgr:1039 - genDependencies : Invalid condition id : UX DEVICE CLASS RTOS Condition cause : null
2024-05-04 11:14:47,466 [WARN] ConditionMgr:1039 - genDependencies : Invalid condition id : UX DEVICE CLASS RTOS Condition cause : null
2024-05-04 11:14:47,467 [WARN] ConditionMgr:1039 - genDependencies : Invalid condition id : UX DEVICE CLASS RTOS Condition cause : null
2024-05-04 11:14:47,467 [WARN] ConditionMgr:1039 - genDependencies : Invalid condition id : UX DEVICE CLASS RTOS Condition cause : null
2024-05-04 11:14:47,488 [WARN] PackLoader:240 - Cannot read IP mode file for STMicroelectronics.X-CUBE-SUBG2.5.0.0
2024-05-04 11:14:47,526 [WARN] PackLoader:240 - Cannot read IP mode file for STMicroelectronics.X-CUBE-AZRTOS-G4.2.0.0
2024-05-04 11:14:47,561 [WARN] PackLoader:240 - Cannot read IP mode file for Infineon.AIROC-Wi-Fi-Bluetooth-STM32.1.5.1
2024-05-04 11:14:47,573 [WARN] PackLoader:240 - Cannot read IP mode file for STMicroelectronics.FP-SNS-MOTENVWB1.1.3.1
2024-05-04 11:14:47,580 [WARN] PackLoader:240 - Cannot read IP mode file for STMicroelectronics.X-CUBE-ISPU.2.0.0
2024-05-04 11:14:47,649 [WARN] PackLoader:240 - Cannot read IP mode file for STMicroelectronics.X-CUBE-MEMS1.10.0.0
2024-05-04 11:14:47,883 [WARN] PackLoader:240 - Cannot read IP mode file for STMicroelectronics.X-CUBE-FREERTOS.1.1.0
2024-05-04 11:14:47,898 [WARN] PackLoader:240 - Cannot read IP mode file for portGmbH.I-Cube-SoM-uGOAL.1.1.0
2024-05-04 11:14:47,912 [WARN] PackLoader:240 - Cannot read IP mode file for STMicroelectronics.X-CUBE-ALS.1.0.1
2024-05-04 11:14:47,945 [WARN] PackLoader:240 - Cannot read IP mode file for STMicroelectronics.X-CUBE-AZRTOS-H7RS.1.0.0
2024-05-04 11:14:47,954 [WARN] PackLoader:240 - Cannot read IP mode file for STMicroelectronics.FP-ATR-ASTRA1.2.0.0
2024-05-04 11:14:47,970 [WARN] PackLoader:240 - Cannot read IP mode file for STMicroelectronics.X-CUBE-TOF1.3.4.0
2024-05-04 11:14:48,004 [WARN] PackLoader:240 - Cannot read IP mode file for STMicroelectronics.X-CUBE-TOF1.3.4.1
2024-05-04 11:14:48,055 [WARN] PackLoader:240 - Cannot read IP mode file for STMicroelectronics.X-CUBE-AZRTOS-H7.3.2.0
2024-05-04 11:14:48,060 [INFO] ThirdParty:978 - Integrity check success = true
2024-05-04 11:14:48,060 [INFO] IntegrityCheckThread:100 - exiting critical section [integrity check]
2024-05-04 11:14:48,061 [INFO] IntegrityCheckThread:103 - End integrity checks thread
